[SZ] Reading SZ configuration file (sz.config) ...
func: SZ_compress_double_1D_MDQ at file: src/sz_double.c
func: optimize_intervals_double_1D at file: src/sz_double.c
0
0
527
534
512
522
503
505
515
539
521
483
493
536
536
486
516
568
516
501
494
472
485
478
526
399
552
504
580
559
518
485
487
550
551
515
485
472
500
491
542
504
526
555
595
525
487
461
492
489
486
503
535
563
555
561
517
458
457
486
565
577
607
531
472
527
469
533
487
532
440
421
462
503
426
476
447
553
569
465
555
484
553
547
611
582
453
415
519
620
602
496
428
441
463
511
550
535
559
621
580
479
481
553
563
504
451
454
495
576
583
575
526
494
457
464
549
626
601
490
423
437
482
546
580
553
430
331
387
459
421
362
445
608
619
527
522
624
547
570
618
515
364
389
561
668
597
451
414
462
508
542
553
579
620
597
505
492
609
669
591
449
361
374
449
525
578
607
534
474
515
544
540
580
599
517
397
363
388
505
632
638
482
303
333
448
437
334
354
553
677
602
561
672
522
494
569
584
467
359
435
601
657
521
394
441
580
597
515
552
633
606
538
508
604
721
675
514
362
308
338
401
477
580
582
463
486
615
607
581
588
557
458
367
300
362
580
702
576
334
312
475
509
394
303
411
591
618
600
649
545
479
472
597
595
498
423
499
624
589
430
383
552
703
549
444
587
631
553
510
535
675
735
635
477
363
315
320
373
420
484
590
528
433
546
620
638
642
590
487
385
271
262
481
716
686
418
298
489
609
484
330
350
488
546
540
630
540
491
429
555
634
568
499
499
609
641
499
390
459
664
665
443
460
641
620
502
441
523
677
733
655
471
353
319
323
386
450
549
639
478
400
475
564
648
642
560
426
282
208
375
662
800
612
351
412
636
597
377
331
444
487
440
460
613
415
563
494
592
576
487
500
639
723
596
432
424
527
645
580
432
555
726
619
388
340
494
704
816
618
361
348
378
393
472
476
507
661
642
413
312
385
499
590
626
550
393
258
297
532
792
785
535
356
486
626
509
382
428
450
417
363
393
566
631
519
495
561
510
430
586
784
682
423
425
548
562
575
490
495
690
789
586
288
228
498
849
806
396
284
421
473
551
432
420
537
701
607
346
254
352
466
620
663
615
477
317
316
595
768
689
469
325
473
577
582
525
439
387
403
304
392
708
600
417
529
608
513
461
674
746
393
250
663
721
530
449
446
579
698
881
723
111
72
619
916
611
265
397
437
614
707
385
321
288
563
729
557
314
335
392
586
651
663
674
566
277
373
564
585
579
379
391
446
602
707
602
376
445
335
325
794
447
474
367
309
572
626
676
649
542
633
462
559
452
650
515
545
435
270
233
261
709
843
827
686
419
488
450
424
396
556
568
513
506
556
481
628
831
962
827
309
142
0
276
508
566
671
739
701
393
333
401
612
581
474
463
428
660
708
715
389
297
440
463
253
190
452
588
711
579
652
463
469
470
533
506
370
513
556
632
454
453
558
455
522
475
844
794
476
387
516
457
522
439
520
353
480
589
508
420
478
521
489
385
425
504
442
570
598
825
558
434
461
596
568
401
425
331
502
563
640
381
443
326
230
432
709
790
731
645
648
636
537
523
522
378
316
403
399
258
285
590
906
964
748
485
377
438
450
377
504
655
509
401
531
553
484
680
911
931
694
268
41
143
390
459
484
668
766
500
220
385
690
744
710
584
391
466
631
698
632
449
280
407
512
402
237
242
468
654
637
621
490
376
485
595
567
450
472
582
565
423
265
303
448
428
474
825
0
726
422
465
634
629
547
515
401
390
500
465
353
433
551
532
438
392
409
383
336
461
720
760
557
499
649
643
455
404
428
423
554
615
549
259
386
329
182
327
664
825
803
721
692
685
577
522
534
318
80
243
480
427
388
635
930
936
704
507
403
415
513
436
409
597
590
438
510
638
589
572
619
634
724
549
259
266
392
390
350
528
750
635
260
227
570
747
774
784
608
490
536
566
641
667
436
371
446
529
501
326
251
408
581
648
604
416
372
517
590
527
525
526
408
313
235
168
296
459
505
674
942
951
625
352
447
751
793
669
555
480
467
401
279
314
488
556
531
459
405
377
311
320
495
650
630
587
680
688
458
322
452
480
474
647
641
517
223
337
351
206
262
574
756
800
820
780
722
604
496
504
374
28
28
380
488
476
682
993
995
687
483
473
449
496
480
329
423
607
613
607
642
632
577
518
377
417
570
442
407
604
576
341
353
627
738
511
224
287
467
529
637
724
702
720
667
623
698
842
584
410
324
453
582
464
298
320
435
497
615
648
438
358
503
585
679
645
292
116
244
278
244
324
443
552
688
836
798
477
261
541
908
859
629
519
518
448
382
353
433
495
531
541
473
451
406
300
366
489
494
534
687
727
514
318
427
539
421
515
764
696
92
213
364
504
396
328
521
670
695
826
920
829
674
487
403
368
107
0
205
442
527
685
915
0
845
569
513
503
425
404
287
265
481
669
745
677
586
518
449
394
322
423
531
458
608
819
638
371
445
644
675
445
240
273
278
273
464
730
869
913
817
702
741
893
761
472
255
318
460
368
336
540
591
355
303
629
628
301
291
489
764
942
550
126
264
391
263
185
220
361
521
648
729
623
386
426
805
1000
706
365
367
453
508
593
574
517
505
554
499
469
532
402
282
383
419
410
542
669
569
417
514
654
474
328
559
771
598
0
25
278
635
713
581
576
622
625
744
943
947
759
499
290
291
191
37
197
421
550
647
742
851
913
745
529
515
450
376
281
232
381
554
728
765
631
529
416
362
338
297
484
555
486
705
866
663
445
456
583
590
399
370
363
211
172
537
877
943
942
722
540
648
846
1005
604
295
193
283
225
229
668
959
551
100
284
611
400
153
255
576
993
927
433
387
511
253
65
108
243
428
539
561
535
515
565
753
0
981
392
87
257
416
608
766
678
601
608
493
358
507
599
431
344
357
354
447
556
505
379
492
782
722
386
335
541
636
461
214
0
27
513
869
905
751
611
576
702
834
857
737
483
234
240
286
183
367
623
628
560
505
557
748
872
649
461
445
408
310
242
376
517
676
839
752
582
504
497
435
184
179
469
446
428
736
874
682
430
362
510
547
545
597
480
276
323
723
891
908
720
334
309
579
842
0
729
438
274
201
156
145
526
0
876
239
120
406
496
261
130
286
659
937
743
553
618
384
44
58
256
436
465
377
324
460
733
860
972
0
730
84
58
297
389
627
732
666
681
555
298
369
681
731
557
374
245
311
532
580
388
298
590
905
714
383
371
500
560
482
531
0
0
198
764
0
966
628
513
642
705
598
491
405
277
256
343
313
527
933
941
667
356
247
458
810
881
589
394
333
262
214
323
489
684
961
961
643
403
551
770
457
0
56
314
276
474
858
974
730
331
215
421
607
730
706
578
447
480
739
858
741
246
49
341
617
806
0
756
391
484
567
385
206
297
728
849
405
202
401
592
532
307
199
283
522
721
701
645
545
300
174
224
395
450
265
161
344
713
925
892
895
850
409
75
241
338
401
554
583
632
643
385
269
580
899
863
584
287
152
339
643
662
399
284
629
935
695
396
418
534
563
495
537
45
0
0
534
0
0
609
351
496
584
468
301
271
364
377
348
338
546
972
0
1020
583
101
179
640
962
846
503
249
151
183
278
419
596
941
0
913
378
247
725
876
235
0
3
203
393
784
0
0
724
108
0
315
595
731
699
718
628
627
809
769
319
0
208
541
543
590
0
811
234
366
834
861
536
374
402
425
250
209
485
743
764
628
432
257
187
392
671
679
595
606
602
385
171
281
261
122
330
643
704
697
717
683
557
319
191
307
408
494
553
612
674
547
286
267
662
979
857
549
281
229
485
752
714
362
232
640
908
673
432
519
576
445
425
605
88
0
0
278
0
0
755
158
161
392
508
472
338
339
443
437
361
496
795
972
0
992
337
0
443
950
968
635
239
33
182
404
538
567
696
0
0
661
123
285
763
602
0
0
101
370
822
0
0
0
393
0
0
172
511
723
796
870
788
765
843
572
167
244
534
451
174
236
606
848
374
193
573
864
823
684
585
334
92
107
477
785
711
613
623
488
254
214
596
631
577
683
920
871
309
17
135
102
244
633
507
319
550
743
587
458
248
152
375
599
705
791
841
678
444
118
72
542
841
804
601
378
442
675
789
666
289
223
618
828
676
565
646
484
285
456
828
0
0
0
126
0
0
0
352
0
44
479
767
670
371
252
414
486
495
635
758
888
0
753
153
254
852
1007
643
214
0
94
587
920
847
531
634
0
935
223
53
326
559
247
0
156
286
676
0
0
0
0
753
0
0
0
164
611
881
925
895
669
627
764
610
578
761
538
49
0
0
354
583
344
350
537
684
789
899
786
405
187
374
760
602
230
338
560
425
265
435
817
664
473
566
821
1001
755
331
190
88
8
385
468
125
255
715
759
612
454
142
173
505
759
912
0
926
612
345
0
0
306
641
779
624
534
713
781
746
674
328
227
514
723
778
763
641
395
356
574
849
0
0
0
15
935
0
0
878
116
0
222
740
836
527
187
272
534
595
552
641
757
910
864
482
312
703
969
612
156
0
31
630
0
0
701
307
635
990
400
0
83
252
347
264
356
434
421
788
0
0
0
980
410
0
0
0
320
723
934
931
651
221
386
811
858
993
941
250
17
0
0
15
433
524
390
425
502
515
862
0
896
458
363
653
688
156
0
206
471
355
465
827
850
450
316
523
749
796
774
686
386
0
24
306
219
154
490
718
735
753
458
150
264
521
705
922
0
831
572
317
0
0
112
553
761
730
815
870
674
684
729
347
189
398
683
908
801
611
548
586
621
533
0
0
0
0
797
0
0
0
653
61
17
400
592
495
312
386
582
674
588
590
676
728
691
547
459
603
833
655
221
0
80
616
0
0
874
455
295
635
609
120
0
93
280
469
557
722
565
387
775
0
0
926
697
554
301
0
121
346
543
696
781
713
176
0
392
941
998
0
731
168
341
436
67
214
459
423
321
409
265
470
0
0
633
512
627
733
365
0
0
264
576
530
694
533
684
414
135
267
595
789
885
884
663
249
52
119
220
278
460
631
707
858
783
402
228
291
361
476
750
920
725
488
335
75
0
47
558
862
981
987
770
467
593
680
403
278
366
657
869
708
659
742
744
622
355
0
0
0
0
590
0
0
0
900
456
152
196
287
347
370
529
724
784
647
559
603
572
488
428
457
541
640
658
489
239
171
513
0
0
821
683
516
435
471
315
14
7
234
536
689
868
907
515
431
805
955
841
553
601
423
198
370
615
678
628
438
492
386
0
0
577
0
0
914
386
301
710
935
634
412
488
374
101
90
147
153
849
0
677
603
789
745
477
120
32
158
662
908
736
334
296
148
15
167
545
855
979
786
570
411
297
243
158
264
498
654
712
892
928
606
319
252
234
182
334
724
865
506
319
456
232
0
64
657
1006
0
890
585
322
493
700
610
403
358
595
729
598
649
787
818
683
526
51
0
0
0
362
975
0
895
813
566
325
283
204
284
476
553
712
918
842
541
432
378
316
434
523
514
449
481
638
664
434
329
646
773
680
746
778
671
496
361
203
88
159
425
657
885
0
805
491
505
683
647
456
459
710
508
223
384
763
779
627
418
300
499
286
0
151
831
0
802
288
308
758
0
959
706
702
493
81
0
0
151
413
856
723
553
861
777
548
440
513
528
501
912
936
427
131
146
31
37
280
573
739
808
595
443
566
511
345
231
194
423
659
765
969
0
706
249
152
271
228
197
510
864
731
172
224
604
242
0
287
838
967
836
695
470
285
525
781
657
425
397
576
701
604
559
730
869
820
868
181
0
0
0
228
784
932
865
645
450
182
365
281
248
540
673
581
905
0
751
314
180
75
344
805
695
434
161
490
746
898
456
349
602
409
551
732
731
711
519
465
307
238
370
519
740
889
795
579
471
639
657
299
465
837
621
599
262
281
499
765
599
291
347
673
788
356
216
282
789
728
169
154
953
0
907
627
607
359
407
8
0
149
380
426
514
502
691
744
448
706
862
950
595
592
842
791
131
123
83
179
201
573
814
630
444
185
336
831
921
407
109
167
382
681
761
981
0
866
276
0
47
367
297
519
783
851
462
0
212
541
48
70
723
865
634
634
638
476
376
591
629
574
541
545
703
834
544
333
609
936
0
1007
519
75
27
0
0
52
390
647
805
814
928
853
424
376
223
153
178
415
435
300
329
395
629
772
559
510
796
0
0
836
313
306
377
165
129
231
701
930
700
578
375
121
338
615
468
781
892
574
410
426
633
863
338
253
559
405
554
516
512
512
512
733
502
290
426
449
553
591
655
653
528
599
378
588
468
500
545
926
848
363
233
541
913
924
467
552
592
276
311
502
270
351
566
757
446
230
234
556
843
978
988
536
398
449
181
353
418
379
388
272
173
530
1002
0
876
307
560
556
613
153
39
746
682
587
119
91
580
389
457
482
210
414
440
397
721
636
299
399
704
827
763
751
615
407
690
620
649
883
532
164
259
236
501
371
225
423
597
851
794
577
474
321
124
5
384
782
0
0
682
283
57
22
249
605
724
805
591
774
676
653
816
457
516
245
195
166
264
492
411
515
636
681
670
590
589
466
288
0
165
502
429
153
286
644
950
647
457
239
447
642
606
647
508
572
553
468
484
612
541
609
665
732
594
714
686
592
423
228
240
540
651
0
0
464
936
282
42
0
0
0
298
679
860
929
0
947
589
205
0
0
160
272
321
304
255
318
591
782
671
589
689
923
0
0
631
292
587
576
104
31
421
737
707
504
324
246
413
672
617
551
715
657
460
440
628
851
826
487
285
501
520
555
485
406
242
283
656
663
206
185
518
629
667
737
802
607
332
178
368
617
540
512
936
0
708
366
447
873
923
496
267
427
433
435
565
447
127
258
750
751
374
130
300
623
788
0
970
822
699
367
296
451
170
40
302
522
353
223
507
812
772
393
309
781
767
380
128
506
864
806
436
281
572
585
531
521
415
323
258
224
531
754
661
241
377
619
604
456
397
430
536
603
728
820
731
548
360
464
546
674
646
327
194
383
578
645
683
550
325
177
0
143
736
1013
0
979
478
92
0
0
480
904
810
622
652
620
321
411
596
551
412
506
537
404
323
449
447
460
626
594
576
585
446
462
500
203
0
209
486
392
356
700
981
802
393
72
92
405
664
687
671
721
682
481
445
631
631
533
607
749
747
617
484
535
672
545
241
133
259
624
0
0
102
0
465
181
195
79
13
312
657
841
913
973
947
723
281
0
0
95
278
229
141
188
347
582
782
776
629
577
693
989
0
959
514
593
844
470
23
178
533
611
388
207
269
475
721
863
775
640
483
408
495
581
716
795
803
619
347
431
524
651
697
404
45
224
546
239
4
394
718
693
688
779
853
830
470
0
1
471
632
588
822
0
969
723
504
593
884
636
168
47
222
467
681
571
194
187
675
757
473
313
293
417
630
906
861
742
790
669
380
581
519
11
83
545
653
316
173
293
539
619
446
412
571
728
665
523
555
845
738
347
269
643
824
634
519
497
516
454
246
405
772
795
199
280
465
471
216
114
274
574
623
588
843
712
353
241
520
791
850
894
585
260
345
509
399
455
574
435
300
126
0
329
704
855
833
910
909
500
93
0
244
795
879
519
497
579
290
216
387
604
507
501
719
733
570
513
476
338
393
406
352
592
634
464
443
358
99
61
410
558
507
632
856
816
502
183
32
243
568
724
756
673
589
526
503
689
770
553
457
580
731
691
481
401
629
878
767
326
0
32
427
732
857
275
942
565
293
371
395
284
426
691
781
799
778
672
620
540
94
0
0
182
184
112
159
356
603
778
815
702
527
488
769
0
0
678
500
663
635
246
121
388
623
513
234
269
506
660
832
986
826
463
299
446
659
771
653
579
747
563
280
397
238
567
828
824
376
93
246
173
59
423
836
808
698
850
942
796
637
261
0
133
502
487
596
904
0
955
656
443
673
806
471
102
0
67
450
601
409
306
697
832
455
310
436
464
404
610
740
639
600
627
680
709
795
769
293
67
393
641
539
317
154
191
574
796
505
337
462
532
659
697
857
839
402
147
452
868
852
587
385
443
625
513
435
769
926
687
182
189
328
356
234
102
217
430
592
471
589
686
396
124
293
642
832
982
832
405
378
656
600
331
319
359
445
461
145
48
399
737
747
688
875
905
564
381
389
538
756
591
353
457
359
192
184
268
551
749
653
700
765
655
594
565
437
284
246
79
253
734
781
450
278
226
162
320
557
580
519
548
675
546
333
283
368
572
704
756
654
374
337
511
717
877
697
507
471
610
731
581
453
532
772
965
774
238
0
105
263
389
638
488
735
584
386
466
586
516
500
691
803
783
665
446
331
494
453
106
26
138
131
121
237
389
529
639
704
711
646
474
543
933
0
804
554
536
530
364
175
235
480
603
444
344
550
699
766
936
912
519
282
392
565
838
783
355
356
639
520
444
446
256
370
672
852
690
358
265
165
147
608
1016
885
672
834
936
592
478
521
169
35
406
362
209
560
963
0
891
519
457
629
519
275
58
0
43
348
608
693
722
780
528
270
370
593
546
537
795
519
415
470
577
516
684
0
994
471
64
255
533
572
577
374
158
236
625
797
521
427
448
433
546
718
819
640
400
479
746
792
656
544
449
507
435
343
610
1001
856
404
484
341
317
266
244
182
153
244
359
468
528
633
575
305
166
400
662
794
853
616
438
652
847
651
281
136
297
625
534
136
98
459
706
642
642
735
735
736
809
631
485
586
486
279
214
322
309
200
356
527
774
834
711
658
575
588
598
571
523
443
148
0
385
846
638
230
226
285
346
475
528
469
344
413
523
389
418
569
632
655
627
617
469
275
399
612
782
779
696
630
545
666
641
441
435
559
714
821
598
328
350
377
222
254
485
505
498
545
452
489
638
675
600
677
828
848
697
413
260
336
456
312
213
268
289
217
242
367
451
496
520
542
660
628
453
618
877
819
641
620
649
521
304
158
210
378
471
432
499
694
814
996
1001
614
226
280
390
643
856
581
281
501
627
531
611
508
282
364
534
739
835
662
434
242
164
576
0
921
493
643
889
581
274
461
474
318
482
429
32
239
798
956
954
778
452
411
388
224
13
179
72
121
461
931
0
755
459
266
328
466
597
652
782
908
529
301
283
420
487
507
770
972
753
289
182
433
480
564
584
341
241
301
610
771
673
700
378
306
499
558
600
646
700
782
592
442
624
780
684
420
125
163
613
965
712
427
591
557
597
339
212
304
171
65
166
364
526
623
662
533
368
291
493
551
593
698
565
617
852
845
547
215
214
516
685
413
141
193
465
619
702
687
621
707
777
675
385
413
625
456
192
250
528
450
357
459
613
642
691
663
578
517
556
687
570
606
695
460
127
200
509
554
264
252
425
439
497
544
531
383
283
388
414
400
509
531
578
586
476
487
522
518
534
542
569
695
844
723
555
585
465
282
364
516
633
695
552
526
690
651
418
310
288
395
301
478
457
483
580
658
655
717
861
893
780
477
276
352
441
352
329
377
430
416
328
259
316
431
460
388
454
607
516
464
705
827
676
604
740
775
535
266
88
119
306
425
432
547
709
926
0
878
436
227
325
429
465
643
746
584
599
602
383
520
734
529
246
436
632
854
924
666
332
138
310
776
889
436
338
692
787
486
321
415
544
716
571
101
116
657
893
824
875
684
369
334
301
119
41
372
473
248
261
591
983
953
562
250
339
463
446
662
853
925
715
610
384
89
91
343
494
729
872
688
370
354
438
435
582
582
400
331
390
637
582
615
810
521
309
433
494
443
594
750
841
613
332
466
740
843
698
306
24
50
611
932
604
495
583
738
608
269
369
498
247
183
273
342
452
578
506
436
597
547
383
333
342
646
691
518
667
741
658
483
357
556
780
599
353
351
302
300
593
810
640
567
641
487
248
296
582
621
392
319
524
582
570
500
584
586
496
468
514
524
505
538
719
632
578
725
613
328
337
365
257
151
248
539
630
567
622
706
643
441
353
305
311
371
320
366
572
524
367
485
716
693
526
365
438
766
895
620
424
473
368
263
455
574
666
710
560
562
765
825
649
371
130
187
227
427
442
439
517
544
595
719
869
890
810
631
372
334
486
451
476
502
498
495
452
263
125
289
459
414
332
390
445
491
698
901
780
574
647
833
711
404
115
0
164
440
481
496
600
710
887
918
671
446
381
484
512
513
719
762
640
539
309
278
608
687
418
377
646
676
770
879
762
450
188
203
419
661
628
408
508
763
761
476
221
404
795
684
234
131
517
841
770
689
764
527
328
346
346
146
215
740
679
328
239
503
848
747
375
245
472
526
594
849
859
571
378
771
849
360
0
0
264
554
795
785
530
299
428
571
567
739
654
494
447
537
498
411
553
567
447
490
533
520
391
485
763
769
536
472
451
501
719
591
267
33
269
837
832
414
396
488
688
725
464
247
499
597
559
527
304
237
403
399
255
488
745
534
296
267
510
749
544
378
472
668
700
480
494
887
883
508
535
575
257
284
606
638
497
596
581
213
111
460
569
431
374
502
603
540
645
578
431
435
462
418
396
511
552
681
717
704
589
692
669
441
440
445
243
109
185
463
699
659
563
675
751
682
558
362
166
228
232
219
474
585
469
423
639
755
643
424
298
499
767
711
447
431
477
365
414
593
664
795
760
558
497
650
749
648
408
164
29
241
339
449
455
502
484
477
639
805
893
868
743
574
379
421
495
572
612
531
523
530
361
115
114
378
464
388
289
288
452
742
916
832
671
623
723
743
515
212
0
0
414
581
554
592
690
764
795
667
543
475
483
536
514
569
717
893
740
460
299
223
331
550
483
391
559
708
936
825
667
479
244
218
286
398
652
742
750
851
805
613
278
104
566
721
373
273
437
707
719
436
437
557
448
400
405
357
313
493
769
930
600
260
370
713
716
467
291
381
647
579
628
754
510
292
465
851
785
325
30
159
464
638
583
508
261
244
573
683
733
737
671
672
578
504
456
501
431
483
475
515
462
562
519
204
356
656
643
632
575
359
441
566
428
186
283
715
858
535
312
371
520
712
718
461
299
394
555
762
650
433
425
458
285
285
488
468
533
423
426
555
686
595
320
206
555
868
578
306
615
916
596
489
699
610
431
512
569
547
565
669
422
102
303
557
377
221
341
502
482
585
634
340
173
352
529
398
360
571
659
857
834
761
527
562
704
654
649
553
390
295
218
312
534
619
471
466
631
670
678
578
309
119
147
150
394
621
539
517
662
691
590
471
327
370
511
594
546
557
586
461
405
538
674
810
883
740
536
433
423
458
512
479
318
377
255
167
299
471
563
552
482
554
729
891
986
852
604
387
319
442
514
548
477
525
644
522
237
74
258
504
503
376
265
358
657
844
754
755
814
698
636
551
322
0
0
205
559
643
618
711
831
827
686
592
499
409
458
473
565
745
849
884
666
403
299
231
324
396
332
401
455
511
966
977
613
453
299
252
323
295
451
686
898
0
872
590
456
277
341
643
482
405
579
684
569
208
119
386
441
405
459
409
473
674
678
707
704
440
451
738
721
452
479
554
722
656
326
551
552
309
323
369
595
792
654
336
269
558
705
494
356
302
240
346
584
727
660
493
540
586
514
640
787
660
549
487
435
376
432
635
424
79
223
518
643
731
689
457
452
501
334
267
588
735
678
509
294
306
422
520
608
719
678
436
284
488
680
732
643
552
477
451
439
392
397
389
451
602
718
587
355
209
379
715
611
250
348
684
493
350
654
806
725
614
604
583
567
651
603
334
393
643
525
129
11
276
472
453
514
659
388
0
86
550
546
346
484
745
931
970
831
458
324
619
822
890
765
513
467
372
270
347
467
406
306
493
662
678
642
511
256
62
47
200
550
617
528
699
739
565
480
389
355
401
401
477
560
703
704
526
442
556
726
911
900
718
583
380
166
212
390
483
531
742
396
115
58
306
534
591
594
642
726
902
0
971
623
256
131
329
509
466
361
449
714
699
440
153
167
471
652
515
361
336
490
667
652
740
956
859
595
477
342
97
0
0
308
651
746
727
847
841
730
653
575
385
412
513
431
643
777
643
750
792
670
397
264
267
315
309
397
408
387
719
1015
649
315
268
239
359
453
495
535
633
947
928
601
580
649
567
577
621
435
534
789
666
70
0
210
447
381
430
513
549
755
799
524
219
334
466
532
714
829
550
520
829
882
719
326
317
571
380
220
301
537
822
744
324
187
422
697
705
526
325
361
417
374
575
747
536
114
27
448
766
957
984
683
672
572
378
295
483
628
599
350
52
242
662
667
757
703
577
584
441
221
373
574
613
635
401
261
474
579
334
367
663
669
438
408
565
663
756
668
561
624
686
473
456
507
371
291
363
598
637
393
264
381
504
437
367
397
659
556
225
476
780
768
510
494
611
552
652
776
562
513
709
698
286
0
35
429
491
417
620
644
146
0
287
569
424
498
695
599
841
926
861
590
270
433
768
853
823
681
564
557
478
373
362
373
222
260
557
722
704
616
444
178
36
75
248
471
538
699
789
594
512
507
401
399
362
372
406
467
769
901
622
421
495
725
985
952
850
663
251
0
124
255
484
719
569
540
257
65
191
427
513
520
669
787
922
0
1013
757
307
0
85
393
576
458
475
673
663
522
340
225
369
605
632
419
373
476
592
574
697
916
914
724
471
272
87
25
61
88
425
844
840
847
823
711
664
547
398
418
629
501
343
659
718
631
793
650
698
581
244
201
269
328
476
613
581
608
763
620
154
112
173
346
592
776
778
606
628
729
514
510
786
724
609
757
664
379
476
718
390
0
0
326
521
495
504
578
711
793
662
424
252
0
248
494
674
865
738
460
700
1014
719
414
393
476
414
216
264
581
919
856
347
97
266
369
615
813
593
343
501
466
321
482
760
536
0
1
839
896
819
922
921
541
409
371
283
562
733
589
579
426
128
364
501
497
739
775
761
646
452
371
411
396
516
500
402
557
822
505
159
255
351
468
590
696
637
548
663
632
665
776
870
536
319
500
438
255
115
210
479
548
442
457
491
290
285
558
736
849
539
361
524
624
362
220
575
640
569
816
800
579
602
674
539
117
26
320
408
333
430
720
577
166
117
371
324
405
683
611
588
646
736
831
824
531
402
632
700
675
740
724
696
705
572
422
372
252
73
284
559
690
714
617
422
213
144
121
85
222
564
819
695
524
552
467
423
477
444
390
251
415
933
999
577
391
468
795
0
0
953
535
90
0
66
146
520
701
442
581
360
213
252
373
450
442
521
748
935
0
976
807
515
165
6
111
430
555
602
807
697
412
383
342
339
410
569
543
400
463
616
629
670
838
839
749
630
326
30
0
149
222
273
701
957
906
828
724
710
555
216
196
597
686
387
417
778
711
689
876
732
457
535
335
121
178
303
450
707
885
783
602
522
122
0
164
333
697
995
0
878
590
490
296
169
509
662
529
842
901
456
249
372
503
277
110
196
534
737
623
475
501
582
608
638
556
422
199
137
371
577
741
694
418
392
801
790
514
611
661
459
176
223
491
778
880
602
314
321
278
246
736
824
465
359
508
364
126
343
0
601
0
575
799
467
598
0
0
547
176
231
385
604
643
484
527
676
493
234
236
169
497
847
895
828
684
640
461
227
312
531
512
615
874
721
294
237
215
394
681
729
598
328
341
530
617
748
772
723
745
312
404
583
352
116
0
131
478
721
697
628
458
205
308
637
822
884
628
422
476
448
207
401
656
478
550
804
713
497
467
674
570
292
334
263
181
306
520
680
549
356
348
285
215
558
606
365
507
581
517
656
962
884
589
614
575
529
645
730
792
866
724
548
458
379
170
215
386
383
512
609
610
527
377
271
29
0
137
546
688
630
642
587
434
502
569
497
318
227
630
0
821
454
385
533
930
0
0
788
379
199
76
0
42
438
660
478
702
466
327
295
350
365
410
453
657
926
0
971
756
611
435
220
34
148
319
480
828
945
567
325
379
337
319
422
603
600
491
510
580
661
770
838
715
644
540
153
0
15
321
385
509
835
968
873
813
880
758
338
18
0
249
691
695
461
635
850
814
888
849
508
294
292
151
157
335
442
624
915
891
550
453
286
25
185
393
720
0
0
0
696
391
138
0
136
430
433
775
0
529
202
406
421
359
335
412
400
521
715
784
605
349
280
379
577
612
579
513
476
386
537
638
474
304
365
661
716
462
572
775
741
352
131
351
542
723
800
650
465
358
397
266
518
799
578
316
345
431
300
158
787
0
479
328
557
356
318
659
973
792
297
289
518
609
472
220
366
524
645
574
485
238
214
603
847
877
711
468
584
548
342
329
663
743
551
580
646
400
349
385
473
747
700
468
200
126
347
541
662
632
524
813
449
383
737
662
353
156
140
321
694
826
663
585
476
486
293
329
405
693
821
633
482
492
443
401
579
526
356
474
659
582
326
551
819
540
448
469
266
320
391
397
519
532
490
474
280
420
660
184
240
527
490
358
698
0
886
705
646
510
397
527
632
642
878
896
658
543
566
403
308
396
223
137
371
563
705
671
554
318
0
0
125
330
494
655
735
628
544
652
606
422
239
411
830
908
580
364
409
675
0
0
998
650
509
408
62
0
0
275
686
387
801
687
530
356
299
330
360
425
600
883
0
973
753
592
547
445
184
44
86
205
631
963
837
498
401
339
259
353
472
619
615
561
532
611
692
791
797
596
574
380
8
0
246
430
400
604
971
964
858
943
965
602
14
0
0
303
832
740
594
775
925
958
782
577
519
192
146
241
243
375
527
652
821
814
525
346
357
268
361
551
709
0
0
1015
646
428
113
0
0
327
339
581
982
637
177
287
496
430
336
477
639
613
539
594
778
613
251
186
519
689
509
480
468
686
656
515
678
567
266
362
730
758
231
102
555
804
683
414
333
396
545
834
788
536
464
456
300
279
628
654
518
429
436
455
395
491
938
839
431
314
215
374
586
594
629
666
388
455
732
601
330
125
264
331
367
587
833
734
364
354
534
750
718
492
491
536
536
509
572
735
628
374
382
438
440
513
541
768
764
448
218
77
239
530
626
504
296
275
797
585
413
692
890
727
480
415
449
612
812
653
426
392
529
601
276
0
250
740
834
605
407
432
538
548
650
580
372
376
623
511
448
761
631
362
563
638
571
493
204
202
442
493
566
562
472
629
654
265
161
278
443
241
288
759
936
799
652
710
453
471
600
482
571
843
827
640
687
700
464
353
234
61
188
454
672
754
679
561
287
26
0
35
184
404
584
709
698
755
820
633
378
289
488
706
682
463
437
549
774
990
0
914
714
673
482
49
0
0
233
625
376
636
778
788
550
320
321
447
506
592
768
878
859
782
633
559
531
355
122
30
72
446
861
870
707
560
393
192
263
348
440
530
588
633
693
698
672
784
719
494
430
156
0
157
394
389
412
879
0
963
837
786
717
306
0
0
117
84
537
897
816
852
908
915
765
490
443
212
9
276
453
408
454
684
869
759
454
271
259
338
612
896
854
901
0
987
431
203
193
0
0
400
487
395
699
583
281
259
306
523
650
565
440
640
669
432
345
653
919
624
273
468
845
595
197
238
483
746
579
516
751
617
450
706
906
417
0
117
567
586
563
554
396
311
626
847
592
646
759
461
157
327
354
549
703
744
678
617
547
394
483
670
590
356
96
254
766
668
370
587
449
390
755
648
358
224
426
393
208
321
665
849
593
290
295
531
752
651
777
545
476
584
718
602
363
478
507
334
322
475
558
486
658
871
597
294
167
221
496
677
517
183
23
463
662
545
698
898
947
720
490
522
642
749
747
568
435
346
194
558
450
25
9
486
787
699
437
268
517
633
595
690
662
488
451
617
571
655
604
297
313
647
854
808
408
120
324
440
444
581
628
640
642
504
345
182
301
308
113
393
697
686
530
587
842
707
615
666
495
344
481
731
765
718
810
777
494
256
121
171
336
566
727
631
526
478
328
144
25
90
182
278
517
724
734
807
824
715
526
401
389
452
446
466
548
599
731
884
999
938
804
689
418
41
0
0
267
385
433
484
587
840
738
459
383
539
696
675
680
722
682
688
702
624
569
442
217
70
52
321
776
867
744
663
496
233
211
299
357
405
427
513
758
867
756
698
778
612
396
256
0
0
254
456
431
684
0
0
933
656
497
439
107
0
109
420
493
352
653
929
1012
965
743
648
473
396
384
91
120
468
506
394
561
881
818
422
221
309
381
637
0
0
859
776
811
422
0
0
128
218
493
757
552
469
443
260
373
286
386
784
711
527
420
539
670
450
287
416
864
1000
651
521
778
635
2
0
449
681
504
379
569
793
675
683
867
637
169
89
285
511
502
476
484
336
364
637
675
713
926
658
274
366
455
202
212
689
0
918
651
569
495
437
576
514
273
104
116
579
911
517
328
563
428
602
598
397
360
587
706
394
301
432
549
571
361
238
428
638
607
697
894
693
437
528
725
770
393
149
443
447
206
372
698
492
301
578
780
626
437
398
561
723
616
220
0
197
564
623
817
775
757
768
500
334
542
768
711
664
810
703
377
51
182
420
389
190
286
461
625
619
280
218
561
648
564
570
718
608
507
688
736
611
298
79
379
808
986
796
407
348
451
364
379
483
616
672
669
501
368
303
342
164
202
501
493
422
413
581
785
874
778
819
645
383
274
447
721
744
704
846
846
512
261
231
298
363
529
563
455
477
505
431
221
129
151
92
229
612
747
666
712
858
897
702
465
258
192
279
462
498
559
763
994
0
928
756
570
353
107
0
91
167
203
330
457
528
782
822
582
475
547
710
749
654
708
718
618
612
605
568
519
339
174
85
226
607
846
765
637
540
270
191
288
379
422
343
328
594
889
926
849
779
731
524
290
0
0
111
464
545
635
885
937
976
902
558
346
200
0
0
261
671
768
672
784
887
845
647
503
517
447
484
541
342
121
286
467
469
539
804
803
426
178
360
609
744
996
0
939
502
256
273
126
0
8
308
654
855
796
550
429
308
407
404
221
582
737
602
499
479
762
674
535
428
546
845
776
541
622
630
69
0
446
879
702
366
407
483
585
549
524
598
563
327
318
309
555
839
529
431
584
500
444
507
613
734
556
390
682
860
238
0
325
884
918
512
289
465
618
746
651
232
50
170
461
790
818
456
250
490
554
615
647
453
292
451
662
591
405
534
594
562
545
486
547
586
398
431
762
697
343
468
667
684
574
316
271
430
241
252
696
724
204
46
469
884
929
746
624
742
754
489
40
282
398
433
451
816
863
518
581
596
215
142
549
740
506
725
0
927
268
0
157
426
398
387
351
373
641
484
202
344
621
619
400
463
724
634
648
829
723
478
61
37
548
793
874
818
601
535
415
234
213
421
675
716
620
523
579
582
485
206
45
328
464
296
369
470
595
850
871
878
811
535
281
272
561
747
637
633
868
849
524
387
392
396
269
316
468
530
508
521
449
263
179
65
40
319
725
769
720
809
957
946
674
393
141
60
256
418
364
522
980
0
0
789
590
488
405
246
124
117
60
96
339
240
593
843
892
677
518
511
580
677
646
716
841
691
542
501
469
444
450
386
226
197
434
672
746
645
631
446
178
177
321
475
379
282
498
739
769
867
941
829
639
369
48
0
87
460
529
543
783
883
849
969
775
397
160
0
0
136
481
776
947
949
886
754
548
452
435
469
505
493
542
459
229
225
347
514
637
790
782
459
282
393
695
808
885
852
824
587
44
0
144
271
6
29
548
910
940
762
484
427
519
577
330
247
428
629
655
450
549
781
820
879
778
577
518
524
312
268
505
393
115
416
919
858
480
379
510
432
305
415
343
251
317
434
526
564
953
839
460
608
618
561
585
508
541
423
273
683
0
937
477
168
221
523
559
277
111
265
482
618
758
607
349
241
409
714
860
777
306
114
379
657
733
678
378
199
336
455
479
589
856
777
597
608
685
636
397
259
398
597
595
269
339
643
586
442
512
549
545
393
261
500
772
639
316
37
447
662
849
696
704
835
845
620
301
408
371
183
452
808
635
476
655
455
19
123
518
609
500
716
718
987
767
339
209
309
294
396
483
243
346
553
451
625
606
604
365
274
585
733
562
606
685
667
452
46
207
488
594
840
942
792
636
325
146
276
553
719
544
365
537
709
791
647
198
28
339
316
304
377
469
417
609
861
854
811
649
341
187
455
715
724
556
631
871
728
507
489
574
436
144
369
685
582
441
416
349
267
116
66
154
469
804
853
868
862
907
802
518
320
92
27
297
359
249
654
0
0
996
606
450
437
488
424
295
151
34
9
581
7
511
822
894
728
601
501
500
563
591
676
836
711
493
497
539
359
301
446
413
270
369
551
679
683
726
694
372
107
114
365
419
275
503
767
589
526
876
1012
777
437
199
54
127
350
537
485
559
851
935
915
798
473
404
241
68
29
174
420
639
903
0
0
828
459
267
378
466
477
539
520
409
267
253
272
342
606
824
862
574
445
540
713
814
742
594
543
618
289
0
0
467
448
0
213
949
0
893
611
375
251
593
767
618
355
116
325
662
576
548
783
725
818
956
755
413
368
396
148
232
471
490
546
781
945
609
244
376
382
117
445
612
197
188
435
591
693
519
707
776
465
490
460
366
819
756
446
451
466
600
781
884
815
375
379
570
570
166
0
251
474
482
483
656
704
511
264
473
784
853
568
219
130
182
598
814
726
610
346
302
498
534
574
785
756
521
421
438
478
426
458
563
649
602
326
198
544
665
390
272
578
865
848
574
367
518
749
763
492
112
242
203
447
558
497
760
946
954
762
452
387
293
293
419
452
380
545
783
499
166
162
527
746
478
396
548
756
736
643
639
429
356
457
282
29
252
452
578
850
729
621
415
271
506
747
565
364
461
695
842
598
278
231
305
458
733
908
941
691
341
332
379
447
411
348
489
585
647
832
743
328
265
344
108
141
467
417
373
650
771
713
686
605
468
116
351
679
722
658
578
743
755
522
475
609
712
464
318
655
728
527
399
290
227
151
183
296
316
534
785
830
817
760
799
682
442
271
40
58
348
298
336
852
0
0
858
529
359
403
597
628
411
224
154
75
616
0
414
718
761
665
616
553
486
546
548
600
744
699
493
430
592
489
252
264
409
402
429
536
678
730
754
779
544
218
69
149
325
328
429
807
725
422
600
869
883
566
329
305
224
197
403
621
497
577
889
966
815
537
339
283
196
201
261
289
497
807
961
896
834
888
577
297
341
488
489
480
498
360
235
309
409
215
231
605
933
829
708
749
744
678
618
420
419
579
450
0
0
270
897
476
69
789
0
860
580
285
38
400
895
822
642
255
149
438
545
542
631
707
544
409
603
745
521
392
636
532
297
448
624
607
487
737
838
335
225
380
105
234
745
508
278
436
527
585
641
659
568
284
327
494
176
455
999
758
465
509
681
666
562
867
683
335
292
689
792
489
27
237
603
561
340
423
590
520
317
454
641
616
465
286
381
238
367
952
879
608
492
370
583
687
573
661
651
387
293
183
236
386
466
678
892
771
443
362
278
383
617
584
239
330
845
0
984
513
306
502
679
522
160
200
362
534
567
310
336
775
779
729
670
470
521
487
368
354
305
339
637
883
677
309
205
618
594
272
472
525
518
579
653
832
754
595
494
387
150
55
298
524
747
634
403
450
606
743
728
569
351
305
531
827
863
634
315
265
284
358
515
795
991
657
467
434
265
248
415
679
668
500
539
642
633
632
597
335
38
106
366
395
232
406
652
591
591
696
716
313
225
612
674
604
618
704
757
551
408
518
737
776
514
494
684
668
530
409
259
127
241
503
491
337
474
574
648
701
759
835
643
322
182
85
179
280
231
448
874
0
0
827
549
368
490
700
620
419
388
334
219
467
73
321
626
623
577
567
519
469
585
637
581
667
695
526
406
435
432
391
371
372
463
564
607
657
688
667
710
596
297
149
176
205
351
430
627
763
599
589
616
703
705
472
424
434
332
322
552
626
426
583
798
793
677
431
260
132
206
323
327
370
761
1004
940
842
658
706
572
413
475
547
505
361
335
334
245
253
544
463
80
185
753
0
1016
973
832
617
443
241
201
503
583
211
0
42
796
0
634
475
952
872
466
208
88
157
713
822
794
537
258
393
442
520
654
624
583
478
225
97
294
597
652
762
670
455
455
675
776
343
240
696
705
428
423
219
118
543
694
581
616
495
428
549
837
472
49
169
570
394
115
579
0
921
581
547
634
475
437
759
593
430
250
540
831
732
354
342
647
647
307
292
472
299
80
464
739
383
243
351
587
714
517
671
950
730
516
376
443
626
586
600
686
474
209
147
220
432
447
560
833
1000
712
305
247
411
540
468
551
482
254
604
950
903
606
373
422
509
434
400
268
358
688
706
420
178
426
635
527
677
538
344
545
567
622
593
433
382
615
840
677
365
175
394
476
552
596
641
654
413
288
561
714
684
673
595
496
302
345
410
606
599
254
67
521
983
882
532
417
441
516
737
760
599
431
380
378
343
352
345
699
842
580
542
417
238
380
729
776
550
474
418
407
650
917
715
449
246
197
355
315
88
98
477
509
309
728
991
734
357
449
559
510
572
636
744
661
448
324
537
799
698
516
553
687
639
540
460
254
255
500
594
410
360
383
389
590
766
924
861
478
207
182
176
161
105
184
475
852
0
1007
872
595
516
615
611
501
512
531
416
324
343
274
343
510
539
533
592
506
386
520
735
688
627
656
506
340
433
387
363
524
555
528
629
685
652
561
461
556
614
387
146
227
335
368
439
511
607
627
650
529
500
669
614
524
564
547
465
410
583
537
440
571
608
631
558
353
228
163
346
218
320
451
736
0
0
951
742
552
416
357
556
652
501
241
189
342
349
234
424
686
354
168
483
959
0
0
871
589
421
216
63
210
401
500
245
116
562
925
0
842
601
607
449
275
285
441
236
426
502
550
601
430
525
525
462
754
749
555
474
364
106
0
350
724
836
603
324
364
459
892
684
175
355
646
668
571
282
143
429
639
665
860
705
417
414
725
853
357
0
67
694
709
287
250
763
0
819
616
551
373
106
182
711
845
653
499
563
735
512
458
650
665
297
155
426
344
111
297
618
380
94
334
749
844
789
733
555
633
808
643
406
367
441
465
508
712
698
290
133
355
570
420
457
693
875
832
433
185
367
624
517
323
540
409
316
711
760
641
541
520
487
416
535
494
502
412
606
638
343
283
466
547
491
571
538
180
301
692
836
788
510
384
452
751
747
588
388
181
445
747
681
568
625
445
141
269
527
452
528
769
800
583
466
575
535
509
620
535
60
35
526
708
542
426
616
665
822
838
559
408
541
514
468
458
316
305
598
690
567
443
393
391
624
766
548
449
434
340
397
751
839
622
481
451
552
417
121
0
245
498
315
25
615
0
1005
606
457
365
333
544
633
650
676
573
363
325
659
762
644
590
612
619
570
530
412
349
455
449
346
391
462
413
492
705
880
901
700
405
263
197
147
51
31
194
470
794
929
993
864
680
681
661
576
543
599
519
381
384
280
386
425
484
540
576
632
567
399
369
620
782
701
588
463
300
386
521
447
505
610
624
650
661
636
522
281
344
604
541
228
158
367
463
418
466
583
605
691
566
390
562
560
453
595
696
664
461
452
588
483
512
559
525
506
413
343
195
187
494
340
183
498
782
0
0
985
745
485
410
374
538
643
422
98
30
370
464
329
363
704
622
436
531
707
859
993
955
593
327
192
88
153
183
359
703
535
593
759
774
934
791
463
312
311
402
465
466
563
438
391
315
356
430
608
747
585
718
813
557
427
328
272
245
432
619
720
536
198
176
237
561
838
433
382
559
655
731
313
45
429
660
445
688
953
693
467
587
801
639
292
37
125
576
947
717
473
445
504
448
543
780
519
90
0
367
906
1002
813
551
616
577
328
402
537
454
246
440
400
286
566
610
458
315
289
582
861
761
623
464
575
408
823
856
434
354
409
387
344
508
760
604
300
431
658
432
242
525
775
779
607
302
426
633
540
242
318
529
311
448
682
593
620
513
510
368
507
844
476
435
483
656
673
323
164
555
633
405
378
446
322
362
753
783
678
416
295
507
703
752
515
622
641
470
654
683
556
602
497
185
142
383
362
232
508
819
732
565
453
658
641
530
591
863
527
54
161
341
358
381
560
597
695
895
725
507
671
775
593
554
423
287
264
515
666
437
381
613
605
656
583
410
401
374
321
497
687
657
651
598
649
651
378
159
228
365
423
343
0
280
938
0
704
527
364
230
454
653
609
562
528
496
441
593
725
696
674
680
613
531
435
404
455
539
423
218
324
472
503
594
658
740
735
705
677
522
338
194
88
39
140
244
407
557
728
909
849
769
784
777
694
614
583
410
365
390
286
463
464
477
589
673
680
581
471
369
421
664
742
586
407
357
387
470
528
531
569
627
683
673
559
543
332
212
457
565
380
211
298
429
372
398
640
708
724
734
448
467
544
332
330
611
778
649
471
570
532
498
582
511
466
438
431
318
85
250
586
526
187
400
784
0
0
975
662
369
385
497
557
606
404
98
0
276
468
346
401
699
767
653
708
688
620
737
901
629
240
132
124
246
317
302
679
879
682
753
639
500
644
613
355
264
367
456
421
560
658
625
568
425
297
332
593
759
717
696
698
505
439
405
234
283
609
671
590
551
305
207
204
325
515
434
419
646
616
769
576
59
282
690
422
291
825
967
695
651
740
554
343
294
299
397
438
721
894
761
480
151
77
107
626
911
586
366
435
440
588
801
711
564
718
420
2
30
470
724
745
520
245
565
783
556
563
440
435
615
795
701
447
453
628
413
612
868
521
321
440
397
365
345
425
645
652
575
725
570
243
154
492
731
700
482
503
714
586
378
334
468
414
336
565
423
420
506
477
527
318
521
833
635
393
334
638
851
645
352
480
644
351
160
254
402
446
835
852
435
317
277
534
662
553
444
505
831
701
640
661
610
699
717
496
306
308
269
161
186
434
622
522
517
511
514
667
614
593
985
0
444
191
321
325
305
399
328
353
634
751
654
657
850
804
697
571
484
315
216
476
510
325
545
728
583
536
499
473
460
343
372
578
665
723
684
550
602
682
465
311
317
291
267
290
198
216
556
843
746
552
379
306
485
642
557
467
416
471
570
638
660
648
697
754
765
658
429
277
367
561
537
296
293
450
454
593
694
655
576
541
690
786
584
343
215
154
241
301
254
205
206
537
843
806
792
869
897
818
678
498
356
377
369
262
599
550
470
569
712
719
587
438
392
363
488
668
611
449
414
472
433
480
511
508
585
644
723
644
527
442
309
394
426
339
317
307
390
362
338
589
804
788
778
650
466
509
406
242
332
671
729
538
513
540
507
579
507
411
480
504
456
201
82
402
637
552
372
417
694
964
0
1007
683
284
233
486
546
509
454
273
183
315
386
275
408
745
788
701
680
646
576
602
824
734
268
134
197
284
427
442
617
870
806
612
550
338
336
511
543
374
355
389
342
402
607
736
631
854
708
426
302
531
728
623
649
545
338
363
539
536
315
472
680
520
468
395
298
291
369
409
341
434
741
619
476
611
381
308
619
585
273
445
874
761
617
778
656
127
243
619
576
536
585
478
589
698
621
233
176
216
313
739
849
778
757
349
27
411
659
458
663
753
234
0
254
846
0
742
412
411
631
455
556
567
368
428
518
724
732
372
558
801
724
546
563
455
334
405
410
418
586
313
303
717
819
874
740
462
180
70
346
686
665
483
610
606
415
460
540
481
405
668
536
154
392
525
643
623
350
451
433
581
461
321
468
871
895
616
499
600
464
234
172
318
297
610
0
629
178
238
554
799
524
269
387
634
598
533
675
662
701
756
728
628
484
299
198
185
245
495
392
144
403
892
507
526
571
532
819
0
999
489
362
451
379
354
244
198
406
555
640
601
557
635
790
813
741
701
362
150
305
319
368
530
584
585
612
607
614
497
338
445
603
669
666
575
490
625
715
486
370
301
213
192
399
401
420
466
566
660
557
367
304
544
728
620
441
348
376
546
644
593
551
602
727
855
889
670
376
259
359
503
457
428
472
423
463
616
669
558
425
488
748
820
538
351
331
364
394
339
235
12
4
456
700
686
808
893
970
924
676
432
379
381
315
283
714
647
506
533
669
671
569
423
362
363
388
546
631
551
541
543
447
437
473
457
543
606
646
702
618
478
379
448
451
291
314
362
377
414
391
497
659
774
752
707
614
496
439
374
322
452
649
549
547
571
501
500
487
415
483
527
473
372
75
143
478
657
602
548
598
671
880
909
844
694
351
155
350
445
420
428
410
346
520
547
315
357
746
852
707
563
428
435
523
715
856
539
244
244
252
355
471
713
794
799
647
447
275
288
437
526
460
369
434
332
357
433
577
761
786
837
899
616
281
370
676
606
580
544
193
130
383
686
671
470
602
533
381
371
349
385
485
561
485
432
662
657
234
336
525
476
609
806
641
452
488
548
428
579
855
461
0
349
576
630
593
721
645
446
476
554
430
378
487
441
533
672
679
706
483
181
298
454
215
477
841
711
264
173
526
751
816
769
623
524
390
399
624
470
331
324
402
675
632
77
373
769
928
782
595
406
414
465
532
509
741
514
56
299
742
977
983
606
349
159
113
368
786
710
389
415
389
427
603
587
407
731
951
376
215
492
537
664
608
355
466
350
396
334
320
396
743
962
705
392
494
615
542
383
270
160
265
857
910
385
122
429
826
817
397
358
510
365
332
518
600
564
591
636
762
663
439
391
423
384
551
578
25
0
503
937
840
461
327
431
600
856
0
902
583
551
448
348
377
448
490
416
396
479
467
336
508
857
910
878
764
249
42
201
332
478
509
551
630
622
626
620
495
431
576
578
507
492
593
616
630
560
464
419
284
174
230
463
568
614
572
485
518
517
395
277
424
710
763
553
334
263
413
588
586
528
498
540
780
1015
910
611
402
298
366
470
536
581
426
326
466
622
647
490
347
493
809
814
508
405
446
436
394
397
254
0
0
371
544
667
770
848
963
885
651
461
404
318
298
413
711
673
553
586
679
623
492
421
371
385
393
465
591
577
603
655
518
409
406
406
511
593
612
640
647
583
436
427
497
387
290
315
321
388
493
548
576
632
712
659
626
576
528
493
460
391
441
468
549
740
632
421
358
395
523
609
401
322
181
16
233
527
712
663
704
794
734
780
792
631
561
438
282
372
318
267
400
459
419
520
751
578
435
619
756
678
548
413
404
517
549
674
664
395
275
317
380
419
692
859
691
648
519
271
217
421
641
634
406
391
346
348
456
380
593
871
814
682
658
669
425
267
480
577
580
594
316
58
172
518
837
685
578
544
305
377
440
529
575
525
519
449
421
544
305
244
613
709
644
807
841
635
478
405
409
417
635
722
373
120
252
434
580
637
690
671
466
473
440
377
438
511
447
535
650
701
570
300
255
483
549
213
416
953
825
623
375
272
389
616
845
848
542
419
512
605
540
323
372
435
466
432
255
88
217
583
892
786
687
550
470
542
684
656
732
703
230
10
408
772
909
717
461
323
363
319
443
854
735
366
329
329
500
624
421
478
927
780
406
468
497
397
457
437
461
741
566
252
144
263
382
527
786
827
487
333
531
627
657
602
280
264
525
729
591
302
355
619
795
699
575
658
363
123
285
402
361
378
430
671
786
511
471
649
710
729
793
486
52
326
307
725
794
547
235
326
575
548
625
742
790
824
654
344
443
654
688
436
284
254
416
435
325
606
863
784
833
650
204
134
262
434
613
530
463
430
545
593
585
566
673
668
487
347
482
708
679
560
488
518
449
310
307
256
365
590
716
637
460
405
461
411
330
336
560
786
696
401
221
272
457
528
552
542
443
553
899
1006
783
583
471
429
488
503
565
528
310
347
529
586
594
470
377
605
867
728
480
435
440
427
407
379
261
74
105
360
538
611
659
778
824
806
683
506
363
297
364
564
593
639
610
657
753
643
462
418
380
362
417
448
542
570
593
693
629
452
364
350
450
564
585
593
606
637
577
479
486
448
297
233
217
210
451
655
684
670
669
636
547
523
577
638
570
470
358
325
421
697
794
558
357
319
411
664
593
289
251
198
138
244
375
555
753
836
951
848
756
702
499
393
448
427
498
403
158
267
431
483
531
728
727
563
600
597
524
490
503
545
614
545
421
541
497
311
432
568
461
534
740
637
534
556
372
239
340
378
626
876
664
382
309
312
554
515
388
672
791
711
625
576
523
377
290
391
501
576
438
274
219
365
748
821
564
566
417
382
527
548
614
493
364
349
241
350
440
462
713
768
665
551
659
797
673
509
484
521
487
472
505
585
534
274
250
431
716
760
658
366
358
399
275
435
508
364
403
584
736
749
437
130
324
658
511
424
904
892
506
461
518
341
324
616
806
847
563
295
441
654
654
317
235
530
618
418
271
406
349
527
701
607
468
486
462
380
576
690
611
729
621
185
189
626
638
611
540
537
422
626
607
367
425
727
657
476
359
347
589
644
453
546
671
574
564
607
493
317
289
430
770
712
310
9
275
587
453
472
706
766
492
420
525
635
815
769
392
277
360
416
571
620
518
508
573
653
651
726
639
257
112
274
369
355
312
441
654
494
393
539
745
892
913
772
490
474
448
533
470
435
408
396
507
479
301
294
462
800
765
775
447
490
741
780
519
354
322
317
453
377
418
689
626
606
792
660
388
350
358
477
532
429
302
428
604
505
546
708
715
554
396
386
593
728
713
620
555
588
527
395
193
301
455
634
643
496
350
376
410
400
392
433
526
720
725
475
281
263
338
386
458
609
497
412
663
901
866
702
619
592
595
557
488
529
434
344
439
473
470
561
518
536
711
720
563
476
449
497
474
333
293
323
235
257
441
478
479
592
675
710
784
678
493
386
368
443
653
485
574
669
700
741
642
443
432
399
341
423
458
482
558
646
708
647
482
372
375
450
532
560
537
540
592
617
548
497
509
409
298
268
176
278
580
677
701
681
627
571
493
482
605
639
542
424
296
342
534
724
675
479
389
320
497
714
441
200
197
210
292
389
445
682
880
887
780
687
720
704
558
374
369
395
466
485
292
243
350
480
595
716
706
583
588
565
465
460
566
636
621
514
348
382
526
348
403
694
527
431
578
635
554
543
408
345
444
312
342
740
866
482
368
406
562
720
521
418
568
682
756
691
601
423
403
275
274
369
464
436
408
411
392
635
891
610
368
459
527
635
536
471
511
427
352
218
255
484
609
822
831
613
462
441
689
731
596
508
537
500
444
412
487
633
506
275
338
560
744
661
616
431
342
400
315
349
427
315
441
527
550
550
577
448
223
576
787
499
573
822
622
386
522
454
355
540
830
814
586
311
285
470
797
711
277
256
528
623
432
428
597
567
613
635
495
418
437
425
307
356
553
501
505
678
555
315
402
505
398
626
594
457
708
703
464
377
495
647
670
529
327
372
754
696
394
420
544
571
602
610
503
308
293
540
719
618
409
281
420
782
613
279
395
662
631
459
516
583
636
695
629
314
227
306
445
716
747
551
570
643
535
520
604
522
190
171
442
581
512
490
569
416
279
295
349
635
812
776
637
508
803
646
607
516
421
505
596
525
444
311
206
220
392
563
818
693
511
658
826
677
466
413
425
454
407
330
524
599
444
582
752
647
535
490
421
423
424
328
390
602
489
423
635
663
557
456
435
503
607
654
685
647
676
714
627
517
310
268
388
518
562
528
432
349
302
318
397
561
628
665
694
525
360
338
358
337
304
497
547
387
499
730
781
729
670
698
698
647
557
517
487
405
448
479
413
422
546
609
623
569
511
495
520
568
574
459
306
304
363
320
365
422
386
441
549
607
676
710
572
505
511
465
524
535
475
546
675
744
714
584
389
395
439
352
432
509
495
523
655
740
631
442
368
404
499
574
569
531
514
534
542
516
477
524
525
468
431
344
301
418
496
553
654
652
642
610
475
474
574
555
451
305
331
522
621
690
581
467
412
376
558
547
301
258
393
390
283
370
482
685
817
826
766
702
603
571
603
516
400
303
343
476
458
394
369
438
564
677
646
551
579
564
485
524
653
704
604
462
336
305
440
361
308
674
696
458
443
502
597
619
505
363
526
458
248
459
603
669
545
393
564
642
719
709
488
322
430
683
793
733
489
287
303
333
374
392
421
465
539
517
558
758
692
308
226
437
607
630
454
444
479
445
394
390
534
614
689
808
720
463
394
400
637
699
645
641
553
494
429
377
425
513
523
321
287
475
736
770
547
359
280
449
535
510
378
203
397
658
502
357
354
581
478
406
839
793
500
588
667
477
395
561
522
464
432
548
754
670
480
357
377
613
886
645
344
360
586
570
394
390
484
535
638
595
485
519
481
336
357
507
501
475
507
484
544
388
259
359
593
797
556
382
549
611
476
445
557
673
707
623
514
351
549
677
371
267
526
576
513
514
580
521
337
479
748
609
436
492
687
802
706
443
329
435
416
302
455
654
546
433
551
604
452
324
360
415
554
753
664
635
733
583
419
478
540
388
182
393
623
630
605
650
533
361
329
211
293
521
501
527
556
651
667
663
676
640
611
638
627
559
508
357
264
343
244
233
592
860
628
465
627
739
638
494
454
542
554
426
421
576
492
436
546
564
561
584
490
413
436
395
406
599
532
402
571
631
563
506
463
470
504
515
514
547
682
783
709
650
548
370
375
487
521
524
514
456
385
309
303
354
557
660
579
581
586
483
408
422
450
371
341
427
440
478
566
599
643
671
697
755
712
618
560
519
433
452
567
531
411
447
602
611
479
444
492
534
604
548
494
488
363
340
413
386
366
392
415
428
503
600
644
577
494
583
583
532
540
392
487
543
622
718
734
608
403
343
451
459
433
467
514
556
618
709
638
420
327
415
512
596
605
529
518
561
545
495
454
509
536
506
518
456
391
389
358
389
569
685
669
695
589
454
501
540
460
342
293
490
628
643
677
548
472
432
437
469
373
312
359
438
440
394
436
507
682
778
762
744
667
538
418
483
557
522
367
270
407
512
510
451
467
531
580
588
510
531
621
541
528
653
715
578
440
387
360
415
390
306
560
789
652
502
364
412
565
627
499
470
515
334
359
500
534
643
631
445
551
657
616
654
579
328
264
544
709
695
626
334
232
362
417
451
481
536
561
589
595
602
519
287
139
377
522
549
579
522
524
486
468
544
617
568
503
633
721
545
423
476
563
660
722
525
548
566
475
516
494
433
424
470
375
279
399
554
717
610
428
219
301
641
725
595
371
361
573
596
428
383
423
587
464
559
834
733
599
571
416
286
475
639
478
495
585
447
430
625
645
479
429
499
601
582
537
565
601
607
452
349
406
479
473
526
564
545
489
408
409
540
557
550
605
464
477
503
165
194
615
761
755
622
405
348
408
440
540
589
630
716
588
509
492
518
542
378
249
500
656
547
461
553
646
517
383
642
682
513
495
586
654
582
611
587
487
323
134
279
627
636
390
489
585
552
504
481
505
450
387
499
568
685
788
628
447
492
591
574
343
284
564
606
555
588
574
491
475
425
368
460
370
350
456
503
494
526
643
698
655
596
573
605
732
683
422
361
466
287
208
395
687
689
455
399
556
635
605
541
527
616
583
472
519
545
476
499
481
433
548
551
426
421
420
480
625
615
461
511
585
573
519
442
460
474
474
473
429
526
724
691
583
652
630
503
494
517
537
534
486
457
434
334
312
350
453
581
527
473
541
586
544
524
547
507
369
272
369
538
507
415
496
646
681
705
745
690
599
542
475
421
533
624
521
463
573
635
483
398
467
539
607
541
413
508
526
360
402
474
397
378
433
398
366
502
622
595
519
559
602
559
546
493
433
491
536
524
606
693
660
520
387
397
499
507
425
448
590
642
664
642
463
316
393
534
588
586
521
470
551
594
565
516
509
545
506
500
456
370
366
357
369
499
655
670
658
651
527
465
490
472
452
419
426
548
607
634
625
505
468
484
462
381
368
386
405
435
411
432
558
603
673
715
707
689
588
464
373
418
491
524
527
395
350
411
479
485
502
597
577
558
534
481
560
623
551
537
616
575
425
406
423
470
454
405
516
725
729
630
458
341
407
526
561
479
479
420
373
492
530
578
705
770
464
487
513
492
502
546
401
301
507
686
568
539
508
315
290
393
469
591
664
617
562
643
592
375
148
57
303
641
596
565
601
593
586
520
530
641
625
437
461
634
565
447
503
625
629
560
657
501
364
498
434
414
607
568
418
454
460
326
383
546
597
556
485
427
322
523
713
619
525
535
570
608
546
493
393
383
524
511
606
738
723
596
389
195
327
600
605
524
514
628
674
388
345
545
539
443
495
486
367
449
728
723
585
448
345
451
612
560
381
442
598
500
400
412
510
584
642
592
521
544
612
381
155
465
773
702
697
543
544
415
341
307
445
562
456
474
555
462
519
655
616
503
285
399
661
655
514
565
683
616
425
422
564
517
534
536
480
462
571
722
633
461
235
223
504
689
567
452
556
511
538
558
555
523
453
401
378
379
489
757
689
475
479
556
648
563
340
462
640
559
498
453
448
514
506
497
605
524
438
478
441
376
415
528
572
517
446
452
494
710
890
716
479
449
591
471
310
355
505
519
464
418
456
516
569
609
535
537
592
539
529
591
563
542
546
439
436
577
522
440
389
436
617
625
520
504
534
561
543
424
426
513
480
491
458
428
564
657
556
532
679
697
565
495
546
577
501
486
461
405
403
392
369
369
441
502
533
524
545
593
635
618
563
448
317
304
476
492
359
367
541
660
657
679
715
683
576
509
448
471
606
592
504
527
628
577
436
429
491
589
597
474
460
549
461
348
423
448
426
432
403
341
403
561
588
522
570
610
554
547
566
476
458
517
565
490
505
605
634
569
471
401
437
511
473
448
574
670
652
621
513
355
378
519
600
558
496
444
512
602
602
606
565
510
494
504
480
364
312
330
399
505
596
637
629
631
571
480
431
426
470
534
525
511
580
616
591
521
451
491
529
443
418
445
432
414
380
364
526
606
655
714
684
608
563
509
432
380
421
459
441
523
580
494
387
398
456
473
580
636
586
571
522
497
571
610
495
459
522
469
423
480
532
529
458
500
630
663
605
508
420
450
467
447
445
462
493
476
534
589
587
655
740
667
466
389
370
389
471
521
460
356
460
646
586
461
484
502
433
438
456
552
696
666
534
589
635
400
151
110
218
492
690
659
632
597
594
553
565
542
612
551
423
510
564
510
463
552
646
553
509
543
495
370
461
536
314
414
625
481
441
570
486
373
494
584
529
489
523
525
553
633
534
452
533
595
597
600
549
469
297
341
508
552
623
705
675
533
376
316
425
541
502
492
619
625
590
513
362
448
527
511
479
489
416
374
607
788
654
471
309
340
575
692
448
325
552
633
490
411
430
497
651
660
451
476
611
581
422
459
632
682
593
490
497
508
556
507
313
332
494
455
338
458
519
493
665
700
636
454
290
509
589
467
507
699
662
482
393
440
426
469
599
586
525
513
616
633
574
471
360
411
542
634
547
449
513
552
494
576
620
513
405
419
481
450
457
598
647
480
426
472
508
562
466
478
625
650
568
462
363
474
517
440
552
584
544
592
536
396
401
516
534
454
341
339
413
589
787
747
597
522
524
664
602
462
405
456
415
373
446
543
480
463
567
538
473
546
562
530
590
620
587
598
526
422
516
610
530
444
411
512
549
484
501
519
518
525
498
470
536
531
484
476
434
469
563
569
481
512
685
658
512
524
627
566
510
556
521
377
352
448
461
384
367
452
590
596
502
518
618
629
571
499
440
413
455
436
353
337
420
567
619
625
661
709
650
539
490
473
554
598
523
478
535
613
540
465
473
525
591
578
531
510
495
403
375
428
457
466
425
375
389
503
571
487
503
590
556
515
573
566
479
474
507
579
524
481
541
581
541
478
435
436
493
512
501
579
652
644
597
519
405
382
473
572
560
486
426
478
618
634
622
617
510
429
456
495
442
361
333
382
499
586
609
613
623
573
479
403
380
447
526
581
574
593
625
587
502
440
445
514
507
472
518
493
471
436
387
373
504
655
646
637
659
560
472
447
448
424
435
456
426
472
569
621
522
440
454
451
502
588
591
564
550
510
509
578
544
421
433
469
450
478
563
606
546
488
550
587
531
457
406
504
595
513
439
387
462
525
556
594
625
588
593
650
620
489
333
344
384
483
548
512
440
420
545
566
523
511
546
553
525
458
452
572
629
506
470
571
527
339
321
405
425
535
637
650
610
560
510
439
569
550
506
559
509
494
559
549
479
442
551
588
503
492
508
460
459
532
412
303
498
563
425
525
608
511
493
518
512
564
575
499
502
606
573
453
478
543
554
540
575
556
512
409
307
385
520
606
614
586
566
564
536
471
418
441
438
589
695
485
369
433
566
614
567
547
462
407
387
429
620
747
630
458
336
370
490
626
574
382
449
592
571
499
462
483
585
672
564
473
479
477
503
554
589
580
498
433
472
484
540
625
486
365
488
525
442
482
557
489
480
611
617
520
377
376
548
618
471
412
575
641
507
426
468
417
383
500
610
665
607
562
569
547
525
491
492
452
492
531
522
506
540
486
533
628
525
402
415
543
606
561
577
567
480
468
430
452
462
480
474
495
603
607
569
535
441
447
528
454
458
485
463
566
617
515
467
529
575
560
448
339
373
473
620
601
500
522
568
603
635
591
545
528
478
405
424
550
541
405
483
517
529
447
475
555
520
521
572
574
617
593
490
498
599
572
494
464
496
503
453
456
484
487
484
516
570
568
548
487
472
453
466
527
560
514
429
526
626
543
510
606
628
549
605
615
498
355
368
481
480
397
426
465
560
595
523
471
543
584
554
513
496
514
519
457
379
357
349
449
550
579
617
680
699
604
506
477
516
569
547
474
474
558
585
529
514
517
540
587
600
554
481
432
416
462
478
473
452
422
409
446
541
506
448
518
539
489
518
562
532
503
507
488
543
548
517
530
546
511
469
451
464
511
535
523
570
636
624
580
515
437
420
451
503
535
502
441
446
584
665
634
617
541
425
405
443
460
457
437
412
456
540
594
604
619
579
480
388
334
426
537
582
611
620
629
591
511
444
430
464
475
473
514
549
501
471
464
425
473
618
634
551
523
567
531
476
458
468
470
461
472
461
499
533
556
561
515
498
483
480
520
543
520
537
552
509
497
522
466
438
465
484
486
521
599
619
553
529
538
493
431
400
458
600
569
482
417
442
555
578
589
619
585
526
565
560
480
423
408
450
441
520
540
512
516
465
491
528
522
556
570
532
482
456
444
495
550
504
437
494
576
509
454
533
545
520
545
546
537
546
520
458
472
524
526
550
548
498
546
563
501
441
462
518
526
506
525
532
504
494
475
449
419
483
552
460
409
507
565
587
574
508
549
627
541
424
457
544
536
499
496
535
539
545
541
499
478
441
411
447
583
633
535
466
523
576
546
482
438
493
524
494
638
544
360
348
542
674
625
566
502
382
381
437
481
609
662
579
509
434
416
531
603
519
450
484
516
478
460
461
539
612
581
563
551
432
437
539
606
603
484
423
511
511
480
490
563
596
510
527
561
506
519
547
513
408
462
589
502
411
411
515
635
572
427
450
550
505
410
471
487
388
443
519
633
678
607
571
548
490
480
564
549
439
425
457
540
581
548
451
455
585
565
465
430
518
641
623
540
496
455
523
509
499
516
504
479
447
508
547
479
486
517
530
541
506
460
471
426
467
587
546
496
533
572
627
621
474
390
421
477
521
456
473
530
517
538
567
572
586
590
562
525
500
523
538
469
457
516
501
457
440
498
511
464
493
539
579
593
533
531
567
546
506
521
531
518
462
439
460
478
480
505
571
585
559
517
491
497
488
513
551
524
459
456
541
531
495
541
593
582
535
598
628
603
492
375
401
494
483
429
454
506
536
536
503
500
522
525
516
519
544
554
500
428
417
379
367
472
528
559
612
678
679
564
464
484
548
567
512
461
501
548
547
548
547
525
551
604
602
535
438
412
486
522
498
470
449
449
442
481
511
476
480
518
494
479
508
523
522
524
492
475
504
540
559
558
545
509
474
474
485
514
528
515
531
597
617
575
524
470
450
466
472
493
514
482
458
533
619
624
609
569
474
417
418
439
472
522
493
447
474
529
567
601
591
507
429
353
385
536
589
593
619
622
599
532
456
425
456
455
443
490
551
556
499
455
506
522
497
536
591
560
507
506
498
489
497
494
490
489
485
489
521
537
507
505
517
514
506
510
512
520
488
492
559
559
480
466
470
475
505
512
523
515
537
583
582
545
527
485
434
422
464
546
552
515
509
498
462
522
584
544
536
552
516
523
549
491
458
476
481
485
534
549
490
505
520
501
525
511
518
547
531
448
438
477
519
524
500
473
506
572
567
476
495
559
565
548
507
458
487
525
512
492
509
506
513
569
586
518
498
528
512
469
468
473
479
508
534
565
525
470
458
473
490
537
562
503
452
448
482
561
588
539
514
550
568
509
458
457
502
546
523
508
530
513
493
524
510
507
516
505
459
483
576
586
500
478
547
522
493
474
522
585
487
480
523
466
412
470
599
604
564
528
474
450
511
501
449
516
605
590
514
464
466
540
548
554
479
457
509
505
446
462
516
557
507
461
548
517
469
501
563
610
561
471
525
554
497
458
490
553
555
534
547
527
521
527
534
487
445
531
535
460
474
451
499
554
568
481
416
482
541
459
457
542
475
435
508
560
616
593
542
524
497
474
547
610
517
413
421
495
571
581
480
426
517
570
546
515
499
550
574
535
474
463
472
526
547
557
570
529
500
468
453
502
478
436
477
546
557
548
507
485
474
469
538
548
479
492
527
569
632
593
491
464
470
499
478
474
502
499
506
516
516
510
533
548
564
570
557
533
503
545
509
518
493
472
458
463
490
469
450
503
550
556
520
544
563
510
484
530
570
549
496
435
456
501
503
499
539
557
553
543
513
509
534
528
539
518
465
470
507
514
486
492
529
555
550
549
588
612
596
511
409
443
482
512
509
462
466
491
518
519
514
507
498
506
519
556
572
544
471
436
444
400
417
493
521
539
580
649
629
505
460
529
578
552
489
471
496
523
542
550
534
523
575
617
589
509
427
463
520
507
486
475
475
472
473
487
494
494
505
511
492
478
495
516
515
506
501
475
491
522
552
562
544
521
495
490
498
512
513
504
508
541
575
566
535
505
483
485
482
484
508
513
489
510
556
569
565
559
519
476
453
456
473
515
534
487
465
489
516
551
569
536
484
441
422
497
568
555
562
580
572
549
496
451
461
480
459
475
526
552
535
488
468
489
542
539
519
528
540
518
505
506
503
511
510
495
497
497
496
518
528
507
495
507
512
506
513
529
528
504
480
518
554
516
477
476
478
516
523
525
530
516
522
540
541
526
507
471
454
481
531
533
509
531
532
491
493
507
542
532
491
499
508
514
534
519
492
508
516
500
515
536
503
482
520
535
534
525
500
500
524
494
461
486
523
534
508
492
521
556
554
492
459
508
551
544
515
480
481
518
522
506
504
515
529
513
523
555
534
497
502
516
510
498
496
484
491
509
536
550
483
448
486
515
525
542
521
505
509
483
498
543
519
505
509
530
537
518
496
478
506
536
523
524
533
498
507
498
518
514
524
519
500
470
491
541
550
508
531
541
494
482
495
561
547
462
476
498
478
479
538
553
530
526
513
514
542
543
466
434
547
610
528
470
481
502
533
523
532
496
471
507
551
508
475
522
537
512
445
475
511
498
493
501
543
570
533
529
553
521
481
488
519
525
509
501
515
525
515
520
537
514
508
520
501
504
507
475
480
509
535
528
468
439
513
519
488
534
544
474
489
545
560
555
524
495
481
485
516
568
553
477
460
499
530
544
517
470
496
527
532
546
542
529
516
502
492
497
524
482
485
514
536
564
548
512
506
486
497
507
470
460
498
522
534
541
517
503
504
526
538
507
476
485
508
547
577
551
520
506
514
507
480
501
498
495
509
511
500
489
499
520
548
559
536
520
521
549
531
515
496
487
492
480
486
499
484
489
512
528
515
522
561
525
487
508
545
553
530
478
452
493
521
511
513
526
527
537
527
505
520
547
542
524
484
479
508
511
498
488
497
516
527
524
532
561
583
583
515
462
470
485
515
530
495
465
478
507
511
516
525
509
503
506
532
560
560
520
467
462
464
443
474
513
518
517
550
588
548
487
506
553
557
522
488
483
505
528
528
522
517
532
578
585
550
490
475
509
506
487
487
497
495
487
491
498
503
503
510
514
497
491
514
516
500
499
516
502
502
511
521
527
524
517
511
507
506
512
513
508
508
514
525
528
522
515
508
505
505
503
508
514
510
507
519
525
523
524
519
509
501
497
499
508
518
514
500
501
507
515
526
523
512
500
492
499
522
526
520
526
528
525
516
499
495
504
501
496
510
523
522
512
497
511
500
517
524
518
513
515
516
511
512
512
513
513
508
506
508
507
511
517
511
507
510
513
510
510
516
521
515
504
506
520
519
506
504
501
508
517
514
518
516
510
513
518
518
513
508
497
500
515
521
511
512
523
516
502
503
521
512
518
507
501
507
511
516
517
510
512
518
511
509
516
514
501
506
522
523
520
512
504
509
515
503
502
511
519
517
505
511
525
526
511
495
499
518
525
514
505
505
513
517
512
507
509
515
524
510
512
515
519
511
506
512
516
514
510
507
506
509
510
523
515
491
498
515
515
515
516
511
517
513
503
514
515
505
509
514
519
517
515
508
503
512
518
516
521
517
503
516
508
513
512
514
514
511
503
499
509
523
518
514
525
515
503
502
514
529
510
496
507
507
500
512
524
515
513
515
513
521
527
511
487
503
542
531
497
499
508
513
523
507
516
510
502
505
523
526
505
510
520
516
501
496
506
506
506
503
508
524
526
520
522
521
506
505
514
515
509
504
506
516
514
510
518
522
516
512
508
512
515
513
503
500
503
514
523
515
490
495
516
511
513
527
513
499
516
526
524
518
509
500
499
509
521
527
511
499
510
518
516
515
505
506
514
512
516
525
525
516
505
502
508
519
519
502
502
505
512
522
526
517
513
510
508
513
508
497
501
508
512
520
521
513
511
517
519
516
506
498
504
512
523
527
522
515
513
516
505
504
511
506
508
513
512
507
503
507
514
524
522
517
516
509
522
523
514
507
504
508
506
504
508
511
508
507
511
514
511
523
525
508
507
517
522
521
513
496
498
512
516
511
513
513
516
519
512
510
519
525
520
508
501
509
513
510
507
505
508
513
514
514
518
527
535
530
509
501
492
522
503
517
515
499
498
508
512
510
517
517
510
508
513
522
528
523
507
496
500
497
496
509
515
512
512
524
528
512
507
518
526
521
510
502
506
516
517
512
513
514
523
533
529
515
504
509
512
505
503
507
511
506
504
508
510
509
510
513
512
507
510
516
510
507
507
515
512
512
512
512
512
512
512
512
512
512
512
512
512
512
512
512
512
512
512
512
512
512
512
512
512
512
512
512
512
512
512
512
512
512
512
512
512
512
512
512
512
512
512
512
512
512
512
512
512
512
512
512
512
512
512
512
512
512
512
512
512
512
512
512
512
512
512
512
512
512
512
512
512
512
512
512
512
512
512
512
512
512
512
512
512
512
512
512
512
512
512
512
512
512
512
512
512
512
512
512
512
512
512
512
512
512
512
512
512
512
512
512
512
512
512
512
512
512
512
512
512
512
512
512
512
512
512
512
512
512
512
512
512
512
512
512
512
512
512
512
512
512
512
512
512
512
512
512
512
512
512
512
512
512
512
512
512
512
512
512
512
512
512
512
512
512
512
512
512
512
512
512
512
512
512
512
512
512
512
512
512
512
512
512
512
512
512
512
512
512
512
512
512
512
512
512
512
512
512
512
512
512
512
512
512
512
512
512
512
512
512
512
512
512
512
512
512
512
512
512
512
512
512
512
512
512
512
512
512
512
512
512
512
512
512
512
512
512
512
512
512
512
512
512
512
512
512
512
512
512
512
512
512
512
512
512
512
512
512
512
512
512
512
512
512
512
512
512
512
512
512
512
512
512
512
512
512
512
512
512
512
512
512
512
512
512
512
512
512
512
512
512
512
512
512
512
512
512
512
512
512
512
512
512
512
512
512
512
512
512
512
512
512
512
512
512
512
512
512
512
512
512
512
512
512
512
512
512
512
512
512
512
512
512
512
512
512
512
512
512
512
512
512
512
512
512
512
512
512
512
512
512
512
512
512
512
512
512
512
512
512
512
512
512
512
512
512
512
512
512
512
512
512
512
512
512
512
512
512
512
512
512
512
512
512
512
512
512
512
512
512
512
512
512
512
512
512
512
512
512
512
512
512
512
512
512
512
512
512
512
512
512
512
512
512
512
512
512
512
512
512
512
512
512
512
512
512
512
512
512
512
512
512
512
512
512
512
512
512
512
512
512
512
512
512
512
512
512
512
512
512
512
512
512
512
512
512
512
512
512
512
512
512
512
512
512
512
512
512
512
512
512
512
512
512
512
512
512
512
512
512
512
512
512
512
512
512
512
512
512
512
512
512
512
512
512
512
512
512
512
512
512
512
512
512
512
512
512
512
512
512
512
512
512
512
512
512
512
512
512
512
512
512
512
512
512
512
512
512
512
512
512
512
512
512
512
512
512
512
512
512
512
512
512
512
512
512
512
512
512
512
512
512
512
512
512
512
512
512
512
512
512
512
512
512
512
512
512
512
512
512
512
512
512
512
512
512
512
512
512
512
512
512
512
512
512
512
512
512
512
512
512
512
512
512
512
512
512
512
512
512
512
512
512
512
512
512
512
512
512
512
512
512
512
512
512
512
512
512
512
512
512
512
512
512
512
512
512
512
512
512
512
512
512
512
512
512
512
512
512
512
512
512
512
512
512
512
512
512
512
512
512
512
512
512
512
512
512
512
512
512
512
512
512
512
512
512
512
512
512
512
512
512
512
512
512
512
512
512
512
512
512
512
512
512
512
512
512
512
512
512
512
512
512
512
512
512
512
512
512
512
512
512
512
512
512
512
512
512
512
512
512
512
512
512
512
512
512
512
512
512
512
512
512
512
512
512
512
512
512
512
512
512
512
512
512
512
512
512
512
512
512
512
512
512
512
512
512
512
512
512
512
512
512
512
512
512
512
512
512
512
512
512
512
512
512
512
512
512
512
512
512
512
512
512
512
512
512
512
512
512
512
512
512
512
512
512
512
512
512
512
512
512
512
512
512
512
512
512
512
512
512
512
512
512
512
512
512
512
512
512
512
512
512
512
512
512
512
512
512
512
512
512
512
512
512
512
512
512
512
512
512
512
512
512
512
512
512
512
512
512
512
512
512
512
512
512
512
512
512
512
512
512
512
512
512
512
512
512
512
512
512
512
512
512
512
512
512
512
512
512
512
512
512
512
512
512
512
512
512
512
512
512
512
512
512
512
512
512
512
512
512
512
512
512
512
512
512
512
512
512
512
512
512
512
512
512
512
512
512
512
512
512
512
512
512
512
512
512
512
512
512
512
512
512
512
512
512
512
512
512
512
512
512
512
512
512
512
512
512
512
512
512
512
512
512
512
512
512
512
512
512
512
512
512
512
512
512
512
512
512
512
512
512
512
512
512
512
512
512
512
512
512
512
512
512
512
512
512
512
512
512
512
512
512
512
512
512
512
512
512
512
512
512
512
512
512
512
512
512
512
512
512
512
512
512
512
512
512
512
512
512
512
512
512
512
512
512
512
512
512
512
512
512
512
512
512
512
512
512
512
512
512
512
512
512
512
512
512
512
512
512
512
512
512
512
512
512
512
512
512
512
512
512
512
512
512
512
512
512
512
512
512
512
512
512
512
512
512
512
512
512
512
512
512
512
512
512
512
512
512
512
512
512
512
512
512
512
512
512
512
512
512
512
512
512
512
512
512
512
512
512
512
512
512
512
512
512
512
512
512
512
512
512
512
512
512
512
512
512
512
512
512
512
512
512
512
512
512
512
512
512
512
512
512
512
512
512
512
512
512
512
512
512
512
512
512
512
512
512
512
512
512
512
512
512
512
512
512
512
512
512
512
512
512
512
512
512
512
512
512
512
512
512
512
512
512
512
512
512
512
512
512
512
512
512
512
512
512
512
512
512
512
512
512
512
512
512
512
512
512
512
512
512
512
512
512
512
512
512
512
512
512
512
512
512
512
512
512
512
512
512
512
512
512
512
512
512
512
512
512
512
512
512
512
512
512
512
512
512
512
512
512
512
512
512
512
512
512
512
512
512
512
512
512
512
512
512
512
512
512
512
512
512
512
512
512
512
512
512
512
512
512
512
512
512
512
512
512
512
512
512
512
512
512
512
512
512
512
512
512
512
512
512
512
512
512
512
512
512
512
512
512
512
512
512
512
512
512
512
512
512
512
512
512
512
512
512
512
512
512
512
512
512
512
512
512
512
512
512
512
512
512
512
512
512
512
512
512
512
512
512
512
512
512
512
512
512
512
512
512
512
512
512
512
512
512
512
512
512
512
512
512
512
512
512
512
512
512
512
512
512
512
512
512
512
512
512
512
512
512
512
512
512
512
512
512
512
512
512
512
512
512
512
512
512
512
512
512
512
512
512
512
512
512
512
512
512
512
512
512
512
512
512
512
512
512
512
512
512
512
512
512
512
512
512
512
512
512
512
512
512
512
512
512
512
512
512
512
512
512
512
512
512
512
512
512
512
512
512
512
512
512
512
512
512
512
512
512
512
512
512
512
512
512
512
512
512
512
512
512
512
512
512
512
512
512
512
512
512
512
512
512
512
512
512
512
512
512
512
512
512
512
512
512
512
512
512
512
512
512
512
512
512
512
512
512
512
512
512
512
512
512
512
512
512
512
512
512
512
512
512
512
512
512
512
512
512
512
512
512
512
512
512
512
512
512
512
512
512
512
512
512
512
512
512
512
512
512
512
512
512
512
512
512
512
512
512
512
512
512
512
512
512
512
512
512
512
512
512
512
512
512
512
512
512
512
512
512
512
512
512
512
512
512
512
512
512
512
512
512
512
512
512
512
512
512
512
512
512
512
512
512
512
512
512
512
512
512
512
512
512
512
512
512
512
512
512
512
512
512
512
512
512
512
512
512
512
512
512
512
512
512
512
512
512
512
512
512
512
512
512
512
512
512
512
512
512
512
512
512
512
512
512
512
512
512
512
512
512
512
512
512
512
512
512
512
512
512
512
512
512
512
512
512
512
512
512
512
512
512
512
512
512
512
512
512
512
512
512
512
512
512
512
512
512
512
512
512
512
512
512
512
512
512
512
512
512
512
512
512
512
512
512
512
512
512
512
512
512
512
512
512
512
512
512
512
512
512
512
512
512
512
512
512
512
512
512
512
512
512
512
512
512
512
512
512
512
512
512
512
512
512
512
512
512
512
512
512
512
512
512
512
512
512
512
512
512
512
512
512
512
512
512
512
512
512
512
512
512
512
512
512
512
512
512
512
512
512
512
512
512
512
512
512
512
512
512
512
512
512
512
512
512
512
512
512
512
512
512
512
512
512
512
512
512
512
512
512
512
512
512
512
512
512
512
512
512
512
512
512
512
512
512
512
512
512
512
512
512
512
512
512
512
512
512
512
512
512
512
512
512
512
512
512
512
512
512
512
512
512
512
512
512
512
512
512
512
512
512
512
512
512
512
512
512
512
512
512
512
512
512
512
512
512
512
512
512
512
512
512
512
512
512
512
512
512
512
512
512
512
512
512
512
512
512
512
512
512
512
512
512
512
512
512
512
512
512
512
512
512
512
512
512
512
512
512
512
512
512
512
512
512
512
512
512
512
512
512
512
512
512
512
512
512
512
512
512
512
512
512
512
512
512
512
512
512
512
512
512
512
512
512
512
512
512
512
512
512
512
512
512
512
512
512
512
512
512
512
512
512
512
512
512
512
512
512
512
512
512
512
512
512
512
512
512
512
512
512
512
512
512
512
512
512
512
512
512
512
512
512
512
512
512
512
512
512
512
512
512
512
512
512
512
512
512
512
512
512
512
512
512
512
512
512
512
512
512
512
512
512
512
512
512
512
512
512
512
512
512
512
512
512
512
512
512
512
512
512
512
512
512
512
512
512
512
512
512
512
512
512
512
512
512
512
512
512
512
512
512
512
512
512
512
512
512
512
512
512
512
512
512
512
512
512
512
512
512
512
512
512
512
512
512
512
512
512
512
512
512
512
512
512
512
512
512
512
512
512
512
512
512
512
512
512
512
512
512
512
512
512
512
512
512
512
512
512
512
512
512
512
512
512
512
512
512
512
512
512
512
512
512
512
512
512
512
512
512
512
512
512
512
512
512
512
512
512
512
512
512
512
512
512
512
512
512
512
512
512
512
512
512
512
512
512
512
512
512
512
512
512
512
512
512
512
512
512
512
512
512
512
512
512
512
512
512
512
512
512
512
512
512
512
512
512
512
512
512
512
512
512
512
512
512
512
512
512
512
512
512
512
512
512
512
512
512
512
512
512
512
512
512
512
512
512
512
512
512
512
512
512
512
512
512
512
512
512
512
512
512
512
512
512
512
512
512
512
512
512
512
512
512
512
512
512
512
512
512
512
512
512
512
512
512
512
512
512
512
512
512
512
512
512
512
512
512
512
512
512
512
512
512
512
512
512
512
512
512
512
512
512
512
512
512
512
512
512
512
512
512
512
512
512
512
512
512
512
512
512
512
512
512
512
512
512
512
512
512
512
512
512
512
512
512
512
512
512
512
512
512
512
512
512
512
512
512
512
512
512
512
512
512
512
512
512
512
512
512
512
512
512
512
512
512
512
512
512
512
512
512
512
512
512
512
512
512
512
512
512
512
512
512
512
512
512
512
512
512
512
512
512
512
512
512
512
512
512
512
512
512
512
512
512
512
512
512
512
512
512
512
512
512
512
512
512
512
512
512
512
512
512
512
512
512
512
512
512
512
512
512
512
512
512
512
512
512
512
512
512
512
512
512
512
512
512
512
512
512
512
512
512
512
512
512
512
512
512
512
512
512
512
512
512
512
512
512
512
512
512
512
512
512
512
512
512
512
512
512
512
512
512
512
512
512
512
512
512
512
512
512
512
512
512
512
512
512
512
512
512
512
512
512
512
512
512
512
512
512
512
512
512
512
512
512
512
512
512
512
512
512
512
512
512
512
512
512
512
512
512
512
512
512
512
512
512
512
512
512
512
512
512
512
512
512
512
512
512
512
512
512
512
512
512
512
512
512
512
512
512
512
512
512
512
512
512
512
512
512
512
512
512
512
512
512
512
512
512
512
512
512
512
512
512
512
512
512
512
512
512
512
512
512
512
512
512
512
512
512
512
512
512
512
512
512
512
512
512
512
512
512
512
512
512
512
512
512
512
512
512
512
512
512
512
512
512
512
512
512
512
512
512
512
512
512
512
512
512
512
512
512
512
512
512
512
512
512
512
512
512
512
512
512
512
512
512
512
512
512
512
512
512
512
512
512
512
512
512
512
512
512
512
512
512
512
512
512
512
512
512
512
512
512
512
512
512
512
512
512
512
512
512
512
512
512
512
512
512
512
512
512
512
512
512
512
512
512
512
512
512
512
512
512
512
512
512
512
512
512
512
512
512
512
512
512
512
512
512
512
512
512
512
512
512
512
512
512
512
512
512
512
512
512
512
512
512
512
512
512
512
512
512
512
512
512
512
512
512
512
512
512
512
512
512
512
512
512
512
512
512
512
512
512
512
512
512
512
512
512
512
512
512
512
512
512
512
512
512
512
512
512
512
512
512
512
512
512
512
512
512
512
512
512
512
512
512
512
512
512
512
512
512
512
512
512
512
512
512
512
512
512
512
512
512
512
512
512
512
512
512
512
512
512
512
512
512
512
512
512
512
512
512
512
512
512
512
512
512
512
512
512
512
512
512
512
512
512
512
512
512
512
512
512
512
512
512
512
512
512
512
512
512
512
512
512
512
512
512
512
512
512
512
512
512
512
512
512
512
512
512
512
512
512
512
512
512
512
512
512
512
512
512
512
512
512
512
512
512
512
512
512
512
512
512
512
512
512
512
512
512
512
512
512
512
512
512
512
512
512
512
512
512
512
512
512
512
512
512
512
512
512
512
512
512
512
512
512
512
512
512
512
512
512
512
512
512
512
512
512
512
512
512
512
512
512
512
512
512
512
512
512
512
512
512
512
512
512
512
512
512
512
512
512
512
512
512
512
512
512
512
512
512
512
512
512
512
512
512
512
512
512
512
512
512
512
512
512
512
512
512
512
512
512
512
512
512
512
512
512
512
512
512
512
512
512
512
512
512
512
512
512
512
512
512
512
512
512
512
512
512
512
512
512
512
512
512
512
512
512
512
512
512
512
512
512
512
512
512
512
512
512
512
512
512
512
512
512
512
512
512
512
512
512
512
512
512
512
512
512
512
512
512
512
512
512
512
512
512
512
512
512
512
512
512
512
512
512
512
512
512
512
512
512
512
512
512
512
512
512
512
512
512
512
512
512
512
512
512
512
512
512
512
512
512
512
512
512
512
512
512
512
512
512
512
512
512
512
512
512
512
512
512
512
512
512
512
512
512
512
512
512
512
512
512
512
512
512
512
512
512
512
512
512
512
512
512
512
512
512
512
512
512
512
512
512
512
512
512
512
512
512
512
512
512
512
512
512
512
512
512
512
512
512
512
512
512
512
512
512
512
512
512
512
512
512
512
512
512
512
512
512
512
512
512
512
512
512
512
512
512
512
512
512
512
512
512
512
512
512
512
512
512
512
512
512
512
512
512
512
512
512
512
512
512
512
512
512
512
512
512
512
512
512
512
512
512
512
512
512
512
512
512
512
512
512
512
512
512
512
512
512
512
512
512
512
512
512
512
512
512
512
512
512
512
512
512
512
512
512
512
512
512
512
512
512
512
512
512
512
512
512
512
512
512
512
512
512
512
512
512
512
512
512
512
512
512
512
512
512
512
512
512
512
512
512
512
512
512
512
512
512
512
512
512
512
512
512
512
512
512
512
512
512
512
512
512
512
512
512
512
512
512
512
512
512
512
512
512
512
512
512
512
512
512
512
512
512
512
512
512
512
512
512
512
512
512
512
512
512
512
512
512
512
512
512
512
512
512
512
512
512
512
512
512
512
512
512
512
512
512
512
512
512
512
512
512
512
512
512
512
512
512
512
512
512
512
512
512
512
512
512
512
512
512
512
512
512
512
512
512
512
512
512
512
512
512
512
512
512
512
512
512
512
512
512
512
512
512
512
512
512
512
512
512
512
512
512
512
512
512
512
512
512
512
512
512
512
512
512
512
512
512
512
512
512
512
512
512
512
512
512
512
512
512
512
512
512
512
512
512
512
512
512
512
512
512
512
512
512
512
512
512
512
512
512
512
512
512
512
512
512
512
512
512
512
512
512
512
512
512
512
512
512
512
512
512
512
512
512
512
512
512
512
512
512
512
512
512
512
512
512
512
512
512
512
512
512
512
512
512
512
512
512
512
512
512
512
512
512
512
512
512
512
512
512
512
512
512
512
512
512
512
512
512
512
512
512
512
512
512
512
512
512
512
512
512
512
512
512
512
512
512
512
512
512
512
512
512
512
512
512
512
512
512
512
512
512
512
512
512
512
512
512
512
512
512
512
512
512
512
512
512
512
512
512
512
512
512
512
512
512
512
512
512
512
512
512
512
512
512
512
512
512
512
512
512
512
512
512
512
512
512
512
512
512
512
512
512
512
512
512
512
512
512
512
512
512
512
512
512
512
512
512
512
512
512
512
512
512
512
512
512
512
512
512
512
512
512
512
512
512
512
512
512
512
512
512
512
512
512
512
512
512
512
512
512
512
512
512
512
512
512
512
512
512
512
512
512
512
512
512
512
512
512
512
512
512
512
512
512
512
512
512
512
512
512
512
512
512
512
512
512
512
512
512
512
512
512
512
512
512
512
512
512
512
512
512
512
512
512
512
512
512
512
512
512
512
512
512
512
512
512
512
512
512
512
512
512
512
512
512
512
512
512
512
512
512
512
512
512
512
512
512
512
512
512
512
512
512
512
512
512
512
512
512
512
512
512
512
512
512
512
512
512
512
512
512
512
512
512
512
512
512
512
512
512
512
512
512
512
512
512
512
512
512
512
512
512
512
512
512
512
512
512
512
512
512
512
512
512
512
512
512
512
512
512
512
512
512
512
512
512
512
512
512
512
512
512
512
512
512
512
512
512
512
512
512
512
512
512
512
512
512
512
512
512
512
512
512
512
512
512
512
512
512
512
512
512
512
512
512
512
512
512
512
512
512
512
512
512
512
512
512
512
512
512
512
512
512
512
512
512
512
512
512
512
512
512
512
512
512
512
512
512
512
512
512
512
512
512
512
512
512
512
512
512
512
512
512
512
512
512
512
512
512
512
512
512
512
512
512
512
512
512
512
512
512
512
512
512
512
512
512
512
512
512
512
512
512
512
512
512
512
512
512
512
512
512
512
512
512
512
512
512
512
512
512
512
512
512
512
512
512
512
512
512
512
512
512
512
512
512
512
512
512
512
512
512
512
512
512
512
512
512
512
512
512
512
512
512
512
512
512
512
512
512
512
512
512
512
512
512
512
512
512
512
512
512
512
512
512
512
512
512
512
512
512
512
512
512
512
512
512
512
512
512
512
512
512
512
512
512
512
512
512
512
512
512
512
512
512
512
512
512
512
512
512
512
512
512
512
512
512
512
512
512
512
512
512
512
512
512
512
512
512
512
512
512
512
512
512
512
512
512
512
512
512
512
512
512
512
512
512
512
512
512
512
512
512
512
512
512
512
512
512
512
512
512
512
512
512
512
512
512
512
512
512
compression time = 0.007521
compressed data file: inputdata/dpot.dat.sz
