[SZ] Reading SZ configuration file (sz.config) ...
func: SZ_compress_double_1D_MDQ at file: src/sz_double.c
func: optimize_intervals_double_1D at file: src/sz_double.c
0
0
47986
54485
32753
43124
23058
26524
35021
60428
42012
2853
13921
57430
56871
6344
36487
0
36928
21551
14565
0
6497
0
46828
0
0
23815
0
0
39554
5205
7477
0
0
35708
5129
0
20774
11360
62915
25224
46256
0
0
45509
7274
0
13337
9293
6809
23999
55842
0
0
0
37879
0
0
6548
0
0
0
51645
0
47464
0
53757
7646
52556
0
0
0
23946
0
0
0
0
0
0
0
4781
0
0
0
0
0
0
40594
0
0
16563
0
0
0
32331
0
55822
0
0
0
165
1616
0
0
24781
0
0
15727
0
0
0
46470
15102
0
0
0
0
0
10584
0
0
3137
0
0
0
0
0
0
0
0
0
0
0
0
48174
43074
0
0
0
0
35969
0
0
0
0
0
0
0
0
29526
62547
0
0
0
0
25963
12879
0
0
0
0
0
0
0
45782
0
0
53947
0
36363
64653
60115
0
0
37387
0
0
0
25940
0
0
2507
0
0
0
0
0
0
0
0
0
0
0
42841
14065
0
0
0
0
0
0
0
41363
0
0
0
0
35914
0
0
0
59162
28930
0
0
0
34582
0
0
0
0
0
0
0
0
7150
0
0
0
0
0
0
0
0
0
0
0
0
0
0
0
30354
0
0
0
0
0
0
0
0
272
0
0
0
18239
0
19299
0
0
0
0
0
0
0
0
0
0
0
31348
55380
0
0
0
0
0
0
0
0
0
4969
0
49238
0
0
0
0
0
0
8083
0
0
0
2155
0
0
0
0
10067
0
4876
0
0
9411
0
61173
0
60399
11577
0
0
0
0
19836
19084
0
0
19784
0
0
0
0
0
0
0
0
22808
0
44193
0
0
0
0
0
0
0
0
0
0
0
0
0
0
0
0
0
0
0
0
0
0
0
0
0
0
0
0
0
0
0
0
7238
0
0
0
0
0
14837
0
0
7466
21515
0
0
0
0
0
47675
0
0
0
0
0
0
0
0
14871
0
0
0
0
0
0
0
0
0
27375
0
0
0
0
0
19494
0
0
0
0
0
0
53335
0
0
54978
0
6838
0
29336
0
0
0
0
0
0
0
0
39744
16444
0
31163
0
0
0
0
0
0
0
0
0
10643
15464
0
0
0
0
0
18204
0
0
0
0
0
0
0
0
0
58078
0
0
0
0
0
0
0
0
0
0
0
0
0
0
0
0
0
0
0
0
45852
0
0
0
0
0
0
0
0
50493
0
34053
0
0
0
0
0
0
0
50834
0
0
0
0
0
0
0
0
0
0
0
0
0
0
0
0
0
0
0
0
0
0
0
0
0
0
0
0
0
0
0
0
0
0
0
0
0
0
0
0
0
0
0
0
0
0
0
0
0
0
0
0
0
0
63152
0
0
0
0
0
35701
0
0
0
0
0
0
0
0
0
0
8130
0
0
0
0
0
33737
27125
0
1615
0
0
0
0
0
0
0
0
28709
0
0
0
0
0
0
0
0
0
0
0
0
0
0
0
0
0
0
0
0
0
0
0
0
0
0
0
0
0
53470
27246
0
33929
0
0
0
0
0
0
41947
0
0
0
0
0
36751
0
42683
0
40409
0
874
0
29086
0
0
41638
9756
0
0
25340
0
0
0
0
0
0
0
0
0
0
0
0
22414
0
0
0
0
0
0
0
0
0
0
0
0
0
57871
43517
42753
0
0
0
0
0
0
0
0
0
0
5081
0
0
0
0
24629
0
29725
0
51608
0
5518
0
0
0
0
0
0
0
0
0
4100
0
0
21091
0
0
0
0
0
0
0
0
0
0
0
0
0
0
33333
0
0
0
0
0
0
0
11505
0
5477
0
0
0
0
0
0
0
0
0
0
0
0
0
0
0
0
0
0
0
0
36280
0
0
20290
0
0
0
0
52174
0
0
0
0
0
0
0
0
0
19670
0
0
0
0
0
0
0
0
0
0
0
0
0
0
0
0
0
0
0
0
0
43133
54946
0
0
0
1035
0
0
0
0
0
0
28377
0
0
33465
0
0
0
0
0
30719
0
0
0
0
0
0
0
0
0
0
0
0
48826
0
0
0
0
0
0
0
0
0
10546
56005
0
0
0
0
0
0
49294
21678
0
0
0
0
0
0
0
0
37610
0
48600
45122
47265
0
0
0
0
0
0
26256
0
0
0
0
0
0
0
0
0
0
440
0
0
0
0
9126
0
52053
0
0
0
0
0
15318
0
0
0
0
0
0
0
0
862
0
0
0
37779
0
0
0
0
0
0
0
0
0
0
0
0
16164
25233
0
0
0
0
8513
0
0
0
0
0
3643
0
0
16893
961
0
0
0
0
0
0
0
0
39024
0
0
0
0
0
0
0
0
0
0
0
31558
0
0
0
49433
0
0
0
0
0
0
0
0
0
0
0
0
0
0
0
0
0
17830
0
0
0
0
23986
0
0
0
0
0
0
0
0
0
0
0
0
0
0
0
0
61240
0
0
0
39520
39618
0
0
0
0
15942
51514
62486
0
0
0
0
0
9668
15249
54644
0
0
34332
0
0
59585
0
35654
0
0
0
0
0
24388
0
0
41786
0
0
0
0
0
0
8436
0
0
0
0
0
0
48154
0
0
0
0
0
33707
23633
0
0
0
0
2092
0
0
0
0
38771
0
0
0
0
51240
0
0
0
0
0
0
0
0
0
0
0
0
0
0
0
0
0
0
0
0
0
0
0
0
0
0
0
0
60644
0
0
0
0
0
0
0
9853
0
0
0
0
0
0
0
0
0
0
41387
0
0
0
0
0
0
0
0
0
0
0
28817
0
0
37578
25328
0
19280
0
53348
0
0
0
0
0
63002
0
0
0
34788
0
0
0
0
0
0
0
0
0
0
0
0
0
0
0
0
0
0
0
20068
0
0
0
0
0
0
0
0
0
0
0
0
50191
35559
0
0
0
0
0
0
0
0
0
50023
0
0
0
0
4096
0
6737
0
0
0
0
0
0
0
0
0
0
0
0
58192
0
0
0
0
61572
0
0
0
0
0
0
0
0
0
0
0
0
0
0
0
0
0
0
0
0
0
0
0
31520
0
0
0
0
0
60031
0
55534
35730
0
0
0
0
0
0
0
0
0
0
0
0
0
13847
0
27009
0
0
0
0
0
0
0
25780
0
12361
0
0
0
0
61457
0
0
0
0
0
33002
0
0
0
0
0
0
0
0
0
4030
0
0
0
0
0
0
0
0
25734
0
0
0
0
0
0
0
0
0
0
38244
0
0
0
0
24858
18222
0
0
0
0
0
0
0
0
0
0
0
30848
0
65247
0
286
0
0
0
0
0
0
0
0
0
0
0
0
0
0
0
0
0
46739
0
0
0
0
0
16440
0
0
0
0
0
0
0
0
0
0
0
0
0
0
0
0
0
0
0
0
0
0
0
0
0
0
0
0
0
0
0
0
0
0
0
0
0
0
0
52172
0
0
0
0
0
0
0
0
21535
0
2972
50938
0
0
0
0
0
0
0
33629
0
0
0
11731
0
0
0
0
0
47381
0
0
0
0
0
0
0
0
0
0
0
0
0
0
9775
0
0
0
0
0
0
0
0
0
0
0
0
0
0
0
0
0
0
0
0
0
0
0
0
99
0
0
0
0
0
0
0
0
0
0
0
5151
0
0
0
0
0
0
0
0
0
0
53483
0
0
0
43123
0
0
0
0
0
0
0
0
0
0
0
0
0
0
0
0
0
0
0
0
0
0
0
0
0
0
0
0
0
0
0
0
0
0
0
0
0
0
0
0
0
0
0
0
54656
0
15376
57760
0
0
0
54667
0
0
0
0
16112
0
0
0
0
0
0
0
0
0
0
0
0
0
0
0
0
0
0
23991
0
0
0
0
0
0
0
0
0
0
0
0
0
0
0
0
0
0
0
0
0
0
0
0
0
0
0
0
0
0
0
0
0
0
0
0
61505
63759
0
0
0
0
0
0
0
57075
0
0
0
0
0
5034
0
0
0
0
0
0
0
0
0
0
0
0
0
0
0
0
0
0
0
0
0
0
0
0
0
0
0
0
14741
0
0
0
0
0
0
0
0
0
0
0
0
6418
0
0
0
0
0
0
0
0
39299
0
0
0
0
0
0
0
0
0
0
0
0
0
0
28921
0
0
0
0
0
0
17663
0
0
0
0
0
0
0
0
0
0
0
0
0
0
59087
0
0
0
0
0
0
0
0
0
0
0
0
0
0
0
0
0
0
0
0
0
32126
0
0
0
0
0
0
0
0
0
54979
0
0
0
0
0
0
0
0
0
0
0
0
0
0
0
0
0
0
0
0
8687
0
0
0
0
0
0
0
0
0
0
0
0
0
0
27847
0
0
0
0
0
0
0
0
0
0
0
0
0
0
0
0
62666
0
0
0
0
0
0
0
0
0
0
0
0
0
0
0
5069
0
0
0
0
0
0
0
0
0
0
0
0
0
498
0
0
0
0
0
6939
15304
0
0
0
0
0
0
0
0
0
0
0
0
0
0
0
0
52173
0
0
0
0
0
0
0
0
0
0
0
0
0
0
0
0
0
0
0
0
0
0
0
0
0
0
0
0
0
0
0
58985
0
0
0
0
0
0
0
57423
0
0
0
0
0
0
0
0
0
0
0
0
0
0
0
0
0
0
0
0
0
0
0
0
0
0
0
0
0
0
0
0
0
0
0
0
25876
0
0
0
0
0
0
0
0
0
0
0
0
54908
0
0
0
0
0
0
34001
0
0
0
0
0
0
0
0
0
0
0
0
0
0
0
0
0
0
0
0
0
47061
0
0
54547
0
0
0
0
0
0
2235
0
0
0
0
0
0
0
0
0
0
0
0
0
0
0
0
0
0
0
0
0
0
0
0
0
0
0
0
0
0
0
0
0
0
0
0
0
0
0
0
0
0
0
0
0
0
0
0
0
43948
0
0
21780
35771
0
0
0
0
0
0
0
0
0
0
0
0
0
0
0
0
0
43759
0
0
0
0
0
0
0
0
0
0
11068
0
0
0
0
0
0
41651
0
0
0
0
0
0
0
0
0
0
0
0
0
0
0
0
0
0
0
0
0
0
0
0
0
0
0
53541
0
0
0
0
0
0
0
0
0
0
0
0
0
15195
0
0
0
0
0
0
0
0
0
0
0
0
0
0
0
0
0
0
0
0
0
0
0
0
0
0
0
0
0
0
0
0
0
0
0
0
0
0
0
0
0
0
0
0
63367
0
0
0
0
0
0
0
0
0
0
0
0
0
0
0
0
0
0
0
0
0
0
0
0
33111
0
0
0
0
0
0
0
49951
0
53612
0
0
0
0
0
0
0
0
0
0
0
0
0
0
0
0
0
0
0
0
0
0
0
0
0
0
0
8240
0
0
0
0
0
0
0
0
0
0
0
0
0
0
0
0
0
0
0
0
0
0
0
0
0
0
0
0
0
0
0
0
0
0
0
0
0
0
49618
0
0
0
0
0
0
8548
0
0
62335
0
0
10075
0
0
34222
0
0
0
0
36304
0
0
0
0
0
0
56874
0
0
0
35841
0
0
0
0
0
0
0
0
0
0
0
0
0
13114
0
0
0
0
0
0
0
0
0
0
0
0
0
8824
0
0
0
0
0
0
0
0
0
0
0
0
0
0
0
0
0
0
0
0
0
0
0
0
0
0
0
0
0
0
0
0
0
19015
0
0
0
0
0
0
0
0
0
0
0
0
26663
0
0
0
0
0
0
0
0
0
0
0
13310
0
0
0
0
0
0
0
0
0
0
0
46259
0
0
0
0
0
0
0
0
0
0
0
0
0
0
0
0
0
0
0
62116
0
0
0
0
43374
35653
0
1293
0
0
0
0
0
0
0
0
0
0
17328
0
0
0
0
0
0
0
0
0
12529
25115
0
0
0
0
0
28712
0
0
0
0
0
0
0
19774
0
0
0
0
0
0
0
0
0
0
0
0
0
13364
0
0
0
0
0
0
0
0
0
0
0
0
34539
48796
21347
0
0
0
0
0
0
0
0
0
0
0
0
0
0
32169
0
0
0
0
0
0
0
0
0
0
0
0
0
0
30617
0
0
0
0
0
0
0
0
0
0
0
0
0
0
45056
0
0
0
0
0
0
0
0
0
0
0
0
0
0
0
0
0
0
0
0
0
0
0
0
0
0
60437
0
0
0
0
0
0
0
0
0
0
0
0
0
11181
0
0
0
0
0
0
0
0
0
0
40134
0
0
0
0
39612
0
0
0
0
0
0
0
0
0
0
0
0
0
0
20182
0
0
0
0
0
0
0
0
0
0
0
0
0
0
0
0
0
0
0
0
0
0
0
0
0
35382
22644
0
0
0
0
0
0
0
0
0
0
0
0
0
0
0
0
0
0
0
0
0
0
0
0
0
0
0
0
0
0
0
0
0
0
0
0
0
40447
0
0
0
0
0
62242
0
0
0
0
0
0
0
0
0
0
0
0
61134
0
0
0
65178
0
0
0
0
0
39606
0
0
0
0
0
0
0
0
0
0
0
0
0
0
0
0
0
0
0
0
0
0
0
0
30977
0
0
0
0
0
0
0
0
0
0
0
0
0
0
0
0
0
0
0
0
0
0
0
0
0
0
0
0
0
0
0
36906
32162
33365
32947
0
22932
0
0
0
0
0
0
0
49263
0
0
0
0
21338
0
0
0
0
0
61656
0
0
0
0
0
0
0
22814
0
0
0
0
0
0
0
0
0
0
0
57021
0
0
0
0
0
0
0
0
0
50305
0
0
0
0
0
0
0
0
0
0
0
0
0
0
0
0
0
3210
0
0
0
0
0
0
0
0
0
0
0
0
0
0
0
0
0
0
52219
0
0
0
20929
0
0
0
0
0
0
0
0
0
0
0
0
0
0
0
0
0
0
0
0
0
0
0
0
0
0
0
0
0
35945
0
0
0
0
12572
0
35437
0
0
0
0
0
0
0
0
0
22655
0
0
0
0
0
0
0
0
0
0
0
0
28795
0
0
0
5323
0
62270
0
0
0
0
0
0
0
0
0
0
60854
0
0
0
0
0
0
0
0
0
0
0
0
0
0
0
0
0
0
0
0
0
0
0
0
0
0
0
0
0
0
0
0
0
0
0
0
0
0
0
0
0
0
0
24895
0
0
0
0
0
0
0
0
0
0
0
0
0
7746
0
21592
40531
0
5000
0
0
0
0
0
0
0
38716
0
0
0
0
0
0
0
0
0
60165
33241
0
0
0
0
0
0
0
16036
0
0
0
0
0
0
0
0
0
0
0
0
0
0
0
0
0
0
0
0
0
0
0
0
0
42250
0
0
27140
0
0
0
0
0
0
0
0
26348
0
0
0
0
0
0
51145
42166
0
0
0
0
52007
0
0
0
0
0
0
0
0
0
56985
0
0
0
0
0
0
0
0
0
0
0
0
0
0
0
0
0
0
0
0
0
0
0
0
0
0
0
0
0
830
0
0
0
0
0
0
0
0
0
0
26675
57087
0
0
0
0
0
0
0
0
0
0
0
20446
0
0
0
7215
0
0
0
0
0
0
0
0
0
0
0
0
0
0
1741
0
0
0
54016
0
0
0
0
4540
56099
0
0
0
0
0
0
0
0
0
0
0
0
0
0
0
0
0
0
0
0
0
0
0
0
0
0
0
0
0
0
0
0
0
0
0
0
0
0
0
0
34496
0
0
0
0
0
52977
0
0
0
0
0
0
0
0
0
2834
0
15643
0
0
0
0
0
0
0
44672
0
0
0
0
0
0
0
0
0
0
0
0
0
0
0
0
0
0
0
0
0
0
0
0
0
24745
0
0
0
0
0
0
0
0
0
0
0
0
0
0
0
0
0
0
0
0
0
0
0
0
0
40069
0
0
0
0
0
0
0
60227
0
0
0
0
0
0
44129
0
0
0
0
0
0
0
0
39849
17287
36622
0
0
0
0
0
0
0
0
0
0
0
0
0
0
0
0
0
0
0
40720
0
0
0
0
0
0
29593
0
0
0
0
0
0
0
0
0
0
0
0
0
20991
0
0
0
0
0
39332
17525
0
0
0
0
0
27575
21929
0
0
0
33851
0
0
0
0
0
0
0
0
0
0
0
0
0
0
28133
0
0
0
23349
0
0
0
0
0
0
0
0
46103
23855
0
0
0
0
0
0
0
1764
0
0
0
0
0
0
0
0
0
0
0
0
0
0
0
0
0
0
0
0
0
0
0
0
60377
0
0
0
0
0
0
0
0
0
0
0
0
47994
7977
0
0
0
0
20939
0
0
0
0
0
0
33575
0
0
26617
0
0
0
0
0
0
0
0
0
0
0
0
0
0
0
0
0
0
0
0
0
0
0
0
0
0
0
0
0
0
0
0
0
0
0
23054
8159
0
0
0
0
0
0
0
0
0
0
0
0
0
0
0
0
0
0
0
0
0
0
0
0
0
0
0
0
0
0
0
0
0
0
0
0
60338
0
0
0
0
0
25412
0
0
52703
0
0
0
0
0
0
0
0
0
0
0
0
0
33363
0
0
0
0
0
0
0
0
0
0
0
0
0
0
0
0
0
0
0
0
0
0
0
0
0
0
0
0
0
0
0
0
0
0
0
0
0
0
0
0
0
0
0
58747
0
0
0
0
0
0
0
0
0
0
0
0
0
0
0
0
0
0
0
0
0
0
0
0
0
0
0
0
0
0
40338
0
0
0
0
0
0
0
0
0
0
0
0
31403
0
0
0
27052
0
0
0
0
0
52515
0
0
0
0
0
0
0
0
0
8575
0
0
0
0
0
37588
20107
0
0
0
0
0
0
14586
0
0
0
0
0
0
0
0
49858
0
0
0
0
0
63024
0
0
0
0
56959
50807
0
0
0
151
0
0
0
0
0
0
0
0
39631
0
0
0
0
0
0
0
0
40923
0
0
0
0
0
0
0
0
0
0
0
0
0
0
0
0
0
0
0
41593
0
0
0
0
0
0
0
0
0
39154
0
0
40544
0
0
0
0
0
0
0
0
0
47905
0
0
0
0
57813
0
39784
0
0
0
37457
0
0
0
0
0
0
53826
0
0
0
0
0
0
0
41758
0
0
0
0
0
0
0
0
0
0
0
0
64114
0
27427
0
0
0
0
0
0
5045
0
0
0
0
0
0
0
0
0
48565
0
0
0
0
0
0
0
0
0
0
0
0
0
0
0
0
0
54954
0
0
0
0
0
0
0
0
0
0
0
6604
0
6585
0
0
0
0
0
0
47113
0
0
0
0
0
0
0
0
43308
0
0
0
0
0
0
0
0
0
0
0
49129
0
0
0
43767
0
0
0
0
0
0
0
0
0
0
0
0
0
0
0
65207
0
0
0
0
0
0
0
0
0
0
0
0
0
5971
25187
18722
65477
0
9704
0
0
0
0
0
0
0
0
0
0
0
0
0
0
0
0
0
0
0
17556
40214
62533
0
0
0
0
0
0
0
0
0
41333
0
0
0
0
0
0
19299
0
0
0
0
0
0
0
0
0
0
0
0
20968
0
51845
0
29419
0
0
54183
0
0
0
0
0
0
0
0
0
13907
0
0
0
0
0
0
0
2578
0
0
0
0
0
0
0
0
0
0
0
0
0
0
0
0
0
0
0
0
0
0
0
0
0
0
0
49986
0
0
0
7464
28046
0
0
0
0
0
0
354
0
0
0
0
0
0
0
0
0
0
0
20147
0
0
0
0
0
0
0
0
0
0
0
0
0
0
0
0
0
0
0
0
0
0
0
0
0
0
0
46448
0
0
54394
0
0
13982
0
0
0
0
0
0
0
0
0
0
36469
0
0
0
0
0
0
0
0
0
0
0
0
0
0
0
0
0
0
48955
0
0
0
0
0
0
0
0
37868
0
0
0
0
0
0
0
0
29662
0
0
0
0
0
18358
64572
52150
0
0
0
0
0
29719
50870
0
0
0
7227
42676
39019
54264
62704
0
0
0
0
0
0
0
0
0
36984
0
0
0
46576
0
0
0
0
0
0
0
0
0
3935
0
0
0
0
0
0
0
0
0
0
0
0
0
0
0
0
0
0
0
0
0
0
0
0
36172
0
0
0
0
0
0
0
55965
0
0
0
0
0
0
0
0
0
0
0
0
0
0
0
0
0
0
0
0
0
0
40772
0
50110
0
0
0
0
0
0
0
0
0
0
0
0
0
0
0
6001
0
0
64644
0
0
0
0
0
0
0
0
0
0
0
0
0
0
0
0
0
0
0
0
0
0
0
0
0
0
0
0
0
0
0
0
0
0
0
15048
0
0
0
0
0
0
0
0
0
0
0
0
0
0
0
0
41937
0
0
14492
0
0
0
0
0
0
0
0
0
0
0
0
0
0
0
0
15733
0
0
0
0
0
18793
0
0
0
0
0
0
26151
0
0
0
0
0
0
0
0
38335
0
0
0
3585
0
0
0
0
0
0
0
0
0
0
0
0
0
8392
0
0
0
0
0
0
44215
0
0
20124
0
0
16377
0
34585
44555
25723
59262
0
0
0
0
0
0
0
0
0
0
0
60488
0
0
0
0
0
0
0
0
0
0
0
0
0
45012
0
6081
0
0
46621
0
0
0
0
0
0
0
0
0
0
0
0
0
0
0
0
0
0
0
0
0
0
0
0
0
37203
65229
0
0
0
0
0
0
0
0
6968
0
0
23175
18038
16524
0
0
0
0
0
0
0
0
0
11883
0
0
0
0
0
0
0
0
0
0
0
0
2569
16556
0
0
0
0
0
0
0
4984
32711
33587
0
0
0
59452
0
0
0
0
0
0
0
0
0
0
0
0
0
0
0
0
0
0
28897
0
0
0
0
0
0
0
0
0
37764
0
0
0
0
47914
0
0
0
0
0
0
0
0
0
23792
0
0
0
0
0
47514
0
0
0
0
0
0
0
0
0
0
0
0
0
0
51375
0
0
0
0
0
0
14178
0
57625
19250
0
0
0
0
10129
53918
40874
0
5921
0
0
56645
0
0
21604
0
0
0
0
0
0
0
0
0
8438
0
0
0
0
19759
0
0
47498
0
0
0
0
0
9595
0
54728
0
0
31004
0
64453
0
0
0
0
934
15101
0
0
29271
55364
0
0
0
0
0
18080
0
0
0
0
0
0
0
0
22291
0
60937
0
0
0
0
0
0
0
31818
0
0
0
0
0
0
0
0
0
0
0
0
0
0
0
0
0
0
0
0
0
0
0
0
0
0
0
0
0
0
0
0
0
0
0
19710
0
0
0
0
0
0
0
0
0
0
0
0
17205
0
0
0
0
0
0
0
0
0
0
21895
4968
0
0
0
0
0
0
0
0
0
15965
0
0
51221
43792
50794
0
0
0
0
0
0
0
0
0
0
0
0
0
0
0
0
35838
0
0
0
0
0
0
0
0
0
0
0
63933
0
3202
57118
34461
0
0
0
0
0
0
0
0
0
4604
0
0
0
0
0
0
0
0
0
0
0
0
0
0
0
0
0
0
0
0
0
0
0
0
0
0
0
0
0
0
0
0
0
0
13406
0
0
0
0
0
0
0
0
0
0
0
0
0
0
30719
0
0
0
0
0
0
0
0
0
0
28609
0
0
0
0
0
0
0
0
0
24733
0
22226
0
3586
0
36155
0
0
39679
0
0
0
0
0
0
0
0
0
0
0
0
0
0
55721
0
0
40072
0
0
0
0
0
0
0
0
0
0
0
0
0
8076
0
53625
0
0
0
0
0
0
0
0
0
0
0
0
0
0
9527
0
0
0
32724
0
0
0
0
0
0
0
0
0
0
0
22899
2853
0
0
0
0
0
49204
0
0
0
0
0
0
0
47414
0
0
0
0
0
0
0
0
0
55180
0
0
0
0
0
0
0
0
0
0
0
0
0
59338
38234
0
0
0
0
0
0
32505
0
0
0
0
0
0
58529
0
0
0
0
57540
0
0
0
32305
51
0
0
0
0
0
0
0
0
2815
0
0
0
0
0
0
0
0
0
35499
0
0
45625
0
42856
0
0
0
24990
23904
0
0
0
0
0
0
0
0
0
0
0
0
0
0
0
0
0
0
0
0
0
0
0
19358
0
0
0
0
0
0
0
0
0
0
0
0
0
0
0
0
32397
0
0
0
0
0
0
0
0
0
0
0
0
0
0
0
0
0
0
2547
0
0
0
0
0
0
0
0
0
0
0
0
0
0
0
0
0
0
0
0
0
668
0
0
0
0
0
0
0
0
0
0
0
0
0
0
0
0
14805
0
0
0
0
0
0
0
13582
60750
0
35014
0
0
0
0
7584
0
0
0
0
0
0
0
38700
0
0
0
0
0
21042
0
0
0
0
0
29869
0
0
0
40143
0
0
0
0
0
8443
0
0
0
0
0
0
0
0
0
0
0
0
0
0
0
0
0
0
0
0
0
0
13326
0
0
0
0
0
0
0
0
0
0
0
0
0
46085
0
0
0
0
0
34573
0
0
0
0
0
0
0
4203
0
0
0
0
0
0
0
0
0
0
33987
0
0
0
0
0
0
0
13164
0
0
0
31237
0
0
0
0
0
0
48357
0
0
0
1423
0
0
0
0
0
0
0
0
47112
0
0
0
0
0
0
0
0
0
0
0
3954
51145
0
0
0
0
0
54571
0
0
0
0
0
0
0
0
0
0
0
29277
0
0
0
0
0
0
0
0
0
0
36367
0
0
11023
0
0
0
0
0
0
0
0
0
0
0
0
0
0
0
0
0
0
0
0
0
0
34289
0
0
0
0
0
0
0
0
0
0
0
0
0
0
0
0
0
0
0
0
0
0
0
15891
54981
0
0
0
0
0
0
0
0
0
0
55488
0
0
0
0
0
0
0
0
33756
0
0
0
44556
0
0
0
53363
0
0
0
40136
0
0
0
0
0
0
0
0
0
58047
0
0
0
0
0
0
0
47161
0
0
0
0
0
0
56756
0
0
0
0
0
0
0
0
0
0
0
3861
0
0
0
0
0
0
0
0
0
0
0
0
0
0
0
0
0
0
0
0
0
0
0
0
0
0
0
0
0
0
0
0
0
0
0
0
27809
0
0
0
0
0
0
0
0
25506
0
0
0
0
0
0
0
0
0
30720
14365
0
0
0
0
0
33157
0
0
0
0
0
0
11959
0
0
0
0
0
0
0
0
18440
0
0
0
0
0
0
0
0
0
0
0
0
0
0
0
0
0
0
0
0
0
0
0
0
0
0
0
0
0
0
59472
0
0
0
33142
28066
0
0
0
0
0
0
0
0
0
0
15678
0
0
0
0
0
0
0
0
0
5168
0
0
60404
0
0
0
0
34076
41404
0
0
0
0
0
0
0
0
0
0
0
0
0
0
0
42791
0
0
0
0
0
0
0
0
0
0
0
0
0
0
0
0
0
0
0
0
0
0
0
0
0
0
0
0
0
0
0
21208
0
0
0
0
0
0
0
0
0
0
0
0
0
0
0
0
0
0
0
0
0
0
0
0
0
0
0
0
34842
30953
0
0
0
0
0
0
0
0
0
0
0
0
41359
15717
25232
0
0
0
0
0
0
0
0
14509
0
0
0
0
0
0
0
0
0
0
0
0
0
0
0
0
0
0
0
0
0
0
0
0
21813
0
0
2426
0
56381
0
0
0
0
0
0
0
61649
0
0
0
0
0
0
0
0
0
0
22155
17840
0
0
0
0
0
0
0
0
36578
20664
0
0
0
25869
0
0
0
0
0
0
0
0
0
0
0
0
0
56419
0
21213
0
0
0
0
0
0
0
0
12161
0
0
0
0
0
60081
0
44250
0
0
0
0
0
0
0
0
0
0
0
59213
0
0
0
0
0
0
0
0
0
0
0
0
0
0
0
0
0
0
0
0
51332
0
0
0
0
0
0
0
0
0
0
0
0
0
0
0
0
0
0
0
0
0
0
0
0
0
0
0
44595
0
0
0
0
0
0
0
0
0
0
0
0
0
0
0
0
0
55659
0
0
0
0
41198
0
0
0
0
0
0
0
0
0
42541
0
0
0
0
0
36139
0
0
0
0
0
0
0
0
0
0
0
0
0
0
63891
0
0
0
0
0
0
0
0
0
0
0
0
0
0
0
0
0
0
0
0
0
0
0
0
0
0
0
0
0
0
0
0
0
0
55546
0
0
0
0
0
0
0
0
0
42671
0
0
0
0
0
0
0
0
0
11147
0
0
29617
0
49853
0
0
0
0
0
23798
0
0
0
54178
0
0
0
22025
0
0
0
0
0
0
0
0
0
0
0
0
0
0
0
34457
0
0
0
0
0
11310
0
0
0
0
0
0
0
0
0
0
0
28900
0
0
0
0
0
0
0
0
0
0
0
0
0
0
0
0
0
0
4407
47216
0
13721
0
0
0
16973
0
0
0
0
0
0
0
0
51491
32661
0
0
0
0
0
0
0
0
0
0
0
0
50968
0
0
0
0
0
0
0
0
0
0
0
0
0
0
0
0
0
0
0
0
0
0
0
0
0
0
0
0
0
0
0
0
0
17323
0
0
0
0
0
0
0
0
40683
0
0
0
0
0
0
0
0
0
28257
0
37192
0
0
0
0
0
0
50021
0
0
0
0
0
0
0
0
0
0
0
0
32700
0
0
47602
0
0
0
0
0
0
0
0
0
0
0
22965
0
17799
0
0
0
0
0
0
0
53932
0
0
0
0
0
0
0
0
0
0
0
0
0
0
0
0
0
0
0
0
0
0
0
0
0
0
0
0
0
0
0
931
0
0
0
0
0
0
0
0
0
0
11774
30278
0
0
0
0
0
0
61282
0
0
0
0
0
30198
0
0
0
0
0
0
0
0
0
0
0
0
0
0
0
0
0
0
28390
0
0
0
0
0
0
0
0
0
0
0
0
0
0
0
0
0
0
0
0
0
0
0
0
0
0
0
0
49794
0
0
0
0
0
0
0
41991
0
0
0
0
0
0
0
0
0
34244
0
0
57525
0
0
0
0
0
0
0
0
0
0
0
0
0
62827
0
0
0
0
0
0
0
38769
0
0
0
0
0
0
0
0
0
0
0
0
0
0
0
0
0
0
0
38315
0
0
0
0
44660
0
0
5467
0
0
0
0
0
0
0
0
0
0
0
0
0
0
0
0
0
0
0
0
0
0
0
0
0
0
62348
0
0
44901
0
0
0
0
0
0
0
0
0
0
0
0
0
0
6415
0
0
0
0
0
0
2624
12878
0
0
0
46735
0
0
0
0
0
0
0
60972
0
0
0
0
0
0
40292
52961
9954
0
0
0
0
0
0
47991
10718
0
0
0
0
0
0
30711
0
47773
0
0
0
0
0
63900
0
0
0
0
0
0
0
0
0
0
0
0
0
0
0
0
14717
0
0
0
65250
0
0
0
0
0
0
0
0
0
0
0
0
0
0
0
30270
0
0
0
0
0
0
0
0
0
50029
0
0
0
0
0
0
0
0
0
0
0
0
0
0
0
0
0
0
0
0
19354
0
0
0
0
0
0
0
0
53360
0
0
0
0
0
0
0
0
0
0
0
0
0
0
0
0
0
0
0
0
0
0
0
0
0
0
0
0
0
0
0
39477
0
0
0
0
0
47636
0
0
0
45720
0
0
0
0
0
0
0
0
0
0
0
0
0
0
0
0
0
0
0
0
0
17044
0
0
0
0
0
60075
0
0
0
0
0
40226
0
29763
1384
0
0
0
36464
0
0
0
0
0
0
0
0
0
0
0
0
0
0
0
0
0
57021
0
0
0
0
0
0
38715
0
0
0
0
12458
0
0
0
0
0
0
0
0
0
0
0
0
0
0
0
0
0
0
0
0
0
0
0
0
54727
0
0
13156
11856
56211
56743
29681
0
0
0
0
0
0
0
33909
61638
0
0
0
0
0
0
50767
0
24902
0
0
0
0
0
0
0
0
1232
0
0
0
0
0
0
0
49831
0
0
0
0
0
0
0
0
0
58222
0
0
0
0
0
0
31573
0
0
0
0
0
0
0
13081
0
0
0
14009
0
0
0
0
0
0
0
0
0
0
0
0
0
0
0
0
0
0
0
2442
0
0
0
0
0
0
0
0
0
0
0
0
0
0
0
0
0
0
0
0
0
0
0
0
0
0
0
0
0
0
8838
0
0
0
0
0
0
0
0
0
0
0
3349
0
0
0
0
0
0
0
0
0
0
0
0
0
26674
0
0
0
0
0
0
0
51477
0
0
0
0
0
0
0
0
0
0
0
0
0
0
51166
0
0
0
0
0
0
0
15188
0
0
0
0
0
0
0
0
0
0
0
0
0
0
0
0
0
0
57847
0
0
0
0
0
0
11439
0
0
0
0
0
0
0
0
0
0
0
0
0
0
0
0
0
0
0
0
0
0
0
0
0
0
8139
0
0
0
0
0
0
44006
0
0
0
0
0
0
0
0
0
0
0
0
0
0
0
0
4107
0
0
37097
0
0
0
0
0
0
0
0
0
0
0
0
0
0
0
0
0
0
0
0
0
0
0
0
0
0
0
0
0
0
3122
0
0
0
0
0
0
0
0
0
0
0
0
0
0
0
0
0
0
0
0
0
0
0
0
52590
0
0
0
65523
0
0
0
0
0
0
27116
0
0
0
0
6521
0
0
0
0
0
0
16752
0
37548
0
0
0
0
0
0
0
0
0
10748
42954
0
0
0
0
0
0
0
0
0
0
0
6684
0
0
0
0
37447
0
0
0
0
8803
0
0
0
0
0
0
0
0
0
0
0
0
0
0
0
0
0
0
0
24893
0
0
0
0
0
0
0
0
50589
0
0
0
0
0
15147
0
1994
0
0
0
0
0
15055
0
0
0
0
0
0
0
47366
0
0
0
0
0
0
0
37659
0
0
0
0
0
47155
0
0
0
0
0
0
0
0
0
0
0
0
0
0
0
0
0
0
0
0
5025
0
0
0
0
0
60051
0
0
0
0
0
0
0
0
0
0
0
0
0
0
0
0
0
0
17017
0
0
0
0
0
0
34335
0
0
0
0
0
0
0
0
0
0
0
0
0
0
0
0
0
0
18180
0
0
0
0
0
13648
0
0
0
0
0
0
0
0
0
0
0
0
0
26315
0
0
0
0
0
0
0
0
0
0
0
0
0
0
0
0
0
0
0
13778
0
0
0
0
0
0
0
0
0
0
47365
0
59149
0
0
0
0
0
0
0
41519
0
0
0
0
0
0
24653
0
0
0
0
0
0
0
0
0
0
32315
22574
0
4975
0
0
0
0
0
0
0
0
0
0
0
0
0
0
0
0
0
15170
0
0
35161
0
0
0
0
0
38154
0
0
0
0
0
0
0
0
0
0
0
0
0
0
0
0
0
0
0
0
0
0
0
49066
0
0
0
0
0
0
0
0
0
13189
0
0
0
0
0
0
0
0
0
0
0
0
0
0
0
0
0
0
20311
0
63297
0
0
0
0
0
0
0
0
0
0
0
0
0
0
0
0
0
0
0
0
0
0
0
27175
0
0
0
0
0
0
0
0
0
0
0
0
0
0
3861
0
0
0
21900
0
0
0
0
0
21764
13670
0
0
0
0
0
0
0
0
0
0
0
0
0
0
0
0
33137
0
0
0
0
49459
0
0
0
26159
0
0
0
0
0
0
0
0
0
0
0
0
0
0
0
0
0
0
19663
0
0
0
0
0
0
0
0
0
0
0
0
0
0
0
48341
0
0
0
0
0
0
0
0
0
0
0
0
0
0
40066
0
0
0
0
0
0
0
0
61279
0
0
0
0
0
0
0
0
0
0
0
0
0
45078
0
0
0
0
0
0
0
0
0
0
0
0
0
0
0
0
0
0
0
0
0
0
0
0
22977
38083
0
5319
61606
0
0
0
0
0
59995
0
0
0
0
0
0
0
0
0
0
22815
0
0
0
0
0
0
0
0
0
0
0
0
0
0
0
0
0
0
19760
0
0
0
55961
0
0
0
0
61283
0
0
0
0
0
0
0
0
0
4293
0
0
44991
0
0
0
0
0
0
0
50545
0
0
21087
0
27284
0
0
0
0
0
0
0
0
0
0
0
32409
0
0
0
0
0
0
0
0
0
0
0
0
0
10892
0
0
0
0
0
0
0
0
0
54646
0
0
0
6407
0
0
0
0
0
0
0
0
0
0
0
0
0
0
0
0
0
0
0
0
0
0
0
0
0
0
0
9911
0
0
0
0
0
0
0
39148
0
0
0
0
0
0
26283
0
0
0
0
0
0
0
0
0
0
0
0
5496
0
0
0
0
0
0
0
0
0
0
0
0
0
0
0
0
0
0
0
55823
0
0
0
0
0
0
0
43850
0
0
5701
0
0
0
0
0
0
0
0
0
0
0
0
56268
0
0
0
0
0
0
0
0
45496
0
0
0
0
0
0
51293
28599
42029
0
0
0
0
0
0
0
0
0
0
0
0
0
0
0
0
0
0
0
42842
0
0
0
0
0
9278
0
0
0
0
0
0
0
0
0
0
0
0
38533
31642
0
0
0
0
0
0
62554
21628
0
0
0
0
0
0
0
0
0
0
0
0
0
0
0
0
0
0
19585
0
0
0
0
0
0
0
0
0
0
0
49581
64412
0
0
0
0
0
0
0
0
0
0
1194
0
0
0
0
0
0
0
0
0
25600
13207
63084
0
0
0
0
34405
0
0
0
0
0
0
0
0
0
0
0
0
0
0
0
0
0
0
0
0
0
0
4595
0
39618
0
0
0
0
0
0
0
0
0
0
0
0
0
38382
44854
0
0
26320
0
0
0
0
0
631
0
30655
0
0
0
0
0
0
0
46311
0
0
0
0
0
0
0
0
28912
60976
0
0
0
0
0
0
0
0
44237
0
0
0
0
3384
0
0
0
0
0
0
0
0
0
0
0
0
0
0
0
0
0
0
0
0
0
0
0
0
0
0
0
0
0
0
0
0
0
0
0
0
0
32414
0
0
0
0
20450
0
0
0
0
0
0
0
0
0
0
0
0
0
0
0
0
0
0
0
0
0
0
0
0
39587
0
20479
0
0
0
0
0
0
0
0
0
3633
0
0
0
0
0
0
0
0
0
0
0
0
0
0
0
0
0
0
8892
0
0
0
0
0
0
0
0
0
0
65276
0
57444
0
0
0
0
0
0
0
0
0
0
0
0
0
0
0
0
0
0
0
0
0
0
0
0
0
27676
10066
0
0
0
0
0
0
0
0
0
0
0
0
0
0
0
0
0
0
0
0
38849
0
0
0
0
0
0
0
0
0
0
0
0
0
8895
0
0
0
0
0
0
0
31898
0
0
0
0
22706
20530
0
0
0
0
0
14640
17090
59792
0
0
0
0
0
0
0
0
0
0
0
0
0
0
0
0
0
23257
0
0
47221
0
0
0
0
0
0
0
0
57629
5816
0
0
0
0
0
0
0
0
0
0
0
0
0
0
0
0
0
0
0
0
0
0
59043
41618
0
0
0
0
0
0
0
0
0
0
61471
0
0
0
0
63622
0
0
0
0
0
0
0
0
0
0
0
0
0
0
0
0
0
0
0
0
0
0
0
0
0
0
0
0
0
0
0
0
0
0
10832
0
0
0
0
0
0
0
0
0
0
0
0
0
0
0
39711
0
0
0
10419
0
0
0
0
0
0
0
0
0
0
0
0
0
0
0
0
0
0
0
2449
4120
0
0
31077
0
0
0
0
0
0
0
0
0
0
0
0
0
0
17920
55364
0
0
0
41333
0
0
0
0
0
0
0
0
0
0
64522
0
0
0
0
0
0
0
0
38504
0
0
12208
0
0
0
0
0
18451
0
0
0
0
0
0
0
0
0
0
0
0
0
19997
0
0
48051
0
0
0
0
0
0
0
0
0
0
0
0
0
0
0
0
0
0
0
0
0
27156
0
0
0
0
0
0
0
0
0
0
0
0
0
0
0
0
0
0
0
0
0
9599
0
0
0
0
0
0
0
0
0
0
0
0
0
0
0
0
0
0
0
0
0
0
0
0
0
0
42481
0
0
0
0
0
0
0
47476
0
0
0
0
0
0
0
54814
0
0
0
0
0
0
0
0
0
0
0
0
0
0
0
0
0
49943
0
0
0
0
0
0
0
0
0
0
0
0
0
0
0
0
6655
0
0
0
0
0
13924
0
0
10026
0
0
0
0
0
56984
0
0
0
0
65348
0
0
0
0
0
0
0
0
0
0
0
0
0
0
0
0
0
0
0
18439
0
0
0
0
57912
0
0
0
0
0
0
18325
0
0
0
0
0
0
0
0
8767
10032
949
18896
0
0
0
0
0
0
0
0
0
0
0
0
0
0
0
0
0
0
0
0
0
0
0
0
0
0
0
0
0
0
0
0
0
0
0
0
0
0
62187
0
0
64795
0
0
0
41376
0
0
52998
0
0
0
0
7522
0
0
0
0
0
0
0
0
28786
0
0
47247
0
0
0
0
0
0
14865
0
0
0
0
0
30321
0
0
0
0
0
0
0
0
0
9153
0
0
0
0
0
0
0
40795
0
0
0
0
0
0
0
0
0
0
0
0
13498
0
0
0
0
0
0
0
0
0
0
0
0
0
0
0
0
0
0
0
0
0
0
0
0
0
0
33886
0
22763
0
41931
0
0
0
55538
0
0
0
0
0
0
0
0
41286
8112
0
0
0
0
0
0
0
0
0
0
0
0
0
45609
39074
0
0
0
0
0
14810
0
0
0
0
44404
0
0
0
0
0
0
0
0
0
0
52106
0
0
0
0
0
0
0
36326
0
0
0
0
0
0
0
0
0
0
21171
59683
0
0
0
0
0
0
0
0
0
0
0
0
0
0
0
0
0
0
0
0
0
0
0
0
0
0
38463
0
0
34789
14928
0
0
50658
0
0
0
0
23363
12149
0
0
0
0
0
0
0
0
0
0
0
0
0
0
0
0
0
0
0
0
0
11411
0
0
0
0
0
0
0
0
0
0
0
0
0
40116
0
0
0
0
0
0
46346
0
0
0
0
0
0
0
0
0
0
0
0
0
0
0
0
0
0
0
0
0
0
0
0
0
0
0
0
0
0
0
0
0
0
0
0
0
0
0
0
0
0
0
0
0
0
0
0
0
0
0
0
0
0
0
0
25598
0
0
0
0
0
64854
0
0
0
0
0
0
0
0
0
0
0
0
23242
0
0
0
0
0
0
0
0
0
0
0
0
0
0
0
0
0
57412
0
0
0
40138
0
0
0
0
0
0
0
0
0
0
0
0
0
0
0
0
0
0
0
0
0
0
0
62833
0
0
0
15204
0
0
0
0
0
0
0
0
0
0
0
0
0
0
0
0
0
0
0
0
0
60547
0
0
0
0
0
0
0
0
0
0
0
0
0
0
0
0
0
0
37043
0
0
0
36547
0
0
0
0
0
0
0
0
0
0
0
0
0
0
0
0
0
0
0
60987
0
0
3494
0
0
0
0
0
0
0
30191
0
0
0
0
0
0
0
0
0
0
47415
0
58380
0
0
0
0
0
0
0
0
0
0
0
0
0
0
0
0
0
0
0
0
0
0
0
0
0
16689
0
0
0
0
0
0
0
42293
0
0
52567
0
0
37598
0
0
0
0
0
0
0
0
0
0
0
0
62557
0
0
0
0
0
0
0
0
0
0
0
0
0
0
0
0
0
0
0
0
30065
0
0
0
0
0
0
0
30856
0
0
0
0
0
0
57161
0
0
36175
0
0
0
61244
0
0
0
20566
0
0
0
0
0
0
0
0
0
0
0
0
0
0
0
0
0
0
0
0
0
0
37133
0
0
21862
31998
52432
0
0
0
0
0
30235
59865
53762
0
25930
0
41077
0
0
0
0
26782
0
0
0
0
44655
0
49613
0
0
0
0
0
0
0
0
0
0
0
0
0
31765
0
0
0
50283
20345
0
0
45151
0
0
0
0
0
57479
0
0
0
0
0
0
0
0
0
0
0
0
0
0
0
0
0
0
0
0
0
0
21726
0
0
0
0
0
0
0
0
0
4318
0
0
0
0
0
0
0
0
0
0
20751
0
0
0
0
0
0
0
0
0
0
0
0
0
0
23287
0
0
0
45168
45417
0
0
0
0
0
0
0
0
0
0
0
0
0
0
0
0
0
0
0
0
0
0
0
0
0
0
0
0
0
0
0
0
0
0
0
0
0
0
0
0
0
0
0
0
0
0
0
0
0
0
0
20060
0
0
32875
0
0
0
0
0
0
0
0
0
0
0
0
0
0
0
0
0
0
0
0
0
0
0
0
0
28783
0
0
0
0
0
0
0
0
0
0
0
0
0
0
0
38256
0
60484
0
0
0
0
0
61672
40654
8024
0
56499
14952
21986
0
0
0
0
0
0
0
11931
0
58807
0
0
0
0
0
30949
0
0
0
0
0
0
0
0
0
0
0
0
0
0
0
46940
0
48914
0
0
0
0
0
55449
30558
0
55629
0
0
46918
0
62298
0
0
0
0
0
0
0
61703
35029
0
0
0
0
0
0
0
0
0
0
0
0
0
0
0
0
0
0
0
0
2463
0
0
0
0
0
0
18712
0
0
0
0
0
0
0
0
0
65236
0
0
0
0
0
0
0
0
0
0
0
0
0
50863
0
0
0
0
0
0
0
0
13410
0
0
0
0
0
0
0
0
0
0
0
0
0
0
0
0
0
0
0
0
63911
0
39836
0
0
0
0
0
4478
60909
0
0
0
0
0
0
0
0
0
0
0
0
41894
0
26252
0
0
0
0
0
43000
0
0
0
62102
0
0
0
0
0
0
0
0
0
0
0
0
0
0
0
0
0
0
0
0
4082
32774
0
45753
27392
0
0
0
0
14481
0
0
19257
0
0
0
0
0
5967
0
0
58285
0
0
0
0
0
0
0
0
0
0
0
51114
0
0
0
0
0
0
0
0
0
0
0
0
56315
0
0
0
0
0
0
0
0
0
0
0
0
0
0
0
0
0
0
0
0
0
0
0
0
0
0
0
0
0
0
57352
0
0
0
0
0
0
0
0
0
0
0
0
0
0
0
0
0
0
0
0
0
0
0
0
0
0
0
0
0
0
24759
0
63635
0
39611
0
0
0
0
0
0
0
0
0
0
0
57715
0
0
0
0
0
0
0
0
0
0
0
0
0
0
0
0
0
0
0
0
0
0
0
0
28188
0
0
0
0
0
0
0
44905
0
0
0
0
0
0
61121
0
0
49699
0
0
0
0
0
33203
30967
0
27463
0
0
0
3606
0
0
0
0
0
0
0
0
0
0
0
0
0
0
0
0
27975
0
0
36360
0
0
0
0
0
0
0
17547
0
0
0
0
0
28265
0
0
0
0
0
0
50517
0
0
47527
0
0
0
0
0
0
0
0
0
0
27515
0
0
0
0
0
0
0
36145
0
0
0
0
0
0
0
0
0
0
0
17817
0
0
0
0
0
0
0
0
0
0
0
0
0
0
0
0
0
47759
0
0
0
0
0
0
48711
16106
0
0
0
0
0
0
0
51734
0
0
0
59837
0
0
0
0
24508
0
0
0
0
0
0
42320
0
0
0
0
0
0
0
0
0
0
0
0
0
0
0
0
0
0
0
0
0
0
0
0
0
0
0
0
0
0
0
0
0
0
0
0
0
0
48585
52002
0
0
0
0
0
64042
0
0
0
0
0
0
0
0
0
0
0
0
0
0
0
0
65113
0
0
0
0
0
0
0
52437
18651
0
31986
0
0
0
0
0
0
0
46948
0
0
0
0
0
0
0
0
0
17328
0
0
0
0
0
0
0
0
0
0
0
0
0
0
0
0
0
0
0
0
0
0
0
0
0
0
0
0
0
20728
0
0
0
0
0
0
0
0
0
0
0
0
0
0
0
0
0
0
0
25964
0
0
0
0
0
0
0
0
0
0
0
0
35140
0
0
0
0
0
0
0
0
0
0
0
0
0
0
0
0
0
0
0
0
0
0
0
0
0
1306
0
0
0
0
0
0
0
0
0
0
0
0
0
0
0
0
0
0
0
0
40775
0
0
0
0
0
0
0
0
0
0
0
0
0
0
0
0
41836
0
0
0
0
0
0
0
0
0
0
0
0
0
12498
0
0
2293
23809
0
0
0
0
0
0
0
0
0
0
26645
0
47827
0
42167
0
0
0
0
0
0
0
0
362
0
0
0
0
0
0
0
0
0
0
0
54897
0
0
0
26133
0
0
0
0
0
0
0
16631
0
0
0
0
0
0
0
42755
38264
31294
35005
0
0
0
0
0
0
0
0
0
0
0
0
0
0
0
0
0
0
0
0
0
5360
0
0
0
30534
0
0
0
0
56800
20238
0
0
0
0
0
0
0
0
0
0
0
0
0
0
0
0
0
0
0
0
0
0
0
0
0
6440
0
0
0
0
0
0
0
0
0
0
0
0
0
0
0
0
0
58046
0
0
0
0
0
0
0
0
62527
0
0
0
0
0
0
0
0
0
0
0
57798
0
0
0
0
0
0
0
19221
0
0
0
0
0
0
0
0
0
0
0
0
0
0
8053
0
0
0
0
0
0
602
31554
28400
0
0
0
0
46931
0
0
0
0
0
0
0
0
0
0
0
0
0
0
0
0
29682
0
0
0
0
0
58618
34343
60559
27437
0
28337
0
1160
24549
0
0
0
0
0
0
0
0
0
0
0
0
0
0
0
6795
0
29560
0
0
0
0
0
0
0
0
0
0
0
0
0
0
0
0
0
0
0
0
0
0
0
0
0
0
0
0
0
31640
63623
0
0
0
0
0
0
0
0
0
0
0
0
51055
0
0
0
0
0
0
58857
56825
0
0
0
40125
0
0
0
0
0
0
0
0
0
0
0
0
0
0
0
0
0
0
0
0
0
0
0
0
0
0
0
56743
0
0
0
0
0
0
0
0
0
0
0
0
0
0
0
0
0
0
0
0
0
0
0
0
0
0
0
0
0
0
0
0
0
0
38727
0
0
0
0
0
0
0
0
0
0
0
0
0
0
0
0
0
0
0
0
0
0
0
0
0
0
4089
0
0
0
0
60752
1921
0
0
57077
0
0
45758
0
0
0
0
0
0
0
0
0
0
0
0
20380
0
0
0
0
0
0
0
0
0
0
0
0
0
44214
0
0
0
0
53583
0
0
0
0
0
0
5165
0
0
0
0
16147
0
0
0
0
27534
46649
0
52876
0
0
0
9790
0
0
0
0
0
0
0
0
0
0
0
0
0
0
0
0
0
0
0
0
0
51273
0
0
0
0
0
17437
0
0
0
0
0
0
10696
0
0
6305
0
0
0
0
0
0
0
0
0
0
0
0
0
65173
0
0
0
0
0
0
0
0
0
0
0
0
0
0
0
0
0
24104
0
0
0
0
0
0
0
0
0
8223
0
0
59523
0
0
0
0
0
0
0
0
0
0
0
0
0
0
0
0
0
0
0
0
0
0
0
26366
53768
0
0
0
0
0
0
0
0
0
0
61682
64368
0
0
0
0
63867
0
0
0
0
0
0
0
0
0
0
0
0
0
0
17484
0
0
0
0
0
16836
0
0
0
0
0
0
0
0
21993
20552
8062
0
3445
48390
0
0
0
0
0
0
0
0
0
0
0
0
0
0
0
0
0
0
0
0
0
0
41060
0
0
0
0
0
0
0
0
0
43366
0
0
59991
0
0
0
0
0
0
0
0
0
0
0
0
0
46468
0
0
0
0
0
0
0
0
0
0
0
0
0
0
0
0
0
64984
0
0
0
0
0
0
0
53277
0
0
0
0
5619
0
5406
0
0
0
0
0
45829
0
0
0
0
0
8981
0
0
0
0
0
0
0
0
0
0
0
0
0
0
0
0
0
7567
0
53419
0
0
0
3397
0
0
0
0
0
0
0
0
0
46958
0
0
0
0
45026
0
0
0
0
0
0
0
0
0
0
0
0
0
0
0
0
0
0
52105
29610
0
35178
0
0
0
0
0
0
0
0
0
0
0
0
0
0
0
0
0
0
0
0
0
0
0
12879
57977
0
0
0
0
0
0
0
0
0
0
0
0
0
15012
0
62094
0
0
0
0
0
0
0
0
0
0
0
0
0
31041
0
0
39397
0
0
0
0
0
0
0
0
0
0
0
0
0
0
23468
0
0
0
0
0
0
0
0
0
0
0
0
0
0
0
11415
0
0
0
0
0
27940
0
0
0
0
0
0
0
0
0
29907
0
0
0
0
0
15316
0
0
0
26898
13520
0
0
0
0
0
0
0
0
0
0
0
0
0
6104
38438
38612
0
0
0
0
0
0
0
0
0
0
0
49366
18350
60787
0
0
0
0
0
0
0
0
56782
0
0
0
0
0
0
10813
0
14258
0
0
29358
0
0
0
0
0
0
0
0
0
64606
0
0
0
0
0
0
0
0
0
0
0
0
0
0
0
0
0
13028
0
0
0
0
0
0
0
0
0
38359
0
0
0
32003
0
0
0
0
0
0
0
18147
0
0
0
0
0
13570
0
0
0
0
0
0
0
48846
13506
0
0
0
0
0
0
0
0
0
0
43348
0
0
0
0
0
0
47431
0
0
0
0
0
0
0
0
0
0
0
0
0
0
0
0
0
40242
0
0
0
0
0
0
0
0
0
37651
0
0
0
0
0
0
0
0
0
0
0
0
40060
0
0
0
0
0
0
0
0
0
0
0
0
0
0
0
0
0
0
0
1110
0
0
0
0
0
0
38566
0
0
0
64660
0
0
0
49687
0
45759
40087
0
0
64471
0
0
0
0
0
0
0
0
0
0
0
0
0
0
0
0
0
0
0
0
0
0
0
0
0
0
0
31313
0
55793
0
0
0
0
0
3827
0
0
0
0
0
0
0
0
0
0
0
0
61926
0
32638
0
61543
0
0
0
0
0
0
0
0
0
0
0
0
0
0
62362
0
0
0
0
0
0
0
0
0
0
0
0
0
0
0
0
0
0
0
0
20541
0
0
0
0
0
0
0
17878
0
0
0
0
0
0
0
0
0
0
48021
0
0
7054
0
51727
0
0
0
0
0
45614
0
0
0
0
0
0
0
0
0
0
0
0
0
0
0
0
0
0
31988
0
0
0
0
0
7049
0
0
0
0
0
0
0
0
0
0
0
0
0
0
0
0
0
0
0
0
0
0
0
0
0
0
0
0
0
0
0
0
0
0
0
51265
0
0
0
0
0
0
0
0
7510
0
1848
0
0
0
9427
38855
0
0
0
0
0
0
0
0
0
0
0
0
0
0
0
0
0
0
0
0
0
48802
0
63034
0
0
0
0
0
0
0
0
8870
23083
0
48778
0
0
50097
0
0
0
0
0
0
0
1034
0
0
0
0
0
0
0
0
0
59517
0
0
0
0
0
0
26421
0
0
0
0
0
0
0
0
0
0
0
0
0
0
0
0
62336
0
0
0
0
0
0
0
0
0
0
0
0
0
0
0
6350
0
0
0
0
0
0
0
0
0
0
0
0
43359
0
0
0
0
0
0
0
0
0
0
0
0
0
0
0
0
0
0
0
0
0
0
0
0
0
0
0
0
19230
0
0
0
19196
0
0
0
0
4321
51034
0
0
0
0
0
44747
10513
23860
0
0
0
0
61535
17461
0
0
0
0
55234
0
0
55177
0
0
0
0
0
0
0
0
0
0
0
0
36520
0
0
0
0
0
0
43583
0
0
0
22415
0
0
0
0
0
0
0
0
0
0
0
47688
0
0
13730
0
0
0
0
0
0
0
0
0
0
0
0
0
29014
5575
41295
7341
0
26429
0
54879
0
0
0
0
0
0
0
0
0
0
0
28698
0
0
0
0
0
0
0
0
0
31833
0
0
0
26886
0
39425
0
0
0
0
0
0
0
0
0
0
0
0
50845
0
0
0
0
0
48052
0
0
0
6648
0
0
0
0
0
0
0
0
0
0
0
0
60627
58444
0
0
0
0
0
0
0
0
0
0
0
0
0
0
0
0
0
0
13796
0
0
0
0
0
0
0
0
0
0
0
0
0
12734
0
46257
0
0
0
0
0
0
0
0
0
38273
28504
0
0
0
0
0
0
0
0
0
0
0
0
0
15197
0
60432
0
0
0
0
11130
0
0
54180
0
0
0
0
28283
0
0
0
0
0
0
0
0
11490
0
0
40206
0
0
0
0
0
0
0
0
0
0
0
0
0
0
0
52247
0
0
0
0
25417
0
0
0
0
0
0
0
0
0
0
0
0
48087
0
0
0
0
0
0
16311
0
0
0
0
0
0
47293
0
0
0
0
0
0
0
0
0
17653
0
0
0
0
0
0
0
0
0
8363
50255
0
0
0
0
0
0
39045
56425
0
0
0
0
0
17191
0
0
0
0
0
0
0
0
0
0
0
0
0
0
13936
0
0
0
0
6319
0
0
0
0
0
0
0
0
0
0
0
2533
0
0
0
0
1841
0
0
0
52975
0
57026
60926
0
0
0
18010
30200
0
0
0
0
0
0
0
0
0
0
0
14085
3054
0
0
62206
0
0
0
55174
0
0
577
0
0
17841
0
0
0
0
0
0
0
0
0
0
0
0
0
0
0
0
0
0
0
0
5409
0
0
0
610
0
0
0
0
0
0
0
0
0
0
0
33979
0
0
46622
0
0
0
47888
0
0
0
0
64666
0
0
0
0
0
0
0
3047
0
0
0
0
41530
0
0
0
0
0
0
0
0
0
0
0
0
0
0
0
0
0
0
0
0
0
48581
0
56776
0
31304
0
0
0
0
5287
0
0
0
0
0
0
0
0
0
29194
57698
20442
0
0
8013
0
27098
0
0
0
0
0
0
0
0
0
0
0
0
0
0
47774
0
0
0
0
0
0
0
20625
0
0
0
0
42979
0
0
61186
0
0
0
0
0
0
0
0
0
0
48359
0
0
0
0
0
0
0
15586
0
0
0
0
0
0
22184
25065
0
0
0
0
25970
0
0
0
0
0
0
0
0
15625
0
0
49964
0
0
0
0
0
0
63959
0
0
0
23124
0
0
61028
0
0
0
0
0
0
0
0
0
0
0
0
36544
0
0
0
0
0
0
0
0
0
0
0
0
0
56649
40189
0
43109
0
0
0
0
32772
10328
0
0
0
0
0
0
0
0
0
29052
0
0
0
36228
0
25818
0
44911
0
0
0
0
0
0
0
0
31869
0
0
0
0
0
0
0
0
0
44997
0
0
0
0
0
55984
11062
0
0
0
0
0
0
9447
0
0
0
0
0
0
23062
0
0
0
0
0
0
0
37942
0
0
0
38666
0
48834
0
0
0
0
0
0
0
0
0
45348
0
0
0
0
0
17561
0
0
20089
0
0
0
0
0
0
0
0
37557
7363
0
0
4
0
0
0
0
0
0
31175
16127
40877
0
0
0
0
0
0
0
0
0
0
0
0
0
0
0
0
26262
31896
0
44892
55136
0
0
0
0
0
0
0
0
0
0
0
29910
15849
43662
0
0
0
0
0
0
20650
0
0
51163
34985
55340
62483
36766
0
44532
45639
0
0
0
0
0
16367
0
0
0
0
0
0
0
0
0
0
0
0
43523
0
0
0
0
0
0
0
0
0
0
0
0
0
0
2563
0
0
0
0
0
0
0
0
36231
0
0
0
0
0
0
0
0
0
0
0
0
0
0
6675
44461
0
0
0
0
0
0
0
0
0
0
0
0
0
23254
0
0
26011
0
46571
0
0
0
0
0
0
0
0
0
0
0
8658
0
0
0
0
0
9476
0
0
0
0
0
0
0
59606
37762
0
0
0
0
0
0
0
0
0
0
0
0
0
0
55272
0
0
0
0
0
0
0
0
0
0
0
0
14601
0
0
0
34399
43526
0
0
0
0
0
0
0
0
0
56488
30894
0
0
0
0
22653
0
0
0
0
0
0
0
20343
0
0
0
0
0
42899
0
0
0
0
0
1637
0
0
0
0
0
0
0
0
0
0
0
5095
56278
0
0
6015
39839
1223
0
0
27281
21403
0
27506
4487
64729
0
0
0
0
0
0
0
0
0
0
0
0
0
0
0
34355
0
0
0
0
0
47159
0
33629
35397
0
41399
0
0
0
0
0
13076
0
0
0
0
0
0
0
0
0
0
0
0
0
0
0
0
0
0
0
0
0
0
0
0
0
0
60730
0
0
0
0
0
0
0
53540
0
0
0
0
41243
21892
47575
0
0
0
0
0
0
0
0
0
0
28824
0
0
0
0
0
0
0
0
0
0
0
0
14053
0
63106
0
0
0
0
12809
0
0
0
0
0
10383
0
0
0
0
0
52961
0
0
0
0
27186
0
0
24189
36306
34097
0
0
0
0
0
0
0
0
7800
40867
45125
34851
0
0
0
0
0
0
0
0
0
0
3026
0
0
0
0
0
0
0
0
0
0
0
0
0
0
0
0
0
40147
0
0
0
51313
0
0
0
0
0
0
13035
54810
0
0
14023
9282
0
0
0
0
0
0
0
0
23935
0
0
0
14157
0
0
53280
60583
0
7852
63993
0
0
0
0
0
0
0
0
0
0
35193
0
0
0
0
0
0
0
32658
0
0
49567
38090
0
0
15383
0
29726
56098
27484
38362
0
0
0
0
0
0
0
0
0
0
0
22115
60403
0
0
0
11148
0
0
0
0
0
0
0
0
0
0
0
0
0
0
0
27899
0
0
0
0
0
58330
0
4250
0
42282
0
0
0
32267
30733
0
0
51818
0
0
30722
52169
0
61596
49294
0
0
0
0
0
0
0
0
0
0
0
0
22761
0
0
0
0
20513
0
35877
0
0
20166
55145
0
0
0
0
0
0
0
0
0
0
64746
0
0
0
0
0
0
0
0
1183
56917
0
0
0
0
39976
0
0
0
42738
0
0
42787
44670
7488
0
64665
0
0
23810
0
0
65254
0
0
0
0
0
45812
0
0
0
36677
15048
0
0
0
0
0
0
0
0
0
0
0
0
0
0
0
0
0
0
0
0
0
0
0
0
0
0
0
0
0
0
0
0
0
0
15951
0
0
0
0
0
0
0
20310
0
0
57967
0
0
0
0
0
0
97
0
46662
0
0
9573
0
0
60308
0
0
0
0
0
23199
0
0
0
0
0
0
0
0
0
0
61288
0
0
0
0
29476
12289
38896
63194
0
0
20777
0
0
0
0
0
37755
0
0
0
33041
15687
0
0
0
0
0
7318
0
0
0
0
0
0
10330
0
0
25497
1030
25845
0
0
19527
0
0
0
0
0
12314
0
0
0
0
0
0
0
0
0
11686
0
0
0
0
0
0
0
23312
15042
47072
0
0
0
0
0
0
0
0
0
0
0
0
0
0
0
0
0
0
0
0
0
61266
48599
0
0
0
39509
65527
0
20192
1168
0
0
0
0
0
0
395
0
0
0
31602
0
0
39676
0
0
0
0
0
0
46793
0
0
0
0
0
23781
14746
38354
57261
54922
6435
0
0
0
0
0
0
0
47119
0
62567
0
65271
44468
0
27800
0
0
0
58800
28083
0
17207
0
0
0
0
0
0
62816
0
0
53863
0
41699
0
0
0
3345
0
0
59962
0
61384
0
28356
46251
0
0
0
0
0
0
0
0
23182
0
0
39372
0
0
0
0
13369
0
11592
56660
45256
0
0
0
40004
0
0
19407
28055
0
0
0
0
0
0
0
0
0
54804
0
0
41644
0
0
0
0
36539
29591
65404
26978
20592
0
0
0
0
0
20104
0
0
0
0
48164
0
11289
0
0
0
0
0
0
0
0
25820
0
4539
0
0
0
0
0
0
0
0
0
0
0
0
0
0
0
0
0
0
11856
45465
47007
0
0
0
0
5605
23032
0
0
0
54955
2017
0
0
0
57619
0
0
0
0
0
0
0
0
37019
0
0
0
0
0
0
46921
0
0
459
0
0
13378
50829
0
0
0
0
7729
34396
12357
23010
0
0
0
26926
0
0
60287
28234
0
0
0
0
0
0
0
0
0
0
0
0
0
0
0
0
0
0
0
0
40770
50642
0
0
0
0
0
0
0
22829
0
0
0
0
21196
0
18726
0
0
0
0
0
0
0
0
0
0
0
0
5742
0
0
43525
0
0
46179
55604
0
0
0
13399
0
0
44874
32356
0
0
0
0
0
0
0
0
0
44650
35330
0
0
0
0
0
59842
0
15969
6585
0
0
0
0
0
0
0
0
0
0
0
0
0
20952
0
0
30587
0
0
0
41798
64987
0
0
0
0
0
0
0
64095
64304
0
0
0
0
0
0
0
0
0
39213
0
0
23993
0
0
0
0
34652
0
0
0
0
0
0
37817
54781
57374
0
0
0
0
0
0
0
0
24517
0
0
0
0
31354
58783
0
0
43844
0
0
0
0
9073
0
0
0
225
0
0
0
0
0
0
0
19551
0
0
34457
26728
17428
0
44446
0
0
0
0
0
48383
0
37873
0
0
15273
0
0
0
0
0
0
0
0
0
25136
40342
0
0
0
36754
0
0
54971
58494
0
60123
49957
0
0
62572
0
0
0
0
43268
0
0
0
0
0
40667
24879
54779
0
63427
0
0
33487
385
11880
0
0
0
0
0
53134
0
0
0
16008
0
0
21955
6421
0
0
0
0
0
0
0
22479
53513
44686
0
0
0
0
0
0
0
0
0
13081
0
0
61741
0
0
0
0
0
0
29582
0
0
0
0
24720
48102
0
0
0
0
11215
0
0
0
0
0
0
0
0
0
0
0
0
0
0
0
0
42908
0
0
0
0
0
0
0
37613
0
11081
25218
0
0
0
0
0
0
32440
0
0
0
0
0
0
33347
0
0
40616
0
0
16223
0
33247
0
0
0
0
30597
14830
25001
622
0
0
0
0
25847
0
0
0
0
0
272
0
0
0
54928
45587
31660
0
0
0
41758
0
11813
49731
0
0
0
0
0
0
0
46830
0
0
0
0
0
0
29618
0
0
0
0
0
43911
0
14643
0
0
0
0
0
0
0
0
42644
18197
0
0
16437
0
42589
0
0
682
52409
49620
0
20446
0
0
0
28273
0
0
0
0
0
0
13579
0
54403
0
0
0
0
0
0
0
0
0
0
41689
0
0
0
0
0
0
5258
22509
0
0
0
0
0
0
54801
0
0
0
0
0
0
12911
0
0
0
0
0
0
0
63222
0
0
0
30939
0
30411
0
0
0
0
29832
64102
15779
0
0
56996
0
0
0
2273
0
0
7036
0
14155
0
50359
9978
42924
46147
0
0
55081
0
53553
0
0
0
0
0
0
0
29139
0
0
0
0
53682
0
0
0
61529
22443
12705
0
0
0
33578
0
0
47727
31762
0
10116
0
0
0
0
0
0
0
0
0
0
0
0
0
0
10797
0
0
17888
0
0
0
0
0
0
0
0
0
0
0
10685
17786
28764
0
28065
0
0
15209
0
0
0
39796
13953
0
0
0
0
0
29751
0
0
27699
0
0
3552
0
0
0
0
0
0
45321
34132
0
0
0
0
0
0
62637
0
0
0
33247
0
14567
0
0
34213
0
0
1156
0
0
0
0
1181
0
0
28261
0
0
0
0
0
0
0
0
0
37760
0
0
0
64778
0
56913
0
0
35923
55402
0
0
0
0
0
0
0
0
42967
44932
0
0
0
0
0
0
0
0
63485
1093
0
0
59524
0
0
0
50906
0
0
0
0
46449
0
36028
0
50255
0
0
32886
0
4993
21473
39931
39233
44931
18789
0
56319
51337
5089
0
0
0
0
0
1227
32589
0
0
33313
44742
0
0
30395
0
42390
0
0
0
0
0
0
0
0
0
23107
38402
0
0
0
19378
0
0
0
0
0
0
0
0
0
0
0
0
0
60184
9918
0
0
0
43445
0
56339
0
60874
0
0
45405
0
0
52444
30018
16586
0
0
0
0
0
0
0
0
23987
0
7893
23929
0
0
35282
0
0
0
0
27408
0
43949
2084
62243
0
61883
0
0
0
14153
32274
22292
0
0
0
0
40032
0
0
0
0
0
7190
0
0
0
0
0
0
30311
0
0
16032
0
0
0
0
18944
0
0
0
0
0
0
0
0
0
46515
0
0
0
0
0
23209
0
0
35184
27610
0
38841
14228
0
0
0
0
24240
0
0
0
0
0
0
0
0
0
0
0
0
0
0
0
43339
0
0
0
22941
0
0
0
0
30329
30072
0
64351
0
0
0
0
0
0
0
0
8357
0
0
51315
0
0
25169
0
33595
0
0
0
45064
0
0
0
0
0
0
0
10378
0
0
0
4227
0
32927
0
0
65140
0
43484
31878
0
0
46258
0
0
0
0
27181
0
0
48067
0
0
0
0
56186
0
0
0
0
30446
0
0
0
26940
0
30465
14890
0
0
0
0
0
0
23750
12350
29138
0
0
52811
0
0
18631
0
0
45668
0
32536
13444
39108
32327
0
0
19505
22952
0
0
0
0
64337
0
60395
0
0
33088
0
0
0
41386
0
0
0
0
0
56031
0
0
0
0
0
0
5906
0
0
0
0
0
0
0
0
0
0
0
0
0
0
0
0
10544
0
0
0
0
0
0
19298
0
3012
0
0
0
0
439
0
23837
0
0
0
19084
0
0
4024
61185
0
6068
0
8573
45933
0
2771
0
9593
1210
0
0
40700
0
0
0
0
0
0
0
0
28491
0
0
0
0
20205
0
0
0
0
0
0
45363
11589
13136
0
12811
52366
42662
26284
61180
6434
54315
0
46496
0
0
64338
0
0
0
0
803
0
0
0
0
731
0
15823
0
0
0
55256
0
0
48430
0
0
6433
0
0
0
36236
0
49574
0
0
0
0
0
0
0
0
20965
42939
0
0
0
0
0
48895
0
0
0
0
61729
0
3255
38128
49308
0
0
0
40792
42484
0
0
0
0
10617
19033
0
0
14030
0
16276
24147
0
0
5380
7635
4685
36887
0
0
0
7831
0
0
0
47426
0
34528
0
46650
0
64320
30523
0
0
0
0
0
19018
0
0
1386
809
0
0
0
0
0
43815
0
63004
0
0
34455
16300
34514
39675
0
0
0
0
0
0
0
0
0
0
0
26076
0
36282
0
0
0
0
0
0
50065
35062
37025
60660
0
0
0
2084
0
0
0
0
0
0
0
0
0
62081
26756
0
38821
60051
9795
38147
0
52749
23525
28535
8483
63543
0
37057
51129
0
32095
0
0
0
32045
55572
43538
0
0
0
0
35137
0
0
0
23811
55384
23013
0
0
0
0
0
0
62542
0
0
0
0
0
0
0
0
61119
0
0
0
0
470
0
0
0
58094
0
0
0
0
0
31851
0
0
0
0
0
33910
0
21930
0
0
0
0
0
0
0
43825
0
52200
0
0
0
0
0
0
0
19428
53746
0
0
35393
18943
3817
319
41220
63374
41125
57205
0
29351
17529
43095
0
0
0
4981
6870
41367
0
0
0
49454
59282
12880
0
0
0
0
0
1864
0
0
0
0
0
0
0
46925
0
0
871
0
0
0
0
41063
60830
33165
36653
0
11977
48696
42770
0
0
53188
2915
0
0
15967
0
24262
0
15192
0
29686
0
53721
0
41147
0
0
57890
0
40269
0
0
45367
46292
0
0
18519
0
0
21544
0
0
38472
47239
26473
46375
52809
24679
14745
0
0
0
3675
0
0
0
27905
0
0
0
29079
0
0
61529
0
0
64948
56644
19832
16491
55315
59725
0
61179
19779
0
0
0
0
0
0
55838
0
44190
0
0
2727
0
12871
45432
14965
0
65340
0
0
62762
0
0
0
22932
0
0
0
1973
0
0
0
29473
0
0
51596
0
39461
0
4293
36918
0
0
0
59481
0
0
0
0
0
0
59258
0
0
4767
0
31866
31967
812
10636
0
0
30467
47464
0
26605
39587
0
34001
0
0
0
22689
0
0
35765
0
0
0
0
0
25879
0
0
8083
0
0
39742
0
0
0
0
0
10297
921
0
0
0
0
0
61111
0
0
0
0
0
0
0
0
38748
0
0
61037
16533
0
43506
29361
19785
37057
24952
40
0
28239
0
0
7140
38056
49920
61759
26739
0
0
0
0
0
0
16895
53995
0
0
0
0
0
0
0
42731
0
0
51177
37383
59189
0
0
0
0
0
45599
20955
44186
57991
0
0
37357
21344
0
0
19122
31734
0
13441
59579
0
0
54124
51580
0
0
26758
41747
51473
38979
0
0
0
0
755
24888
0
0
0
37569
11540
17782
9631
33260
0
43891
0
0
62085
52079
15530
62011
0
0
55683
0
0
0
12997
0
0
15458
3146
0
0
26904
57030
56878
24011
20005
43613
45001
37015
39767
65065
0
20766
0
0
0
0
0
48383
0
0
0
0
0
0
4146
0
0
32962
0
22194
0
0
0
0
45595
0
0
0
56141
0
0
7263
42254
18968
0
0
0
0
1359
32159
0
924
38604
14430
319
29011
42979
43245
44350
13269
0
24504
61148
0
0
0
29781
0
0
5873
34729
49103
35577
51379
0
0
0
45479
0
0
0
0
14164
34456
3062
0
53903
0
0
0
0
0
0
0
0
0
42613
13837
0
0
49496
0
0
0
28191
0
0
0
56684
0
0
0
0
0
52707
0
0
0
0
0
10713
0
0
19861
0
26097
43280
18101
55867
0
0
27725
27191
18675
9629
17988
15094
10608
9996
5060
10578
41198
57468
27897
26466
37812
34361
27168
30074
33223
40248
8752
13385
0
0
1458
0
0
0
25522
32831
44281
35425
57895
0
0
0
47094
6104
0
0
0
0
0
35843
29857
19087
0
43263
0
64931
56917
0
36685
44291
0
11551
0
0
1712
5063
55086
0
11553
25088
41382
21795
45226
32194
38737
0
52190
0
0
0
39986
45064
20092
0
26704
0
0
0
15718
0
0
0
27497
0
8442
45876
32683
12784
29220
26496
34564
0
0
38588
18558
49335
32602
0
0
0
0
29400
54770
0
45673
0
0
0
11041
57746
0
23268
0
0
2741
0
0
59526
35042
0
0
30482
0
0
22652
0
44178
28149
51071
33981
13339
45197
30837
27860
36785
24820
0
3597
0
0
21198
0
0
42899
13598
0
42520
0
7759
1252
43585
0
0
0
0
0
0
48360
0
0
31727
22003
0
36488
0
0
35098
0
0
60982
0
0
292
0
29210
25750
0
0
36255
0
27763
0
0
38463
0
22245
0
0
0
0
45280
0
18002
0
11347
0
0
54466
0
48365
42018
47311
54676
8419
0
51415
56339
0
0
0
20661
0
0
2227
0
3187
61700
0
0
62810
0
0
29024
0
0
0
62547
44805
18183
0
0
0
38022
0
0
15521
0
0
860
0
38319
0
0
35109
19454
0
0
55241
0
0
0
46746
0
0
0
49354
21019
0
0
22532
0
0
0
0
0
0
27593
5253
0
0
58579
0
447
12555
47329
0
0
0
11439
0
0
19605
0
0
23333
18880
27098
37261
36738
30635
53907
0
0
0
0
52898
24109
0
29931
38982
13496
0
0
0
10456
0
0
24321
0
0
41514
64285
0
31384
4591
50774
0
0
15904
0
0
21638
24545
19438
60024
0
0
63973
33376
29772
54472
49572
59510
38154
0
0
26917
35054
6428
13009
50159
0
0
0
0
0
0
31453
0
0
2501
32469
30333
0
0
11853
38206
40184
34891
27294
19365
27055
39227
0
0
64757
0
0
0
0
0
13524
42304
59743
0
0
0
25694
0
49886
0
0
9102
0
16733
44574
62335
0
54329
43783
0
0
0
29644
0
0
40527
27793
7307
0
0
0
0
7799
14897
14555
25265
32065
12935
0
15217
37283
35278
27283
21595
0
11804
42143
0
0
0
41589
15886
10166
18719
32758
34489
24667
28611
61371
0
0
55210
25879
4401
5653
2198
5365
29017
33775
9467
30335
0
0
0
0
39470
0
0
0
0
36001
54314
8217
0
10302
35903
0
0
56038
5183
0
0
18155
0
0
0
0
0
0
16333
0
0
1182
0
0
47162
0
55551
8285
0
9740
62636
59987
39599
48980
60674
39386
25448
26983
23141
32441
30492
15378
18148
18132
16640
38680
48322
27657
16269
27625
32820
26181
34651
49672
48608
24365
1119
38789
0
37227
0
0
0
36882
43462
45893
50872
36354
42649
61236
61437
46847
27693
0
0
1581
51541
53529
30067
51316
52990
12193
13947
26929
63254
53040
11017
19913
29476
34272
54658
39997
13001
28447
36632
21348
35444
56431
24195
2042
41493
56013
54147
45736
20757
21309
44863
14419
0
6353
43842
54916
29318
12003
42561
0
0
12920
0
28224
0
64949
35157
522
2614
38864
41961
27357
24308
36474
48969
33844
44147
0
55181
17920
22453
37009
30497
18708
17263
4002
12018
30266
56714
0
3997
0
6640
36455
45501
62298
42596
25382
29646
3526
18545
63931
39608
25822
30587
50308
57773
39325
16558
0
26194
57019
43843
44853
53437
18539
27826
19010
38603
34890
44577
40182
20530
0
11672
62145
0
28351
52037
61770
14485
2943
15915
0
0
0
0
18706
0
65
59066
0
50311
46504
34569
34164
63453
63534
0
0
0
0
48707
0
1218
22447
53964
44005
52648
17114
0
28484
0
28408
0
42476
58430
32363
0
0
31478
18578
13657
22318
63657
0
54491
49181
0
41939
1802
8404
39981
45059
30347
21913
35883
45663
34961
41519
57376
35015
28461
40469
22168
25054
27984
0
445
30241
55622
48901
0
0
32976
39908
8680
54664
64954
0
9878
0
0
0
45173
15410
1301
6016
37339
0
0
0
0
19594
50763
64727
37696
0
16571
48414
52033
0
62359
49743
36738
23207
12651
17931
44824
2388
6300
34679
56474
0
0
33024
25829
7001
17594
27757
0
0
18889
43175
54666
61304
38479
23512
25024
46720
58335
27872
0
5696
29021
0
0
0
41176
26395
35265
27565
162
22441
18875
15511
29806
31382
20972
9641
19676
40691
0
0
57663
40325
41721
0
51869
35419
16909
7890
12348
854
7164
19127
5125
9580
33216
49015
35563
42705
0
45531
7725
28873
0
0
50277
0
0
13980
42114
31536
33833
46509
48134
57593
47445
25464
41746
0
62697
45377
4070
0
28832
32088
18764
9207
17001
37594
47319
44365
53354
0
0
0
35619
0
0
6080
35991
50266
16213
0
0
27617
32307
36172
46265
29702
23099
27618
52561
0
0
41105
0
0
0
0
0
34038
38365
38191
0
0
0
7926
26593
0
0
42588
8765
3013
26011
49230
48392
43268
37444
53000
0
0
0
10756
0
29129
26856
7934
7746
18118
15720
7372
12336
18235
23699
23918
31125
34588
17480
12511
33799
37269
20908
19132
37574
22513
22872
31761
41798
47956
44475
37936
31639
27332
27529
32065
33647
29164
28822
35107
44950
49088
42882
35374
28781
26521
25391
23447
28741
35126
30459
28523
39624
45484
43806
44457
39737
29741
22178
18108
19672
28206
39398
34308
20434
21703
28039
35881
46489
44549
32332
21108
12114
19715
43580
46489
40171
46765
48722
45726
36907
20549
15336
24253
21890
17254
30870
43092
43447
32676
17475
32120
20314
37736
45566
38691
33028
36188
36627
31762
32596
33215
33424
34236
28496
26519
29153
27741
31764
37212
32344
27982
30794
33212
30947
30408
37069
41440
35899
25016
26979
40882
39450
27183
24705
21327
28565
37876
34450
38750
37122
30830
33632
38997
38295
34665
27797
18716
20277
35498
42051
31430
33574
43626
36115
22830
24439
41354
32423
39244
27519
22023
28061
31801
36364
37485
31507
32729
38107
31984
29274
36997
34737
21907
27387
42646
43902
40538
32930
23951
30518
35137
24378
22103
31814
40079
37344
26660
31744
45572
46626
32153
14911
19649
39492
45028
34982
26401
25002
33722
38427
32273
28434
29135
35968
44953
30779
32806
36053
39537
31469
27063
32257
37069
34704
31149
27920
26777
28815
31054
43564
36087
12314
18599
35035
35812
36214
36489
31985
37297
34562
23241
34514
35952
26346
29469
34427
39934
38020
35299
29209
23679
33052
38894
36035
41831
38397
23521
36535
28922
33588
32528
34941
34938
31562
24062
19532
29623
43814
39091
34842
45929
35592
23306
23532
34656
49145
30959
16864
27989
27818
20786
33036
44774
35756
33504
35299
33816
42283
47250
31481
7799
24037
63401
51056
18517
19357
28451
34074
43908
27234
36942
30791
22524
26101
44248
46090
25992
30359
41200
37059
21485
16728
27225
26775
26789
23704
28172
44555
47443
40025
43420
41189
27533
25548
34812
35383
30078
24909
26298
36595
35416
30797
38359
42779
36525
32664
29343
32437
35688
34090
23573
20758
24254
34884
43130
36324
10485
15805
37103
31428
34107
47490
34054
19328
36348
47561
44347
39178
29761
20284
20230
29552
41878
47195
31965
20181
30281
38512
37385
35534
26195
26498
35086
32276
37189
45940
44973
36752
26467
22883
28796
39057
39664
22823
22923
25557
33451
42171
47154
37860
33649
30838
28119
34301
28751
17357
21970
29165
32586
40813
41640
33957
31947
37269
39893
36552
27087
19158
23814
32775
44137
48108
42596
35810
33676
36922
25841
24123
31702
27154
29308
33500
32888
27490
23671
27357
35111
44527
43198
37687
36800
30156
42858
43343
34728
27442
24985
28508
27555
24183
29408
30952
28612
28110
31876
34695
32245
43894
45088
28694
28475
37421
42480
42169
33205
17226
18310
33198
36211
32452
33116
34177
37109
39767
32932
29873
40146
45479
40787
29474
21788
29505
33975
30389
27726
26012
28977
33657
34542
34264
39355
47598
55608
50946
29476
22305
12891
41998
24019
38012
35626
19938
18217
29036
32844
31042
37638
37292
30894
29581
33237
42847
48605
43754
27808
17130
20590
17611
17033
29938
35559
32437
33020
44737
48638
33084
27401
39270
46515
41321
30786
23521
26668
36600
37614
33137
33367
34528
44209
53798
49630
35479
24596
30055
33214
25852
23080
28366
31294
26501
25483
28920
30578
29919
30209
34174
32504
27524
31307
36357
31050
27447
28119
35914
32768
32768
32768
32768
32768
32768
32768
32768
32768
32768
32768
32768
32768
32768
32768
32768
32768
32768
32768
32768
32768
32768
32768
32768
32768
32768
32768
32768
32768
32768
32768
32768
32768
32768
32768
32768
32768
32768
32768
32768
32768
32768
32768
32768
32768
32768
32768
32768
32768
32768
32768
32768
32768
32768
32768
32768
32768
32768
32768
32768
32768
32768
32768
32768
32768
32768
32768
32768
32768
32768
32768
32768
32768
32768
32768
32768
32768
32768
32768
32768
32768
32768
32768
32768
32768
32768
32768
32768
32768
32768
32768
32768
32768
32768
32768
32768
32768
32768
32768
32768
32768
32768
32768
32768
32768
32768
32768
32768
32768
32768
32768
32768
32768
32768
32768
32768
32768
32768
32768
32768
32768
32768
32768
32768
32768
32768
32768
32768
32768
32768
32768
32768
32768
32768
32768
32768
32768
32768
32768
32768
32768
32768
32768
32768
32768
32768
32768
32768
32768
32768
32768
32768
32768
32768
32768
32768
32768
32768
32768
32768
32768
32768
32768
32768
32768
32768
32768
32768
32768
32768
32768
32768
32768
32768
32768
32768
32768
32768
32768
32768
32768
32768
32768
32768
32768
32768
32768
32768
32768
32768
32768
32768
32768
32768
32768
32768
32768
32768
32768
32768
32768
32768
32768
32768
32768
32768
32768
32768
32768
32768
32768
32768
32768
32768
32768
32768
32768
32768
32768
32768
32768
32768
32768
32768
32768
32768
32768
32768
32768
32768
32768
32768
32768
32768
32768
32768
32768
32768
32768
32768
32768
32768
32768
32768
32768
32768
32768
32768
32768
32768
32768
32768
32768
32768
32768
32768
32768
32768
32768
32768
32768
32768
32768
32768
32768
32768
32768
32768
32768
32768
32768
32768
32768
32768
32768
32768
32768
32768
32768
32768
32768
32768
32768
32768
32768
32768
32768
32768
32768
32768
32768
32768
32768
32768
32768
32768
32768
32768
32768
32768
32768
32768
32768
32768
32768
32768
32768
32768
32768
32768
32768
32768
32768
32768
32768
32768
32768
32768
32768
32768
32768
32768
32768
32768
32768
32768
32768
32768
32768
32768
32768
32768
32768
32768
32768
32768
32768
32768
32768
32768
32768
32768
32768
32768
32768
32768
32768
32768
32768
32768
32768
32768
32768
32768
32768
32768
32768
32768
32768
32768
32768
32768
32768
32768
32768
32768
32768
32768
32768
32768
32768
32768
32768
32768
32768
32768
32768
32768
32768
32768
32768
32768
32768
32768
32768
32768
32768
32768
32768
32768
32768
32768
32768
32768
32768
32768
32768
32768
32768
32768
32768
32768
32768
32768
32768
32768
32768
32768
32768
32768
32768
32768
32768
32768
32768
32768
32768
32768
32768
32768
32768
32768
32768
32768
32768
32768
32768
32768
32768
32768
32768
32768
32768
32768
32768
32768
32768
32768
32768
32768
32768
32768
32768
32768
32768
32768
32768
32768
32768
32768
32768
32768
32768
32768
32768
32768
32768
32768
32768
32768
32768
32768
32768
32768
32768
32768
32768
32768
32768
32768
32768
32768
32768
32768
32768
32768
32768
32768
32768
32768
32768
32768
32768
32768
32768
32768
32768
32768
32768
32768
32768
32768
32768
32768
32768
32768
32768
32768
32768
32768
32768
32768
32768
32768
32768
32768
32768
32768
32768
32768
32768
32768
32768
32768
32768
32768
32768
32768
32768
32768
32768
32768
32768
32768
32768
32768
32768
32768
32768
32768
32768
32768
32768
32768
32768
32768
32768
32768
32768
32768
32768
32768
32768
32768
32768
32768
32768
32768
32768
32768
32768
32768
32768
32768
32768
32768
32768
32768
32768
32768
32768
32768
32768
32768
32768
32768
32768
32768
32768
32768
32768
32768
32768
32768
32768
32768
32768
32768
32768
32768
32768
32768
32768
32768
32768
32768
32768
32768
32768
32768
32768
32768
32768
32768
32768
32768
32768
32768
32768
32768
32768
32768
32768
32768
32768
32768
32768
32768
32768
32768
32768
32768
32768
32768
32768
32768
32768
32768
32768
32768
32768
32768
32768
32768
32768
32768
32768
32768
32768
32768
32768
32768
32768
32768
32768
32768
32768
32768
32768
32768
32768
32768
32768
32768
32768
32768
32768
32768
32768
32768
32768
32768
32768
32768
32768
32768
32768
32768
32768
32768
32768
32768
32768
32768
32768
32768
32768
32768
32768
32768
32768
32768
32768
32768
32768
32768
32768
32768
32768
32768
32768
32768
32768
32768
32768
32768
32768
32768
32768
32768
32768
32768
32768
32768
32768
32768
32768
32768
32768
32768
32768
32768
32768
32768
32768
32768
32768
32768
32768
32768
32768
32768
32768
32768
32768
32768
32768
32768
32768
32768
32768
32768
32768
32768
32768
32768
32768
32768
32768
32768
32768
32768
32768
32768
32768
32768
32768
32768
32768
32768
32768
32768
32768
32768
32768
32768
32768
32768
32768
32768
32768
32768
32768
32768
32768
32768
32768
32768
32768
32768
32768
32768
32768
32768
32768
32768
32768
32768
32768
32768
32768
32768
32768
32768
32768
32768
32768
32768
32768
32768
32768
32768
32768
32768
32768
32768
32768
32768
32768
32768
32768
32768
32768
32768
32768
32768
32768
32768
32768
32768
32768
32768
32768
32768
32768
32768
32768
32768
32768
32768
32768
32768
32768
32768
32768
32768
32768
32768
32768
32768
32768
32768
32768
32768
32768
32768
32768
32768
32768
32768
32768
32768
32768
32768
32768
32768
32768
32768
32768
32768
32768
32768
32768
32768
32768
32768
32768
32768
32768
32768
32768
32768
32768
32768
32768
32768
32768
32768
32768
32768
32768
32768
32768
32768
32768
32768
32768
32768
32768
32768
32768
32768
32768
32768
32768
32768
32768
32768
32768
32768
32768
32768
32768
32768
32768
32768
32768
32768
32768
32768
32768
32768
32768
32768
32768
32768
32768
32768
32768
32768
32768
32768
32768
32768
32768
32768
32768
32768
32768
32768
32768
32768
32768
32768
32768
32768
32768
32768
32768
32768
32768
32768
32768
32768
32768
32768
32768
32768
32768
32768
32768
32768
32768
32768
32768
32768
32768
32768
32768
32768
32768
32768
32768
32768
32768
32768
32768
32768
32768
32768
32768
32768
32768
32768
32768
32768
32768
32768
32768
32768
32768
32768
32768
32768
32768
32768
32768
32768
32768
32768
32768
32768
32768
32768
32768
32768
32768
32768
32768
32768
32768
32768
32768
32768
32768
32768
32768
32768
32768
32768
32768
32768
32768
32768
32768
32768
32768
32768
32768
32768
32768
32768
32768
32768
32768
32768
32768
32768
32768
32768
32768
32768
32768
32768
32768
32768
32768
32768
32768
32768
32768
32768
32768
32768
32768
32768
32768
32768
32768
32768
32768
32768
32768
32768
32768
32768
32768
32768
32768
32768
32768
32768
32768
32768
32768
32768
32768
32768
32768
32768
32768
32768
32768
32768
32768
32768
32768
32768
32768
32768
32768
32768
32768
32768
32768
32768
32768
32768
32768
32768
32768
32768
32768
32768
32768
32768
32768
32768
32768
32768
32768
32768
32768
32768
32768
32768
32768
32768
32768
32768
32768
32768
32768
32768
32768
32768
32768
32768
32768
32768
32768
32768
32768
32768
32768
32768
32768
32768
32768
32768
32768
32768
32768
32768
32768
32768
32768
32768
32768
32768
32768
32768
32768
32768
32768
32768
32768
32768
32768
32768
32768
32768
32768
32768
32768
32768
32768
32768
32768
32768
32768
32768
32768
32768
32768
32768
32768
32768
32768
32768
32768
32768
32768
32768
32768
32768
32768
32768
32768
32768
32768
32768
32768
32768
32768
32768
32768
32768
32768
32768
32768
32768
32768
32768
32768
32768
32768
32768
32768
32768
32768
32768
32768
32768
32768
32768
32768
32768
32768
32768
32768
32768
32768
32768
32768
32768
32768
32768
32768
32768
32768
32768
32768
32768
32768
32768
32768
32768
32768
32768
32768
32768
32768
32768
32768
32768
32768
32768
32768
32768
32768
32768
32768
32768
32768
32768
32768
32768
32768
32768
32768
32768
32768
32768
32768
32768
32768
32768
32768
32768
32768
32768
32768
32768
32768
32768
32768
32768
32768
32768
32768
32768
32768
32768
32768
32768
32768
32768
32768
32768
32768
32768
32768
32768
32768
32768
32768
32768
32768
32768
32768
32768
32768
32768
32768
32768
32768
32768
32768
32768
32768
32768
32768
32768
32768
32768
32768
32768
32768
32768
32768
32768
32768
32768
32768
32768
32768
32768
32768
32768
32768
32768
32768
32768
32768
32768
32768
32768
32768
32768
32768
32768
32768
32768
32768
32768
32768
32768
32768
32768
32768
32768
32768
32768
32768
32768
32768
32768
32768
32768
32768
32768
32768
32768
32768
32768
32768
32768
32768
32768
32768
32768
32768
32768
32768
32768
32768
32768
32768
32768
32768
32768
32768
32768
32768
32768
32768
32768
32768
32768
32768
32768
32768
32768
32768
32768
32768
32768
32768
32768
32768
32768
32768
32768
32768
32768
32768
32768
32768
32768
32768
32768
32768
32768
32768
32768
32768
32768
32768
32768
32768
32768
32768
32768
32768
32768
32768
32768
32768
32768
32768
32768
32768
32768
32768
32768
32768
32768
32768
32768
32768
32768
32768
32768
32768
32768
32768
32768
32768
32768
32768
32768
32768
32768
32768
32768
32768
32768
32768
32768
32768
32768
32768
32768
32768
32768
32768
32768
32768
32768
32768
32768
32768
32768
32768
32768
32768
32768
32768
32768
32768
32768
32768
32768
32768
32768
32768
32768
32768
32768
32768
32768
32768
32768
32768
32768
32768
32768
32768
32768
32768
32768
32768
32768
32768
32768
32768
32768
32768
32768
32768
32768
32768
32768
32768
32768
32768
32768
32768
32768
32768
32768
32768
32768
32768
32768
32768
32768
32768
32768
32768
32768
32768
32768
32768
32768
32768
32768
32768
32768
32768
32768
32768
32768
32768
32768
32768
32768
32768
32768
32768
32768
32768
32768
32768
32768
32768
32768
32768
32768
32768
32768
32768
32768
32768
32768
32768
32768
32768
32768
32768
32768
32768
32768
32768
32768
32768
32768
32768
32768
32768
32768
32768
32768
32768
32768
32768
32768
32768
32768
32768
32768
32768
32768
32768
32768
32768
32768
32768
32768
32768
32768
32768
32768
32768
32768
32768
32768
32768
32768
32768
32768
32768
32768
32768
32768
32768
32768
32768
32768
32768
32768
32768
32768
32768
32768
32768
32768
32768
32768
32768
32768
32768
32768
32768
32768
32768
32768
32768
32768
32768
32768
32768
32768
32768
32768
32768
32768
32768
32768
32768
32768
32768
32768
32768
32768
32768
32768
32768
32768
32768
32768
32768
32768
32768
32768
32768
32768
32768
32768
32768
32768
32768
32768
32768
32768
32768
32768
32768
32768
32768
32768
32768
32768
32768
32768
32768
32768
32768
32768
32768
32768
32768
32768
32768
32768
32768
32768
32768
32768
32768
32768
32768
32768
32768
32768
32768
32768
32768
32768
32768
32768
32768
32768
32768
32768
32768
32768
32768
32768
32768
32768
32768
32768
32768
32768
32768
32768
32768
32768
32768
32768
32768
32768
32768
32768
32768
32768
32768
32768
32768
32768
32768
32768
32768
32768
32768
32768
32768
32768
32768
32768
32768
32768
32768
32768
32768
32768
32768
32768
32768
32768
32768
32768
32768
32768
32768
32768
32768
32768
32768
32768
32768
32768
32768
32768
32768
32768
32768
32768
32768
32768
32768
32768
32768
32768
32768
32768
32768
32768
32768
32768
32768
32768
32768
32768
32768
32768
32768
32768
32768
32768
32768
32768
32768
32768
32768
32768
32768
32768
32768
32768
32768
32768
32768
32768
32768
32768
32768
32768
32768
32768
32768
32768
32768
32768
32768
32768
32768
32768
32768
32768
32768
32768
32768
32768
32768
32768
32768
32768
32768
32768
32768
32768
32768
32768
32768
32768
32768
32768
32768
32768
32768
32768
32768
32768
32768
32768
32768
32768
32768
32768
32768
32768
32768
32768
32768
32768
32768
32768
32768
32768
32768
32768
32768
32768
32768
32768
32768
32768
32768
32768
32768
32768
32768
32768
32768
32768
32768
32768
32768
32768
32768
32768
32768
32768
32768
32768
32768
32768
32768
32768
32768
32768
32768
32768
32768
32768
32768
32768
32768
32768
32768
32768
32768
32768
32768
32768
32768
32768
32768
32768
32768
32768
32768
32768
32768
32768
32768
32768
32768
32768
32768
32768
32768
32768
32768
32768
32768
32768
32768
32768
32768
32768
32768
32768
32768
32768
32768
32768
32768
32768
32768
32768
32768
32768
32768
32768
32768
32768
32768
32768
32768
32768
32768
32768
32768
32768
32768
32768
32768
32768
32768
32768
32768
32768
32768
32768
32768
32768
32768
32768
32768
32768
32768
32768
32768
32768
32768
32768
32768
32768
32768
32768
32768
32768
32768
32768
32768
32768
32768
32768
32768
32768
32768
32768
32768
32768
32768
32768
32768
32768
32768
32768
32768
32768
32768
32768
32768
32768
32768
32768
32768
32768
32768
32768
32768
32768
32768
32768
32768
32768
32768
32768
32768
32768
32768
32768
32768
32768
32768
32768
32768
32768
32768
32768
32768
32768
32768
32768
32768
32768
32768
32768
32768
32768
32768
32768
32768
32768
32768
32768
32768
32768
32768
32768
32768
32768
32768
32768
32768
32768
32768
32768
32768
32768
32768
32768
32768
32768
32768
32768
32768
32768
32768
32768
32768
32768
32768
32768
32768
32768
32768
32768
32768
32768
32768
32768
32768
32768
32768
32768
32768
32768
32768
32768
32768
32768
32768
32768
32768
32768
32768
32768
32768
32768
32768
32768
32768
32768
32768
32768
32768
32768
32768
32768
32768
32768
32768
32768
32768
32768
32768
32768
32768
32768
32768
32768
32768
32768
32768
32768
32768
32768
32768
32768
32768
32768
32768
32768
32768
32768
32768
32768
32768
32768
32768
32768
32768
32768
32768
32768
32768
32768
32768
32768
32768
32768
32768
32768
32768
32768
32768
32768
32768
32768
32768
32768
32768
32768
32768
32768
32768
32768
32768
32768
32768
32768
32768
32768
32768
32768
32768
32768
32768
32768
32768
32768
32768
32768
32768
32768
32768
32768
32768
32768
32768
32768
32768
32768
32768
32768
32768
32768
32768
32768
32768
32768
32768
32768
32768
32768
32768
32768
32768
32768
32768
32768
32768
32768
32768
32768
32768
32768
32768
32768
32768
32768
32768
32768
32768
32768
32768
32768
32768
32768
32768
32768
32768
32768
32768
32768
32768
32768
32768
32768
32768
32768
32768
32768
32768
32768
32768
32768
32768
32768
32768
32768
32768
32768
32768
32768
32768
32768
32768
32768
32768
32768
32768
32768
32768
32768
32768
32768
32768
32768
32768
32768
32768
32768
32768
32768
32768
32768
32768
32768
32768
32768
32768
32768
32768
32768
32768
32768
32768
32768
32768
32768
32768
32768
32768
32768
32768
32768
32768
32768
32768
32768
32768
32768
32768
32768
32768
32768
32768
32768
32768
32768
32768
32768
32768
32768
32768
32768
32768
32768
32768
32768
32768
32768
32768
32768
32768
32768
32768
32768
32768
32768
32768
32768
32768
32768
32768
32768
32768
32768
32768
32768
32768
32768
32768
32768
32768
32768
32768
32768
32768
32768
32768
32768
32768
32768
32768
32768
32768
32768
32768
32768
32768
32768
32768
32768
32768
32768
32768
32768
32768
32768
32768
32768
32768
32768
32768
32768
32768
32768
32768
32768
32768
32768
32768
32768
32768
32768
32768
32768
32768
32768
32768
32768
32768
32768
32768
32768
32768
32768
32768
32768
32768
32768
32768
32768
32768
32768
32768
32768
32768
32768
32768
32768
32768
32768
32768
32768
32768
32768
32768
32768
32768
32768
32768
32768
32768
32768
32768
32768
32768
32768
32768
32768
32768
32768
32768
32768
32768
32768
32768
32768
32768
32768
32768
32768
32768
32768
32768
32768
32768
32768
32768
32768
32768
32768
32768
32768
32768
32768
32768
32768
32768
32768
32768
32768
32768
32768
32768
32768
32768
32768
32768
32768
32768
32768
32768
32768
32768
32768
32768
32768
32768
32768
32768
32768
32768
32768
32768
32768
32768
32768
32768
32768
32768
32768
32768
32768
32768
32768
32768
32768
32768
32768
32768
32768
32768
32768
32768
32768
32768
32768
32768
32768
32768
32768
32768
32768
32768
32768
32768
32768
32768
32768
32768
32768
32768
32768
32768
32768
32768
32768
32768
32768
32768
32768
32768
32768
32768
32768
32768
32768
32768
32768
32768
32768
32768
32768
32768
32768
32768
32768
32768
32768
32768
32768
32768
32768
32768
32768
32768
32768
32768
32768
32768
32768
32768
32768
32768
32768
32768
32768
32768
32768
32768
32768
32768
32768
32768
32768
32768
32768
32768
32768
32768
32768
32768
32768
32768
32768
32768
32768
32768
32768
32768
32768
32768
32768
32768
32768
32768
32768
32768
32768
32768
32768
32768
32768
32768
32768
32768
32768
32768
32768
32768
32768
32768
32768
32768
32768
32768
32768
32768
32768
32768
32768
32768
32768
32768
32768
32768
32768
32768
32768
32768
32768
32768
32768
32768
32768
32768
32768
32768
32768
32768
32768
32768
32768
32768
32768
32768
32768
32768
32768
32768
32768
32768
32768
32768
32768
32768
32768
32768
32768
32768
32768
32768
32768
32768
32768
32768
32768
32768
32768
32768
32768
32768
32768
32768
32768
32768
32768
32768
32768
32768
32768
32768
32768
32768
32768
32768
32768
32768
32768
32768
32768
32768
32768
32768
32768
32768
32768
32768
32768
32768
32768
32768
32768
32768
32768
32768
32768
32768
32768
32768
32768
32768
32768
32768
32768
32768
32768
32768
32768
32768
32768
32768
32768
32768
32768
32768
32768
32768
32768
32768
32768
32768
32768
32768
32768
32768
32768
32768
32768
32768
32768
32768
32768
32768
32768
32768
32768
32768
32768
32768
32768
32768
32768
32768
32768
32768
32768
32768
32768
32768
32768
32768
32768
32768
32768
32768
32768
32768
32768
32768
32768
32768
32768
32768
32768
32768
32768
32768
32768
32768
32768
32768
32768
32768
32768
32768
32768
32768
32768
32768
32768
32768
32768
32768
32768
32768
32768
32768
32768
32768
32768
32768
32768
32768
32768
32768
32768
32768
32768
32768
32768
32768
32768
32768
32768
32768
32768
32768
32768
32768
32768
32768
32768
32768
32768
32768
32768
32768
32768
32768
32768
32768
32768
32768
32768
32768
32768
32768
32768
32768
32768
32768
32768
32768
32768
32768
32768
32768
32768
32768
32768
32768
32768
32768
32768
32768
32768
32768
32768
32768
32768
32768
32768
32768
32768
32768
32768
32768
32768
32768
32768
32768
32768
32768
32768
32768
32768
32768
32768
32768
32768
32768
32768
32768
32768
32768
32768
32768
32768
32768
32768
32768
32768
32768
32768
32768
32768
32768
32768
32768
32768
32768
32768
32768
32768
32768
32768
32768
32768
32768
32768
32768
32768
32768
32768
32768
32768
32768
32768
32768
32768
32768
32768
32768
32768
32768
32768
32768
32768
32768
32768
32768
32768
32768
32768
32768
32768
32768
32768
32768
32768
32768
32768
32768
32768
32768
32768
32768
32768
32768
32768
32768
32768
32768
32768
32768
32768
32768
32768
32768
32768
32768
32768
32768
32768
32768
32768
32768
32768
32768
32768
32768
32768
32768
32768
32768
32768
32768
32768
32768
32768
32768
32768
32768
32768
32768
32768
32768
32768
32768
32768
32768
32768
32768
32768
32768
32768
32768
32768
32768
32768
32768
32768
32768
32768
32768
32768
32768
32768
32768
32768
32768
32768
32768
32768
32768
32768
32768
32768
32768
32768
32768
32768
32768
32768
32768
32768
32768
32768
32768
32768
32768
32768
32768
32768
32768
32768
32768
32768
32768
32768
32768
32768
32768
32768
32768
32768
32768
32768
32768
32768
32768
32768
32768
32768
32768
32768
32768
32768
32768
32768
32768
32768
32768
32768
32768
32768
32768
32768
32768
32768
32768
32768
32768
32768
32768
32768
32768
32768
32768
32768
32768
32768
32768
32768
32768
32768
32768
32768
32768
32768
32768
32768
32768
32768
32768
32768
32768
32768
32768
32768
32768
32768
32768
32768
32768
32768
32768
32768
32768
32768
32768
32768
32768
32768
32768
32768
32768
32768
32768
32768
32768
32768
32768
32768
32768
32768
32768
32768
32768
32768
32768
32768
32768
32768
32768
32768
32768
32768
32768
32768
32768
32768
32768
32768
32768
32768
32768
32768
32768
32768
32768
32768
32768
32768
32768
32768
32768
32768
32768
32768
32768
32768
32768
32768
32768
32768
32768
32768
32768
32768
32768
32768
32768
32768
32768
32768
32768
32768
32768
32768
32768
32768
32768
32768
32768
32768
32768
32768
32768
32768
32768
32768
32768
32768
32768
32768
32768
32768
32768
32768
32768
32768
32768
32768
32768
32768
32768
32768
32768
32768
32768
32768
32768
32768
32768
32768
32768
32768
32768
32768
32768
32768
32768
32768
32768
32768
32768
32768
32768
32768
32768
32768
32768
32768
32768
32768
32768
32768
32768
32768
32768
32768
32768
32768
32768
32768
32768
32768
32768
32768
32768
32768
32768
32768
32768
32768
32768
32768
32768
32768
32768
32768
32768
32768
32768
32768
32768
32768
32768
32768
32768
32768
32768
32768
32768
32768
32768
32768
32768
32768
32768
32768
32768
32768
32768
32768
32768
32768
32768
32768
32768
32768
32768
32768
32768
32768
32768
32768
32768
32768
32768
32768
32768
32768
32768
32768
32768
32768
32768
32768
32768
32768
32768
32768
32768
32768
32768
32768
32768
32768
32768
32768
32768
32768
32768
32768
32768
32768
32768
32768
32768
32768
32768
32768
32768
32768
32768
32768
32768
32768
32768
32768
32768
32768
32768
32768
32768
32768
32768
32768
32768
32768
32768
32768
32768
32768
32768
32768
32768
32768
32768
32768
32768
32768
32768
32768
32768
32768
32768
32768
32768
32768
32768
32768
32768
32768
32768
32768
32768
32768
32768
32768
32768
32768
32768
32768
32768
32768
32768
32768
32768
32768
32768
32768
32768
32768
32768
32768
32768
32768
32768
32768
32768
32768
32768
32768
32768
32768
32768
32768
32768
32768
32768
32768
32768
32768
32768
32768
32768
32768
32768
32768
32768
32768
32768
32768
32768
32768
32768
32768
32768
32768
32768
32768
32768
32768
32768
32768
32768
32768
32768
32768
32768
32768
32768
32768
32768
32768
32768
32768
32768
32768
32768
32768
32768
32768
32768
32768
32768
32768
32768
32768
32768
32768
32768
32768
32768
32768
32768
32768
32768
32768
32768
32768
32768
32768
32768
32768
32768
32768
32768
32768
32768
32768
32768
32768
32768
32768
32768
32768
32768
32768
32768
32768
32768
32768
32768
32768
32768
32768
32768
32768
32768
32768
32768
32768
32768
32768
32768
32768
32768
32768
32768
32768
32768
32768
32768
32768
32768
32768
32768
32768
32768
32768
32768
32768
32768
32768
32768
32768
32768
32768
32768
32768
32768
32768
32768
32768
32768
32768
32768
32768
32768
32768
32768
32768
32768
32768
32768
32768
32768
32768
32768
32768
32768
32768
32768
32768
32768
32768
32768
32768
32768
32768
32768
32768
32768
32768
32768
32768
32768
32768
32768
32768
32768
32768
32768
32768
32768
32768
32768
32768
32768
32768
32768
32768
32768
32768
32768
32768
32768
32768
32768
32768
32768
32768
32768
32768
32768
32768
32768
32768
32768
32768
32768
32768
32768
32768
32768
32768
32768
32768
32768
32768
32768
32768
32768
32768
32768
32768
32768
32768
32768
32768
32768
32768
32768
32768
32768
32768
32768
32768
32768
32768
32768
32768
32768
32768
32768
32768
32768
32768
32768
32768
32768
32768
32768
32768
32768
32768
32768
32768
32768
32768
32768
32768
32768
32768
32768
32768
32768
32768
32768
32768
32768
32768
32768
32768
32768
32768
32768
32768
32768
32768
32768
32768
32768
32768
32768
32768
32768
32768
32768
32768
32768
32768
32768
32768
32768
32768
32768
32768
32768
32768
32768
32768
32768
32768
32768
32768
32768
32768
32768
32768
32768
32768
32768
32768
32768
32768
32768
32768
32768
32768
32768
32768
32768
32768
32768
32768
32768
32768
32768
32768
32768
32768
32768
32768
32768
32768
32768
32768
32768
32768
32768
32768
32768
32768
32768
32768
32768
32768
32768
32768
32768
32768
32768
32768
32768
32768
32768
32768
32768
32768
32768
32768
32768
32768
32768
32768
32768
32768
32768
32768
32768
32768
32768
32768
32768
32768
32768
32768
32768
32768
32768
32768
32768
32768
32768
32768
32768
32768
32768
32768
32768
32768
32768
32768
32768
32768
32768
32768
32768
32768
32768
32768
32768
32768
32768
32768
32768
32768
32768
32768
32768
32768
32768
32768
32768
32768
32768
32768
32768
32768
32768
32768
32768
32768
32768
32768
32768
32768
32768
32768
32768
32768
32768
32768
32768
32768
32768
32768
32768
32768
32768
32768
32768
32768
32768
32768
32768
32768
32768
32768
32768
32768
32768
32768
32768
32768
32768
32768
32768
32768
32768
32768
32768
32768
32768
32768
32768
32768
32768
32768
32768
32768
32768
32768
32768
32768
32768
32768
32768
32768
32768
32768
32768
32768
32768
32768
32768
32768
32768
32768
32768
32768
32768
32768
32768
32768
32768
32768
32768
32768
32768
32768
32768
32768
32768
32768
32768
32768
32768
32768
32768
32768
32768
32768
32768
32768
32768
32768
32768
32768
32768
32768
32768
32768
32768
32768
32768
32768
32768
32768
32768
32768
32768
32768
32768
32768
32768
32768
32768
32768
32768
32768
32768
32768
32768
32768
32768
32768
32768
32768
32768
32768
32768
32768
32768
32768
32768
32768
32768
32768
32768
32768
32768
32768
32768
32768
32768
32768
32768
32768
32768
32768
32768
32768
32768
32768
32768
32768
32768
32768
32768
32768
32768
32768
32768
32768
32768
32768
32768
32768
32768
32768
32768
32768
32768
32768
32768
32768
32768
32768
32768
32768
32768
32768
32768
32768
32768
32768
32768
32768
32768
32768
32768
32768
32768
32768
32768
32768
32768
32768
32768
32768
32768
32768
32768
32768
32768
32768
32768
32768
32768
32768
32768
32768
32768
32768
32768
32768
32768
32768
32768
32768
32768
32768
32768
32768
32768
32768
32768
32768
32768
32768
32768
32768
32768
32768
32768
32768
32768
32768
32768
32768
32768
32768
32768
32768
32768
32768
32768
32768
32768
32768
32768
32768
32768
32768
32768
32768
32768
32768
32768
32768
32768
32768
32768
32768
32768
32768
32768
32768
32768
32768
32768
32768
32768
32768
32768
32768
32768
32768
32768
32768
32768
32768
32768
32768
32768
32768
32768
32768
32768
32768
32768
32768
32768
32768
32768
32768
32768
32768
32768
32768
32768
32768
32768
32768
32768
32768
32768
32768
32768
32768
32768
32768
32768
32768
32768
32768
32768
32768
32768
32768
32768
32768
32768
32768
32768
32768
32768
32768
32768
32768
32768
32768
32768
32768
32768
32768
32768
32768
32768
32768
32768
32768
32768
32768
32768
32768
32768
32768
compression time = 0.010610
compressed data file: inputdata/dpot.dat.sz
